2020-08-13 20:30:10.931 [main] INFO  [org.springframework.context.support.PostProcessorRegistrationDelegate$BeanPostProcessorChecker:335] [,] - Bean 'org.springframework.cloud.autoconfigure.ConfigurationPropertiesRebinderAutoConfiguration' of type [org.springframework.cloud.autoconfigure.ConfigurationPropertiesRebinderAutoConfiguration] is not eligible for getting processed by all BeanPostProcessors (for example: not eligible for auto-proxying)
2020-08-13 20:30:11.904 [main] INFO  [org.springframework.cloud.config.client.ConfigServicePropertySourceLocator:241] [,] - Fetching config from server at : http://localhost:8000
2020-08-13 20:30:12.911 [main] INFO  [org.springframework.cloud.config.client.ConfigServicePropertySourceLocator:159] [,] - Located environment: name=course, profiles=[dev], label=null, version=null, state=null
2020-08-13 20:30:12.912 [main] INFO  [org.springframework.cloud.bootstrap.config.PropertySourceBootstrapConfiguration:102] [,] - Located property source: OriginTrackedCompositePropertySource {name='configService', propertySources=[OriginTrackedMapPropertySource {name='classpath:/configs/course-dev.properties'}]}
2020-08-13 20:30:13.041 [main] INFO  [com.swust.homepage.HomepageCourseApplication:651] [,] - No active profile set, falling back to default profiles: default
2020-08-13 20:30:14.444 [main] INFO  [org.springframework.cloud.context.scope.GenericScope:295] [,] - BeanFactory id=a98863c4-5ffc-39d6-97c6-c41a778b4445
2020-08-13 20:30:14.804 [main] INFO  [org.springframework.context.support.PostProcessorRegistrationDelegate$BeanPostProcessorChecker:335] [,] - Bean 'org.springframework.cloud.autoconfigure.ConfigurationPropertiesRebinderAutoConfiguration' of type [org.springframework.cloud.autoconfigure.ConfigurationPropertiesRebinderAutoConfiguration] is not eligible for getting processed by all BeanPostProcessors (for example: not eligible for auto-proxying)
2020-08-13 20:30:15.359 [main] INFO  [org.springframework.boot.web.embedded.tomcat.TomcatWebServer:108] [,] - Tomcat initialized with port(s): 8001 (http)
2020-08-13 20:30:15.374 [main] INFO  [org.apache.coyote.http11.Http11NioProtocol:173] [,] - Initializing ProtocolHandler ["http-nio-8001"]
2020-08-13 20:30:15.374 [main] INFO  [org.apache.catalina.core.StandardService:173] [,] - Starting service [Tomcat]
2020-08-13 20:30:15.375 [main] INFO  [org.apache.catalina.core.StandardEngine:173] [,] - Starting Servlet engine: [Apache Tomcat/9.0.37]
2020-08-13 20:30:15.718 [main] INFO  [org.apache.catalina.core.ContainerBase.[Tomcat].[localhost].[/homepage-course]:173] [,] - Initializing Spring embedded WebApplicationContext
2020-08-13 20:30:15.718 [main] INFO  [org.springframework.boot.web.servlet.context.ServletWebServerApplicationContext:285] [,] - Root WebApplicationContext: initialization completed in 2659 ms
2020-08-13 20:30:16.868 [main] WARN  [org.springframework.cloud.sleuth.zipkin2.ZipkinAutoConfiguration:114] [,] - Check result of the [AsyncReporter{org.springframework.cloud.sleuth.zipkin2.sender.RestTemplateSender@61615b4a}] contains an error [CheckResult{ok=false, error=org.springframework.web.client.ResourceAccessException: I/O error on POST request for "http://localhost:9411/api/v2/spans": connect timed out; nested exception is java.net.SocketTimeoutException: connect timed out}]
2020-08-13 20:30:18.308 [main] WARN  [com.netflix.config.sources.URLConfigurationSource:121] [,] - No URLs will be polled as dynamic configuration sources.
2020-08-13 20:30:18.308 [main] INFO  [com.netflix.config.sources.URLConfigurationSource:122] [,] - To enable URLs as dynamic configuration sources, define System property archaius.configurationSource.additionalUrls or make config.properties available on classpath.
2020-08-13 20:30:18.328 [main] WARN  [com.netflix.config.sources.URLConfigurationSource:121] [,] - No URLs will be polled as dynamic configuration sources.
2020-08-13 20:30:18.328 [main] INFO  [com.netflix.config.sources.URLConfigurationSource:122] [,] - To enable URLs as dynamic configuration sources, define System property archaius.configurationSource.additionalUrls or make config.properties available on classpath.
2020-08-13 20:30:18.877 [main] INFO  [org.springframework.scheduling.concurrent.ThreadPoolTaskExecutor:181] [,] - Initializing ExecutorService 'applicationTaskExecutor'
2020-08-13 20:30:21.222 [main] WARN  [org.springframework.cloud.loadbalancer.config.BlockingLoadBalancerClientAutoConfiguration$BlockingLoadBalancerClientRibbonWarnLogger:106] [,] - You already have RibbonLoadBalancerClient on your classpath. It will be used by default. As Spring Cloud Ribbon is in maintenance mode. We recommend switching to BlockingLoadBalancerClient instead. In order to use it, set the value of `spring.cloud.loadbalancer.ribbon.enabled` to `false` or remove spring-cloud-starter-netflix-ribbon from your project.
2020-08-13 20:30:21.857 [main] WARN  [org.springframework.cloud.loadbalancer.config.LoadBalancerCacheAutoConfiguration$LoadBalancerCaffeineWarnLogger:81] [,] - Spring Cloud LoadBalancer is currently working with default default cache. You can switch to using Caffeine cache, by adding it to the classpath.
2020-08-13 20:30:22.063 [main] INFO  [org.springframework.cloud.netflix.eureka.InstanceInfoFactory:72] [,] - Setting initial instance status as: STARTING
2020-08-13 20:30:22.103 [main] INFO  [com.netflix.discovery.DiscoveryClient:365] [,] - Initializing Eureka in region us-east-1
2020-08-13 20:30:22.558 [main] INFO  [com.netflix.discovery.provider.DiscoveryJerseyProvider:70] [,] - Using JSON encoding codec LegacyJacksonJson
2020-08-13 20:30:22.558 [main] INFO  [com.netflix.discovery.provider.DiscoveryJerseyProvider:71] [,] - Using JSON decoding codec LegacyJacksonJson
2020-08-13 20:30:22.682 [main] INFO  [com.netflix.discovery.provider.DiscoveryJerseyProvider:80] [,] - Using XML encoding codec XStreamXml
2020-08-13 20:30:22.682 [main] INFO  [com.netflix.discovery.provider.DiscoveryJerseyProvider:81] [,] - Using XML decoding codec XStreamXml
2020-08-13 20:30:22.947 [main] INFO  [com.netflix.discovery.shared.resolver.aws.ConfigClusterResolver:43] [,] - Resolving eureka endpoints via configuration
2020-08-13 20:30:23.210 [main] INFO  [com.netflix.discovery.DiscoveryClient:976] [,] - Disable delta property : false
2020-08-13 20:30:23.210 [main] INFO  [com.netflix.discovery.DiscoveryClient:977] [,] - Single vip registry refresh property : null
2020-08-13 20:30:23.210 [main] INFO  [com.netflix.discovery.DiscoveryClient:978] [,] - Force full registry fetch : false
2020-08-13 20:30:23.210 [main] INFO  [com.netflix.discovery.DiscoveryClient:979] [,] - Application is null : false
2020-08-13 20:30:23.210 [main] INFO  [com.netflix.discovery.DiscoveryClient:980] [,] - Registered Applications size is zero : true
2020-08-13 20:30:23.210 [main] INFO  [com.netflix.discovery.DiscoveryClient:982] [,] - Application version is -1: true
2020-08-13 20:30:23.211 [main] INFO  [com.netflix.discovery.DiscoveryClient:1065] [,] - Getting all instance registry info from the eureka server
2020-08-13 20:30:23.311 [main] INFO  [com.netflix.discovery.DiscoveryClient:1074] [,] - The response status is 200
2020-08-13 20:30:23.313 [main] INFO  [com.netflix.discovery.DiscoveryClient:1288] [,] - Starting heartbeat executor: renew interval is: 30
2020-08-13 20:30:23.317 [main] INFO  [com.netflix.discovery.InstanceInfoReplicator:60] [,] - InstanceInfoReplicator onDemand update allowed rate per min is 4
2020-08-13 20:30:23.321 [main] INFO  [com.netflix.discovery.DiscoveryClient:465] [,] - Discovery Client initialized at timestamp 1597321823319 with initial instances count: 0
2020-08-13 20:30:23.329 [main] INFO  [org.springframework.cloud.netflix.eureka.serviceregistry.EurekaServiceRegistry:41] [,] - Registering application EUREKA-CLIENT-HOMEPAGE-COURSE with eureka with status UP
2020-08-13 20:30:23.330 [main] INFO  [com.netflix.discovery.DiscoveryClient:1323] [,] - Saw local status change event StatusChangeEvent [timestamp=1597321823330, current=UP, previous=STARTING]
2020-08-13 20:30:23.333 [DiscoveryClient-InstanceInfoReplicator-0] INFO  [com.netflix.discovery.DiscoveryClient:844] [,] - DiscoveryClient_EUREKA-CLIENT-HOMEPAGE-COURSE/DESKTOP-P8HKM53:eureka-client-homepage-course:8001: registering service...
2020-08-13 20:30:23.333 [main] INFO  [org.apache.coyote.http11.Http11NioProtocol:173] [,] - Starting ProtocolHandler ["http-nio-8001"]
2020-08-13 20:30:23.368 [main] INFO  [org.springframework.boot.web.embedded.tomcat.TomcatWebServer:220] [,] - Tomcat started on port(s): 8001 (http) with context path '/homepage-course'
2020-08-13 20:30:23.369 [main] INFO  [org.springframework.cloud.netflix.eureka.serviceregistry.EurekaAutoServiceRegistration:145] [,] - Updating port to 8001
2020-08-13 20:30:23.383 [DiscoveryClient-InstanceInfoReplicator-0] INFO  [com.netflix.discovery.DiscoveryClient:853] [,] - DiscoveryClient_EUREKA-CLIENT-HOMEPAGE-COURSE/DESKTOP-P8HKM53:eureka-client-homepage-course:8001 - registration status: 204
2020-08-13 20:30:24.097 [main] INFO  [com.swust.homepage.HomepageCourseApplication:61] [,] - Started HomepageCourseApplication in 15.096 seconds (JVM running for 18.879)
2020-08-13 20:30:24.098 [main] INFO  [com.swust.homepage.config.ApplicationRunnerImpl:19] [,] - --->eureka-client-homepage-course启动成功！
2020-08-13 20:30:53.315 [DiscoveryClient-CacheRefreshExecutor-0] INFO  [com.netflix.discovery.DiscoveryClient:976] [,] - Disable delta property : false
2020-08-13 20:30:53.315 [DiscoveryClient-CacheRefreshExecutor-0] INFO  [com.netflix.discovery.DiscoveryClient:977] [,] - Single vip registry refresh property : null
2020-08-13 20:30:53.315 [DiscoveryClient-CacheRefreshExecutor-0] INFO  [com.netflix.discovery.DiscoveryClient:978] [,] - Force full registry fetch : false
2020-08-13 20:30:53.315 [DiscoveryClient-CacheRefreshExecutor-0] INFO  [com.netflix.discovery.DiscoveryClient:979] [,] - Application is null : false
2020-08-13 20:30:53.315 [DiscoveryClient-CacheRefreshExecutor-0] INFO  [com.netflix.discovery.DiscoveryClient:980] [,] - Registered Applications size is zero : true
2020-08-13 20:30:53.316 [DiscoveryClient-CacheRefreshExecutor-0] INFO  [com.netflix.discovery.DiscoveryClient:982] [,] - Application version is -1: false
2020-08-13 20:30:53.316 [DiscoveryClient-CacheRefreshExecutor-0] INFO  [com.netflix.discovery.DiscoveryClient:1065] [,] - Getting all instance registry info from the eureka server
2020-08-13 20:30:53.341 [DiscoveryClient-CacheRefreshExecutor-0] INFO  [com.netflix.discovery.DiscoveryClient:1074] [,] - The response status is 200
2020-08-13 20:32:13.748 [http-nio-8001-exec-1] INFO  [org.apache.catalina.core.ContainerBase.[Tomcat].[localhost].[/homepage-course]:173] [,] - Initializing Spring DispatcherServlet 'dispatcherServlet'
2020-08-13 20:32:13.748 [http-nio-8001-exec-1] INFO  [org.springframework.web.servlet.DispatcherServlet:525] [,] - Initializing Servlet 'dispatcherServlet'
2020-08-13 20:32:13.762 [http-nio-8001-exec-1] INFO  [org.springframework.web.servlet.DispatcherServlet:547] [,] - Completed initialization in 14 ms
2020-08-13 20:32:14.055 [http-nio-8001-exec-1] INFO  [com.alibaba.druid.pool.DruidDataSource:928] [ec3aa545cfa3a70b,26ba93b80b8ed5f8] - {dataSource-1} inited
2020-08-13 20:32:14.523 [AsyncReporter{org.springframework.cloud.sleuth.zipkin2.sender.RestTemplateSender@61615b4a}] WARN  [zipkin2.reporter.AsyncReporter$BoundedAsyncReporter:296] [,] - Spans were dropped due to exceptions. All subsequent errors will be logged at FINE level.
2020-08-13 20:32:14.524 [AsyncReporter{org.springframework.cloud.sleuth.zipkin2.sender.RestTemplateSender@61615b4a}] WARN  [zipkin2.reporter.AsyncReporter$BoundedAsyncReporter:303] [,] - Dropped 1 spans due to NotFound(404 : [{"timestamp":1597321934519,"status":404,"error":"Not Found","message":"No message available","path":"/api/v2/spans"}])
org.springframework.web.client.HttpClientErrorException$NotFound: 404 : [{"timestamp":1597321934519,"status":404,"error":"Not Found","message":"No message available","path":"/api/v2/spans"}]
	at org.springframework.web.client.HttpClientErrorException.create(HttpClientErrorException.java:113) ~[spring-web-5.2.8.RELEASE.jar:5.2.8.RELEASE]
	at org.springframework.web.client.DefaultResponseErrorHandler.handleError(DefaultResponseErrorHandler.java:184) ~[spring-web-5.2.8.RELEASE.jar:5.2.8.RELEASE]
	at org.springframework.web.client.DefaultResponseErrorHandler.handleError(DefaultResponseErrorHandler.java:125) ~[spring-web-5.2.8.RELEASE.jar:5.2.8.RELEASE]
	at org.springframework.web.client.ResponseErrorHandler.handleError(ResponseErrorHandler.java:63) ~[spring-web-5.2.8.RELEASE.jar:5.2.8.RELEASE]
	at org.springframework.web.client.RestTemplate.handleResponse(RestTemplate.java:782) ~[spring-web-5.2.8.RELEASE.jar:5.2.8.RELEASE]
	at org.springframework.web.client.RestTemplate.doExecute(RestTemplate.java:740) ~[spring-web-5.2.8.RELEASE.jar:5.2.8.RELEASE]
	at org.springframework.cloud.sleuth.zipkin2.sender.ZipkinRestTemplateWrapper.doExecute(ZipkinRestTemplateSenderConfiguration.java:228) ~[spring-cloud-sleuth-zipkin-2.2.0.RELEASE.jar:2.2.0.RELEASE]
	at org.springframework.web.client.RestTemplate.exchange(RestTemplate.java:641) ~[spring-web-5.2.8.RELEASE.jar:5.2.8.RELEASE]
	at org.springframework.cloud.sleuth.zipkin2.sender.RestTemplateSender.post(RestTemplateSender.java:129) ~[spring-cloud-sleuth-zipkin-2.2.0.RELEASE.jar:2.2.0.RELEASE]
	at org.springframework.cloud.sleuth.zipkin2.sender.RestTemplateSender$HttpPostCall.doExecute(RestTemplateSender.java:142) ~[spring-cloud-sleuth-zipkin-2.2.0.RELEASE.jar:2.2.0.RELEASE]
	at org.springframework.cloud.sleuth.zipkin2.sender.RestTemplateSender$HttpPostCall.doExecute(RestTemplateSender.java:132) ~[spring-cloud-sleuth-zipkin-2.2.0.RELEASE.jar:2.2.0.RELEASE]
	at zipkin2.Call$Base.execute(Call.java:380) ~[zipkin-2.19.0.jar:?]
	at zipkin2.reporter.AsyncReporter$BoundedAsyncReporter.flush(AsyncReporter.java:285) ~[zipkin-reporter-2.11.0.jar:?]
	at zipkin2.reporter.AsyncReporter$Flusher.run(AsyncReporter.java:354) ~[zipkin-reporter-2.11.0.jar:?]
	at java.lang.Thread.run(Thread.java:748) [?:1.8.0_131]
2020-08-13 20:36:38.593 [main] INFO  [org.springframework.context.support.PostProcessorRegistrationDelegate$BeanPostProcessorChecker:335] [,] - Bean 'org.springframework.cloud.autoconfigure.ConfigurationPropertiesRebinderAutoConfiguration' of type [org.springframework.cloud.autoconfigure.ConfigurationPropertiesRebinderAutoConfiguration] is not eligible for getting processed by all BeanPostProcessors (for example: not eligible for auto-proxying)
2020-08-13 20:36:39.252 [main] INFO  [org.springframework.cloud.config.client.ConfigServicePropertySourceLocator:241] [,] - Fetching config from server at : http://localhost:8000
2020-08-13 20:36:39.860 [main] INFO  [org.springframework.cloud.config.client.ConfigServicePropertySourceLocator:159] [,] - Located environment: name=course, profiles=[dev], label=null, version=null, state=null
2020-08-13 20:36:39.861 [main] INFO  [org.springframework.cloud.bootstrap.config.PropertySourceBootstrapConfiguration:102] [,] - Located property source: OriginTrackedCompositePropertySource {name='configService', propertySources=[OriginTrackedMapPropertySource {name='classpath:/configs/course-dev.properties'}]}
2020-08-13 20:36:39.964 [main] INFO  [com.swust.homepage.HomepageCourseApplication:651] [,] - No active profile set, falling back to default profiles: default
2020-08-13 20:36:40.905 [main] INFO  [org.springframework.cloud.context.scope.GenericScope:295] [,] - BeanFactory id=a98863c4-5ffc-39d6-97c6-c41a778b4445
2020-08-13 20:36:41.152 [main] INFO  [org.springframework.context.support.PostProcessorRegistrationDelegate$BeanPostProcessorChecker:335] [,] - Bean 'org.springframework.cloud.autoconfigure.ConfigurationPropertiesRebinderAutoConfiguration' of type [org.springframework.cloud.autoconfigure.ConfigurationPropertiesRebinderAutoConfiguration] is not eligible for getting processed by all BeanPostProcessors (for example: not eligible for auto-proxying)
2020-08-13 20:36:41.437 [main] INFO  [org.springframework.boot.web.embedded.tomcat.TomcatWebServer:108] [,] - Tomcat initialized with port(s): 8001 (http)
2020-08-13 20:36:41.445 [main] INFO  [org.apache.coyote.http11.Http11NioProtocol:173] [,] - Initializing ProtocolHandler ["http-nio-8001"]
2020-08-13 20:36:41.446 [main] INFO  [org.apache.catalina.core.StandardService:173] [,] - Starting service [Tomcat]
2020-08-13 20:36:41.446 [main] INFO  [org.apache.catalina.core.StandardEngine:173] [,] - Starting Servlet engine: [Apache Tomcat/9.0.37]
2020-08-13 20:36:41.671 [main] INFO  [org.apache.catalina.core.ContainerBase.[Tomcat].[localhost].[/homepage-course]:173] [,] - Initializing Spring embedded WebApplicationContext
2020-08-13 20:36:41.671 [main] INFO  [org.springframework.boot.web.servlet.context.ServletWebServerApplicationContext:285] [,] - Root WebApplicationContext: initialization completed in 1696 ms
2020-08-13 20:36:42.417 [main] WARN  [org.springframework.cloud.sleuth.zipkin2.ZipkinAutoConfiguration:114] [,] - Check result of the [AsyncReporter{org.springframework.cloud.sleuth.zipkin2.sender.RestTemplateSender@70029d2d}] contains an error [CheckResult{ok=false, error=org.springframework.web.client.ResourceAccessException: I/O error on POST request for "http://localhost:9411/api/v2/spans": connect timed out; nested exception is java.net.SocketTimeoutException: connect timed out}]
2020-08-13 20:36:43.000 [main] WARN  [com.netflix.config.sources.URLConfigurationSource:121] [,] - No URLs will be polled as dynamic configuration sources.
2020-08-13 20:36:43.000 [main] INFO  [com.netflix.config.sources.URLConfigurationSource:122] [,] - To enable URLs as dynamic configuration sources, define System property archaius.configurationSource.additionalUrls or make config.properties available on classpath.
2020-08-13 20:36:43.004 [main] WARN  [com.netflix.config.sources.URLConfigurationSource:121] [,] - No URLs will be polled as dynamic configuration sources.
2020-08-13 20:36:43.004 [main] INFO  [com.netflix.config.sources.URLConfigurationSource:122] [,] - To enable URLs as dynamic configuration sources, define System property archaius.configurationSource.additionalUrls or make config.properties available on classpath.
2020-08-13 20:36:43.200 [main] INFO  [org.springframework.scheduling.concurrent.ThreadPoolTaskExecutor:181] [,] - Initializing ExecutorService 'applicationTaskExecutor'
2020-08-13 20:36:45.083 [main] WARN  [org.springframework.cloud.loadbalancer.config.BlockingLoadBalancerClientAutoConfiguration$BlockingLoadBalancerClientRibbonWarnLogger:106] [,] - You already have RibbonLoadBalancerClient on your classpath. It will be used by default. As Spring Cloud Ribbon is in maintenance mode. We recommend switching to BlockingLoadBalancerClient instead. In order to use it, set the value of `spring.cloud.loadbalancer.ribbon.enabled` to `false` or remove spring-cloud-starter-netflix-ribbon from your project.
2020-08-13 20:36:45.603 [main] WARN  [org.springframework.cloud.loadbalancer.config.LoadBalancerCacheAutoConfiguration$LoadBalancerCaffeineWarnLogger:81] [,] - Spring Cloud LoadBalancer is currently working with default default cache. You can switch to using Caffeine cache, by adding it to the classpath.
2020-08-13 20:36:45.793 [main] INFO  [org.springframework.cloud.netflix.eureka.InstanceInfoFactory:72] [,] - Setting initial instance status as: STARTING
2020-08-13 20:36:45.824 [main] INFO  [com.netflix.discovery.DiscoveryClient:365] [,] - Initializing Eureka in region us-east-1
2020-08-13 20:36:46.215 [main] INFO  [com.netflix.discovery.provider.DiscoveryJerseyProvider:70] [,] - Using JSON encoding codec LegacyJacksonJson
2020-08-13 20:36:46.216 [main] INFO  [com.netflix.discovery.provider.DiscoveryJerseyProvider:71] [,] - Using JSON decoding codec LegacyJacksonJson
2020-08-13 20:36:46.315 [main] INFO  [com.netflix.discovery.provider.DiscoveryJerseyProvider:80] [,] - Using XML encoding codec XStreamXml
2020-08-13 20:36:46.315 [main] INFO  [com.netflix.discovery.provider.DiscoveryJerseyProvider:81] [,] - Using XML decoding codec XStreamXml
2020-08-13 20:36:46.513 [main] INFO  [com.netflix.discovery.shared.resolver.aws.ConfigClusterResolver:43] [,] - Resolving eureka endpoints via configuration
2020-08-13 20:36:46.730 [main] INFO  [com.netflix.discovery.DiscoveryClient:976] [,] - Disable delta property : false
2020-08-13 20:36:46.730 [main] INFO  [com.netflix.discovery.DiscoveryClient:977] [,] - Single vip registry refresh property : null
2020-08-13 20:36:46.730 [main] INFO  [com.netflix.discovery.DiscoveryClient:978] [,] - Force full registry fetch : false
2020-08-13 20:36:46.730 [main] INFO  [com.netflix.discovery.DiscoveryClient:979] [,] - Application is null : false
2020-08-13 20:36:46.730 [main] INFO  [com.netflix.discovery.DiscoveryClient:980] [,] - Registered Applications size is zero : true
2020-08-13 20:36:46.730 [main] INFO  [com.netflix.discovery.DiscoveryClient:982] [,] - Application version is -1: true
2020-08-13 20:36:46.730 [main] INFO  [com.netflix.discovery.DiscoveryClient:1065] [,] - Getting all instance registry info from the eureka server
2020-08-13 20:36:46.815 [main] INFO  [com.netflix.discovery.DiscoveryClient:1074] [,] - The response status is 200
2020-08-13 20:36:46.816 [main] INFO  [com.netflix.discovery.DiscoveryClient:1288] [,] - Starting heartbeat executor: renew interval is: 30
2020-08-13 20:36:46.819 [main] INFO  [com.netflix.discovery.InstanceInfoReplicator:60] [,] - InstanceInfoReplicator onDemand update allowed rate per min is 4
2020-08-13 20:36:46.822 [main] INFO  [com.netflix.discovery.DiscoveryClient:465] [,] - Discovery Client initialized at timestamp 1597322206821 with initial instances count: 0
2020-08-13 20:36:46.828 [main] INFO  [org.springframework.cloud.netflix.eureka.serviceregistry.EurekaServiceRegistry:41] [,] - Registering application EUREKA-CLIENT-HOMEPAGE-COURSE with eureka with status UP
2020-08-13 20:36:46.828 [main] INFO  [com.netflix.discovery.DiscoveryClient:1323] [,] - Saw local status change event StatusChangeEvent [timestamp=1597322206828, current=UP, previous=STARTING]
2020-08-13 20:36:46.831 [DiscoveryClient-InstanceInfoReplicator-0] INFO  [com.netflix.discovery.DiscoveryClient:844] [,] - DiscoveryClient_EUREKA-CLIENT-HOMEPAGE-COURSE/DESKTOP-P8HKM53:eureka-client-homepage-course:8001: registering service...
2020-08-13 20:36:46.831 [main] INFO  [org.apache.coyote.http11.Http11NioProtocol:173] [,] - Starting ProtocolHandler ["http-nio-8001"]
2020-08-13 20:36:46.860 [main] INFO  [org.springframework.boot.web.embedded.tomcat.TomcatWebServer:220] [,] - Tomcat started on port(s): 8001 (http) with context path '/homepage-course'
2020-08-13 20:36:46.861 [main] INFO  [org.springframework.cloud.netflix.eureka.serviceregistry.EurekaAutoServiceRegistration:145] [,] - Updating port to 8001
2020-08-13 20:36:46.872 [DiscoveryClient-InstanceInfoReplicator-0] INFO  [com.netflix.discovery.DiscoveryClient:853] [,] - DiscoveryClient_EUREKA-CLIENT-HOMEPAGE-COURSE/DESKTOP-P8HKM53:eureka-client-homepage-course:8001 - registration status: 204
2020-08-13 20:36:47.299 [main] INFO  [com.swust.homepage.HomepageCourseApplication:61] [,] - Started HomepageCourseApplication in 9.815 seconds (JVM running for 11.969)
2020-08-13 20:36:47.300 [main] INFO  [com.swust.homepage.config.ApplicationRunnerImpl:19] [,] - --->eureka-client-homepage-course启动成功！
2020-08-13 20:37:16.820 [DiscoveryClient-CacheRefreshExecutor-0] INFO  [com.netflix.discovery.DiscoveryClient:976] [,] - Disable delta property : false
2020-08-13 20:37:16.820 [DiscoveryClient-CacheRefreshExecutor-0] INFO  [com.netflix.discovery.DiscoveryClient:977] [,] - Single vip registry refresh property : null
2020-08-13 20:37:16.820 [DiscoveryClient-CacheRefreshExecutor-0] INFO  [com.netflix.discovery.DiscoveryClient:978] [,] - Force full registry fetch : false
2020-08-13 20:37:16.820 [DiscoveryClient-CacheRefreshExecutor-0] INFO  [com.netflix.discovery.DiscoveryClient:979] [,] - Application is null : false
2020-08-13 20:37:16.820 [DiscoveryClient-CacheRefreshExecutor-0] INFO  [com.netflix.discovery.DiscoveryClient:980] [,] - Registered Applications size is zero : true
2020-08-13 20:37:16.820 [DiscoveryClient-CacheRefreshExecutor-0] INFO  [com.netflix.discovery.DiscoveryClient:982] [,] - Application version is -1: false
2020-08-13 20:37:16.821 [DiscoveryClient-CacheRefreshExecutor-0] INFO  [com.netflix.discovery.DiscoveryClient:1065] [,] - Getting all instance registry info from the eureka server
2020-08-13 20:37:16.854 [DiscoveryClient-CacheRefreshExecutor-0] INFO  [com.netflix.discovery.DiscoveryClient:1074] [,] - The response status is 200
2020-08-13 20:40:52.599 [main] INFO  [org.springframework.context.support.PostProcessorRegistrationDelegate$BeanPostProcessorChecker:335] [,] - Bean 'org.springframework.cloud.autoconfigure.ConfigurationPropertiesRebinderAutoConfiguration' of type [org.springframework.cloud.autoconfigure.ConfigurationPropertiesRebinderAutoConfiguration] is not eligible for getting processed by all BeanPostProcessors (for example: not eligible for auto-proxying)
2020-08-13 20:40:53.164 [main] INFO  [org.springframework.cloud.config.client.ConfigServicePropertySourceLocator:241] [,] - Fetching config from server at : http://localhost:8000
2020-08-13 20:40:53.810 [main] INFO  [org.springframework.cloud.config.client.ConfigServicePropertySourceLocator:159] [,] - Located environment: name=course, profiles=[dev], label=null, version=null, state=null
2020-08-13 20:40:53.811 [main] INFO  [org.springframework.cloud.bootstrap.config.PropertySourceBootstrapConfiguration:102] [,] - Located property source: OriginTrackedCompositePropertySource {name='configService', propertySources=[OriginTrackedMapPropertySource {name='classpath:/configs/course-dev.properties'}]}
2020-08-13 20:40:53.901 [main] INFO  [com.swust.homepage.HomepageCourseApplication:651] [,] - No active profile set, falling back to default profiles: default
2020-08-13 20:40:54.768 [main] INFO  [org.springframework.cloud.context.scope.GenericScope:295] [,] - BeanFactory id=a98863c4-5ffc-39d6-97c6-c41a778b4445
2020-08-13 20:40:55.004 [main] INFO  [org.springframework.context.support.PostProcessorRegistrationDelegate$BeanPostProcessorChecker:335] [,] - Bean 'org.springframework.cloud.autoconfigure.ConfigurationPropertiesRebinderAutoConfiguration' of type [org.springframework.cloud.autoconfigure.ConfigurationPropertiesRebinderAutoConfiguration] is not eligible for getting processed by all BeanPostProcessors (for example: not eligible for auto-proxying)
2020-08-13 20:40:55.289 [main] INFO  [org.springframework.boot.web.embedded.tomcat.TomcatWebServer:108] [,] - Tomcat initialized with port(s): 8001 (http)
2020-08-13 20:40:55.296 [main] INFO  [org.apache.coyote.http11.Http11NioProtocol:173] [,] - Initializing ProtocolHandler ["http-nio-8001"]
2020-08-13 20:40:55.297 [main] INFO  [org.apache.catalina.core.StandardService:173] [,] - Starting service [Tomcat]
2020-08-13 20:40:55.297 [main] INFO  [org.apache.catalina.core.StandardEngine:173] [,] - Starting Servlet engine: [Apache Tomcat/9.0.37]
2020-08-13 20:40:55.528 [main] INFO  [org.apache.catalina.core.ContainerBase.[Tomcat].[localhost].[/homepage-course]:173] [,] - Initializing Spring embedded WebApplicationContext
2020-08-13 20:40:55.528 [main] INFO  [org.springframework.boot.web.servlet.context.ServletWebServerApplicationContext:285] [,] - Root WebApplicationContext: initialization completed in 1616 ms
2020-08-13 20:40:55.808 [main] WARN  [org.springframework.cloud.sleuth.zipkin2.ZipkinAutoConfiguration:114] [,] - Check result of the [AsyncReporter{org.springframework.cloud.sleuth.zipkin2.sender.RestTemplateSender@667dcaad}] contains an error [CheckResult{ok=false, error=org.springframework.web.client.HttpClientErrorException$NotFound: 404 : [{"timestamp":1597322455803,"status":404,"error":"Not Found","message":"No message available","path":"/api/v2/spans"}]}]
2020-08-13 20:40:56.424 [main] WARN  [com.netflix.config.sources.URLConfigurationSource:121] [,] - No URLs will be polled as dynamic configuration sources.
2020-08-13 20:40:56.424 [main] INFO  [com.netflix.config.sources.URLConfigurationSource:122] [,] - To enable URLs as dynamic configuration sources, define System property archaius.configurationSource.additionalUrls or make config.properties available on classpath.
2020-08-13 20:40:56.428 [main] WARN  [com.netflix.config.sources.URLConfigurationSource:121] [,] - No URLs will be polled as dynamic configuration sources.
2020-08-13 20:40:56.428 [main] INFO  [com.netflix.config.sources.URLConfigurationSource:122] [,] - To enable URLs as dynamic configuration sources, define System property archaius.configurationSource.additionalUrls or make config.properties available on classpath.
2020-08-13 20:40:56.632 [main] INFO  [org.springframework.scheduling.concurrent.ThreadPoolTaskExecutor:181] [,] - Initializing ExecutorService 'applicationTaskExecutor'
2020-08-13 20:40:58.324 [main] WARN  [org.springframework.cloud.loadbalancer.config.BlockingLoadBalancerClientAutoConfiguration$BlockingLoadBalancerClientRibbonWarnLogger:106] [,] - You already have RibbonLoadBalancerClient on your classpath. It will be used by default. As Spring Cloud Ribbon is in maintenance mode. We recommend switching to BlockingLoadBalancerClient instead. In order to use it, set the value of `spring.cloud.loadbalancer.ribbon.enabled` to `false` or remove spring-cloud-starter-netflix-ribbon from your project.
2020-08-13 20:40:58.828 [main] WARN  [org.springframework.cloud.loadbalancer.config.LoadBalancerCacheAutoConfiguration$LoadBalancerCaffeineWarnLogger:81] [,] - Spring Cloud LoadBalancer is currently working with default default cache. You can switch to using Caffeine cache, by adding it to the classpath.
2020-08-13 20:40:58.984 [main] INFO  [org.springframework.cloud.netflix.eureka.InstanceInfoFactory:72] [,] - Setting initial instance status as: STARTING
2020-08-13 20:40:59.015 [main] INFO  [com.netflix.discovery.DiscoveryClient:365] [,] - Initializing Eureka in region us-east-1
2020-08-13 20:40:59.398 [main] INFO  [com.netflix.discovery.provider.DiscoveryJerseyProvider:70] [,] - Using JSON encoding codec LegacyJacksonJson
2020-08-13 20:40:59.398 [main] INFO  [com.netflix.discovery.provider.DiscoveryJerseyProvider:71] [,] - Using JSON decoding codec LegacyJacksonJson
2020-08-13 20:40:59.490 [main] INFO  [com.netflix.discovery.provider.DiscoveryJerseyProvider:80] [,] - Using XML encoding codec XStreamXml
2020-08-13 20:40:59.491 [main] INFO  [com.netflix.discovery.provider.DiscoveryJerseyProvider:81] [,] - Using XML decoding codec XStreamXml
2020-08-13 20:40:59.678 [main] INFO  [com.netflix.discovery.shared.resolver.aws.ConfigClusterResolver:43] [,] - Resolving eureka endpoints via configuration
2020-08-13 20:40:59.888 [main] INFO  [com.netflix.discovery.DiscoveryClient:976] [,] - Disable delta property : false
2020-08-13 20:40:59.888 [main] INFO  [com.netflix.discovery.DiscoveryClient:977] [,] - Single vip registry refresh property : null
2020-08-13 20:40:59.888 [main] INFO  [com.netflix.discovery.DiscoveryClient:978] [,] - Force full registry fetch : false
2020-08-13 20:40:59.888 [main] INFO  [com.netflix.discovery.DiscoveryClient:979] [,] - Application is null : false
2020-08-13 20:40:59.888 [main] INFO  [com.netflix.discovery.DiscoveryClient:980] [,] - Registered Applications size is zero : true
2020-08-13 20:40:59.888 [main] INFO  [com.netflix.discovery.DiscoveryClient:982] [,] - Application version is -1: true
2020-08-13 20:40:59.889 [main] INFO  [com.netflix.discovery.DiscoveryClient:1065] [,] - Getting all instance registry info from the eureka server
2020-08-13 20:40:59.968 [main] INFO  [com.netflix.discovery.DiscoveryClient:1074] [,] - The response status is 200
2020-08-13 20:40:59.969 [main] INFO  [com.netflix.discovery.DiscoveryClient:1288] [,] - Starting heartbeat executor: renew interval is: 30
2020-08-13 20:40:59.971 [main] INFO  [com.netflix.discovery.InstanceInfoReplicator:60] [,] - InstanceInfoReplicator onDemand update allowed rate per min is 4
2020-08-13 20:40:59.974 [main] INFO  [com.netflix.discovery.DiscoveryClient:465] [,] - Discovery Client initialized at timestamp 1597322459973 with initial instances count: 0
2020-08-13 20:40:59.980 [main] INFO  [org.springframework.cloud.netflix.eureka.serviceregistry.EurekaServiceRegistry:41] [,] - Registering application EUREKA-CLIENT-HOMEPAGE-COURSE with eureka with status UP
2020-08-13 20:40:59.981 [main] INFO  [com.netflix.discovery.DiscoveryClient:1323] [,] - Saw local status change event StatusChangeEvent [timestamp=1597322459981, current=UP, previous=STARTING]
2020-08-13 20:40:59.983 [DiscoveryClient-InstanceInfoReplicator-0] INFO  [com.netflix.discovery.DiscoveryClient:844] [,] - DiscoveryClient_EUREKA-CLIENT-HOMEPAGE-COURSE/DESKTOP-P8HKM53:eureka-client-homepage-course:8001: registering service...
2020-08-13 20:40:59.983 [main] INFO  [org.apache.coyote.http11.Http11NioProtocol:173] [,] - Starting ProtocolHandler ["http-nio-8001"]
2020-08-13 20:41:00.012 [main] INFO  [org.springframework.boot.web.embedded.tomcat.TomcatWebServer:220] [,] - Tomcat started on port(s): 8001 (http) with context path '/homepage-course'
2020-08-13 20:41:00.013 [main] INFO  [org.springframework.cloud.netflix.eureka.serviceregistry.EurekaAutoServiceRegistration:145] [,] - Updating port to 8001
2020-08-13 20:41:00.023 [DiscoveryClient-InstanceInfoReplicator-0] INFO  [com.netflix.discovery.DiscoveryClient:853] [,] - DiscoveryClient_EUREKA-CLIENT-HOMEPAGE-COURSE/DESKTOP-P8HKM53:eureka-client-homepage-course:8001 - registration status: 204
2020-08-13 20:41:00.437 [main] INFO  [com.swust.homepage.HomepageCourseApplication:61] [,] - Started HomepageCourseApplication in 8.94 seconds (JVM running for 11.044)
2020-08-13 20:41:00.438 [main] INFO  [com.swust.homepage.config.ApplicationRunnerImpl:19] [,] - --->eureka-client-homepage-course启动成功！
2020-08-13 20:41:29.972 [DiscoveryClient-CacheRefreshExecutor-0] INFO  [com.netflix.discovery.DiscoveryClient:976] [,] - Disable delta property : false
2020-08-13 20:41:29.972 [DiscoveryClient-CacheRefreshExecutor-0] INFO  [com.netflix.discovery.DiscoveryClient:977] [,] - Single vip registry refresh property : null
2020-08-13 20:41:29.972 [DiscoveryClient-CacheRefreshExecutor-0] INFO  [com.netflix.discovery.DiscoveryClient:978] [,] - Force full registry fetch : false
2020-08-13 20:41:29.972 [DiscoveryClient-CacheRefreshExecutor-0] INFO  [com.netflix.discovery.DiscoveryClient:979] [,] - Application is null : false
2020-08-13 20:41:29.972 [DiscoveryClient-CacheRefreshExecutor-0] INFO  [com.netflix.discovery.DiscoveryClient:980] [,] - Registered Applications size is zero : true
2020-08-13 20:41:29.973 [DiscoveryClient-CacheRefreshExecutor-0] INFO  [com.netflix.discovery.DiscoveryClient:982] [,] - Application version is -1: false
2020-08-13 20:41:29.973 [DiscoveryClient-CacheRefreshExecutor-0] INFO  [com.netflix.discovery.DiscoveryClient:1065] [,] - Getting all instance registry info from the eureka server
2020-08-13 20:41:30.004 [DiscoveryClient-CacheRefreshExecutor-0] INFO  [com.netflix.discovery.DiscoveryClient:1074] [,] - The response status is 200
2020-08-13 20:42:10.604 [http-nio-8001-exec-1] INFO  [org.apache.catalina.core.ContainerBase.[Tomcat].[localhost].[/homepage-course]:173] [,] - Initializing Spring DispatcherServlet 'dispatcherServlet'
2020-08-13 20:42:10.604 [http-nio-8001-exec-1] INFO  [org.springframework.web.servlet.DispatcherServlet:525] [,] - Initializing Servlet 'dispatcherServlet'
2020-08-13 20:42:10.617 [http-nio-8001-exec-1] INFO  [org.springframework.web.servlet.DispatcherServlet:547] [,] - Completed initialization in 13 ms
2020-08-13 20:42:10.915 [http-nio-8001-exec-1] INFO  [com.alibaba.druid.pool.DruidDataSource:928] [0b1bd72e3239ab6e,dad7e0e96f5a173f] - {dataSource-1} inited
2020-08-13 20:42:11.888 [AsyncReporter{org.springframework.cloud.sleuth.zipkin2.sender.RestTemplateSender@667dcaad}] WARN  [zipkin2.reporter.AsyncReporter$BoundedAsyncReporter:296] [,] - Spans were dropped due to exceptions. All subsequent errors will be logged at FINE level.
2020-08-13 20:42:11.897 [AsyncReporter{org.springframework.cloud.sleuth.zipkin2.sender.RestTemplateSender@667dcaad}] WARN  [zipkin2.reporter.AsyncReporter$BoundedAsyncReporter:303] [,] - Dropped 1 spans due to NotFound(404 : [{"timestamp":1597322531884,"status":404,"error":"Not Found","message":"No message available","path":"/api/v2/spans"}])
org.springframework.web.client.HttpClientErrorException$NotFound: 404 : [{"timestamp":1597322531884,"status":404,"error":"Not Found","message":"No message available","path":"/api/v2/spans"}]
	at org.springframework.web.client.HttpClientErrorException.create(HttpClientErrorException.java:113) ~[spring-web-5.2.8.RELEASE.jar:5.2.8.RELEASE]
	at org.springframework.web.client.DefaultResponseErrorHandler.handleError(DefaultResponseErrorHandler.java:184) ~[spring-web-5.2.8.RELEASE.jar:5.2.8.RELEASE]
	at org.springframework.web.client.DefaultResponseErrorHandler.handleError(DefaultResponseErrorHandler.java:125) ~[spring-web-5.2.8.RELEASE.jar:5.2.8.RELEASE]
	at org.springframework.web.client.ResponseErrorHandler.handleError(ResponseErrorHandler.java:63) ~[spring-web-5.2.8.RELEASE.jar:5.2.8.RELEASE]
	at org.springframework.web.client.RestTemplate.handleResponse(RestTemplate.java:782) ~[spring-web-5.2.8.RELEASE.jar:5.2.8.RELEASE]
	at org.springframework.web.client.RestTemplate.doExecute(RestTemplate.java:740) ~[spring-web-5.2.8.RELEASE.jar:5.2.8.RELEASE]
	at org.springframework.cloud.sleuth.zipkin2.sender.ZipkinRestTemplateWrapper.doExecute(ZipkinRestTemplateSenderConfiguration.java:228) ~[spring-cloud-sleuth-zipkin-2.2.0.RELEASE.jar:2.2.0.RELEASE]
	at org.springframework.web.client.RestTemplate.exchange(RestTemplate.java:641) ~[spring-web-5.2.8.RELEASE.jar:5.2.8.RELEASE]
	at org.springframework.cloud.sleuth.zipkin2.sender.RestTemplateSender.post(RestTemplateSender.java:129) ~[spring-cloud-sleuth-zipkin-2.2.0.RELEASE.jar:2.2.0.RELEASE]
	at org.springframework.cloud.sleuth.zipkin2.sender.RestTemplateSender$HttpPostCall.doExecute(RestTemplateSender.java:142) ~[spring-cloud-sleuth-zipkin-2.2.0.RELEASE.jar:2.2.0.RELEASE]
	at org.springframework.cloud.sleuth.zipkin2.sender.RestTemplateSender$HttpPostCall.doExecute(RestTemplateSender.java:132) ~[spring-cloud-sleuth-zipkin-2.2.0.RELEASE.jar:2.2.0.RELEASE]
	at zipkin2.Call$Base.execute(Call.java:380) ~[zipkin-2.19.0.jar:?]
	at zipkin2.reporter.AsyncReporter$BoundedAsyncReporter.flush(AsyncReporter.java:285) ~[zipkin-reporter-2.11.0.jar:?]
	at zipkin2.reporter.AsyncReporter$Flusher.run(AsyncReporter.java:354) ~[zipkin-reporter-2.11.0.jar:?]
	at java.lang.Thread.run(Thread.java:748) [?:1.8.0_131]
2020-08-13 20:56:53.346 [main] INFO  [org.springframework.context.support.PostProcessorRegistrationDelegate$BeanPostProcessorChecker:335] [,] - Bean 'org.springframework.cloud.autoconfigure.ConfigurationPropertiesRebinderAutoConfiguration' of type [org.springframework.cloud.autoconfigure.ConfigurationPropertiesRebinderAutoConfiguration] is not eligible for getting processed by all BeanPostProcessors (for example: not eligible for auto-proxying)
2020-08-13 20:56:54.226 [main] INFO  [org.springframework.cloud.config.client.ConfigServicePropertySourceLocator:241] [,] - Fetching config from server at : http://localhost:8000
2020-08-13 20:56:55.244 [main] INFO  [org.springframework.cloud.config.client.ConfigServicePropertySourceLocator:159] [,] - Located environment: name=course, profiles=[dev], label=null, version=null, state=null
2020-08-13 20:56:55.245 [main] INFO  [org.springframework.cloud.bootstrap.config.PropertySourceBootstrapConfiguration:102] [,] - Located property source: OriginTrackedCompositePropertySource {name='configService', propertySources=[OriginTrackedMapPropertySource {name='classpath:/configs/course-dev.properties'}]}
2020-08-13 20:56:55.370 [main] INFO  [com.swust.homepage.HomepageCourseApplication:651] [,] - No active profile set, falling back to default profiles: default
2020-08-13 20:56:56.556 [main] INFO  [org.springframework.cloud.context.scope.GenericScope:295] [,] - BeanFactory id=a98863c4-5ffc-39d6-97c6-c41a778b4445
2020-08-13 20:56:56.850 [main] INFO  [org.springframework.context.support.PostProcessorRegistrationDelegate$BeanPostProcessorChecker:335] [,] - Bean 'org.springframework.cloud.autoconfigure.ConfigurationPropertiesRebinderAutoConfiguration' of type [org.springframework.cloud.autoconfigure.ConfigurationPropertiesRebinderAutoConfiguration] is not eligible for getting processed by all BeanPostProcessors (for example: not eligible for auto-proxying)
2020-08-13 20:56:57.196 [main] INFO  [org.springframework.boot.web.embedded.tomcat.TomcatWebServer:108] [,] - Tomcat initialized with port(s): 8001 (http)
2020-08-13 20:56:57.206 [main] INFO  [org.apache.coyote.http11.Http11NioProtocol:173] [,] - Initializing ProtocolHandler ["http-nio-8001"]
2020-08-13 20:56:57.207 [main] INFO  [org.apache.catalina.core.StandardService:173] [,] - Starting service [Tomcat]
2020-08-13 20:56:57.207 [main] INFO  [org.apache.catalina.core.StandardEngine:173] [,] - Starting Servlet engine: [Apache Tomcat/9.0.37]
2020-08-13 20:56:57.476 [main] INFO  [org.apache.catalina.core.ContainerBase.[Tomcat].[localhost].[/homepage-course]:173] [,] - Initializing Spring embedded WebApplicationContext
2020-08-13 20:56:57.476 [main] INFO  [org.springframework.boot.web.servlet.context.ServletWebServerApplicationContext:285] [,] - Root WebApplicationContext: initialization completed in 2087 ms
2020-08-13 20:56:57.962 [main] WARN  [org.springframework.cloud.sleuth.zipkin2.ZipkinAutoConfiguration:114] [,] - Check result of the [AsyncReporter{org.springframework.cloud.sleuth.zipkin2.sender.RestTemplateSender@36ef1d65}] contains an error [CheckResult{ok=false, error=org.springframework.web.client.HttpClientErrorException$BadRequest: 400 Bad Request: [Empty JSON_V2 message]}]
2020-08-13 20:56:58.781 [main] WARN  [com.netflix.config.sources.URLConfigurationSource:121] [,] - No URLs will be polled as dynamic configuration sources.
2020-08-13 20:56:58.781 [main] INFO  [com.netflix.config.sources.URLConfigurationSource:122] [,] - To enable URLs as dynamic configuration sources, define System property archaius.configurationSource.additionalUrls or make config.properties available on classpath.
2020-08-13 20:56:58.786 [main] WARN  [com.netflix.config.sources.URLConfigurationSource:121] [,] - No URLs will be polled as dynamic configuration sources.
2020-08-13 20:56:58.786 [main] INFO  [com.netflix.config.sources.URLConfigurationSource:122] [,] - To enable URLs as dynamic configuration sources, define System property archaius.configurationSource.additionalUrls or make config.properties available on classpath.
2020-08-13 20:56:59.089 [main] INFO  [org.springframework.scheduling.concurrent.ThreadPoolTaskExecutor:181] [,] - Initializing ExecutorService 'applicationTaskExecutor'
2020-08-13 20:57:01.697 [main] WARN  [org.springframework.cloud.loadbalancer.config.BlockingLoadBalancerClientAutoConfiguration$BlockingLoadBalancerClientRibbonWarnLogger:106] [,] - You already have RibbonLoadBalancerClient on your classpath. It will be used by default. As Spring Cloud Ribbon is in maintenance mode. We recommend switching to BlockingLoadBalancerClient instead. In order to use it, set the value of `spring.cloud.loadbalancer.ribbon.enabled` to `false` or remove spring-cloud-starter-netflix-ribbon from your project.
2020-08-13 20:57:02.403 [main] WARN  [org.springframework.cloud.loadbalancer.config.LoadBalancerCacheAutoConfiguration$LoadBalancerCaffeineWarnLogger:81] [,] - Spring Cloud LoadBalancer is currently working with default default cache. You can switch to using Caffeine cache, by adding it to the classpath.
2020-08-13 20:57:02.622 [main] INFO  [org.springframework.cloud.netflix.eureka.InstanceInfoFactory:72] [,] - Setting initial instance status as: STARTING
2020-08-13 20:57:02.659 [main] INFO  [com.netflix.discovery.DiscoveryClient:365] [,] - Initializing Eureka in region us-east-1
2020-08-13 20:57:03.173 [main] INFO  [com.netflix.discovery.provider.DiscoveryJerseyProvider:70] [,] - Using JSON encoding codec LegacyJacksonJson
2020-08-13 20:57:03.174 [main] INFO  [com.netflix.discovery.provider.DiscoveryJerseyProvider:71] [,] - Using JSON decoding codec LegacyJacksonJson
2020-08-13 20:57:03.349 [main] INFO  [com.netflix.discovery.provider.DiscoveryJerseyProvider:80] [,] - Using XML encoding codec XStreamXml
2020-08-13 20:57:03.350 [main] INFO  [com.netflix.discovery.provider.DiscoveryJerseyProvider:81] [,] - Using XML decoding codec XStreamXml
2020-08-13 20:57:03.628 [main] INFO  [com.netflix.discovery.shared.resolver.aws.ConfigClusterResolver:43] [,] - Resolving eureka endpoints via configuration
2020-08-13 20:57:03.908 [main] INFO  [com.netflix.discovery.DiscoveryClient:976] [,] - Disable delta property : false
2020-08-13 20:57:03.908 [main] INFO  [com.netflix.discovery.DiscoveryClient:977] [,] - Single vip registry refresh property : null
2020-08-13 20:57:03.908 [main] INFO  [com.netflix.discovery.DiscoveryClient:978] [,] - Force full registry fetch : false
2020-08-13 20:57:03.908 [main] INFO  [com.netflix.discovery.DiscoveryClient:979] [,] - Application is null : false
2020-08-13 20:57:03.908 [main] INFO  [com.netflix.discovery.DiscoveryClient:980] [,] - Registered Applications size is zero : true
2020-08-13 20:57:03.908 [main] INFO  [com.netflix.discovery.DiscoveryClient:982] [,] - Application version is -1: true
2020-08-13 20:57:03.909 [main] INFO  [com.netflix.discovery.DiscoveryClient:1065] [,] - Getting all instance registry info from the eureka server
2020-08-13 20:57:04.021 [main] INFO  [com.netflix.discovery.DiscoveryClient:1074] [,] - The response status is 200
2020-08-13 20:57:04.024 [main] INFO  [com.netflix.discovery.DiscoveryClient:1288] [,] - Starting heartbeat executor: renew interval is: 30
2020-08-13 20:57:04.026 [main] INFO  [com.netflix.discovery.InstanceInfoReplicator:60] [,] - InstanceInfoReplicator onDemand update allowed rate per min is 4
2020-08-13 20:57:04.030 [main] INFO  [com.netflix.discovery.DiscoveryClient:465] [,] - Discovery Client initialized at timestamp 1597323424029 with initial instances count: 1
2020-08-13 20:57:04.040 [main] INFO  [org.springframework.cloud.netflix.eureka.serviceregistry.EurekaServiceRegistry:41] [,] - Registering application EUREKA-CLIENT-HOMEPAGE-COURSE with eureka with status UP
2020-08-13 20:57:04.041 [main] INFO  [com.netflix.discovery.DiscoveryClient:1323] [,] - Saw local status change event StatusChangeEvent [timestamp=1597323424040, current=UP, previous=STARTING]
2020-08-13 20:57:04.043 [DiscoveryClient-InstanceInfoReplicator-0] INFO  [com.netflix.discovery.DiscoveryClient:844] [,] - DiscoveryClient_EUREKA-CLIENT-HOMEPAGE-COURSE/DESKTOP-P8HKM53:eureka-client-homepage-course:8001: registering service...
2020-08-13 20:57:04.045 [main] INFO  [org.apache.coyote.http11.Http11NioProtocol:173] [,] - Starting ProtocolHandler ["http-nio-8001"]
2020-08-13 20:57:04.073 [main] INFO  [org.springframework.boot.web.embedded.tomcat.TomcatWebServer:220] [,] - Tomcat started on port(s): 8001 (http) with context path '/homepage-course'
2020-08-13 20:57:04.074 [main] INFO  [org.springframework.cloud.netflix.eureka.serviceregistry.EurekaAutoServiceRegistration:145] [,] - Updating port to 8001
2020-08-13 20:57:04.079 [DiscoveryClient-InstanceInfoReplicator-0] INFO  [com.netflix.discovery.DiscoveryClient:853] [,] - DiscoveryClient_EUREKA-CLIENT-HOMEPAGE-COURSE/DESKTOP-P8HKM53:eureka-client-homepage-course:8001 - registration status: 204
2020-08-13 20:57:04.622 [main] INFO  [com.swust.homepage.HomepageCourseApplication:61] [,] - Started HomepageCourseApplication in 13.085 seconds (JVM running for 16.149)
2020-08-13 20:57:04.623 [main] INFO  [com.swust.homepage.config.ApplicationRunnerImpl:19] [,] - --->eureka-client-homepage-course启动成功！
2020-08-13 20:58:14.472 [http-nio-8001-exec-1] INFO  [org.apache.catalina.core.ContainerBase.[Tomcat].[localhost].[/homepage-course]:173] [,] - Initializing Spring DispatcherServlet 'dispatcherServlet'
2020-08-13 20:58:14.472 [http-nio-8001-exec-1] INFO  [org.springframework.web.servlet.DispatcherServlet:525] [,] - Initializing Servlet 'dispatcherServlet'
2020-08-13 20:58:14.486 [http-nio-8001-exec-1] INFO  [org.springframework.web.servlet.DispatcherServlet:547] [,] - Completed initialization in 13 ms
2020-08-13 20:58:14.763 [http-nio-8001-exec-1] INFO  [com.alibaba.druid.pool.DruidDataSource:928] [68d2e76db2a31752,f946d2bc5165d1e1] - {dataSource-1} inited
