2020-08-15 08:42:33.841 [main] INFO  [org.springframework.context.support.PostProcessorRegistrationDelegate$BeanPostProcessorChecker:335] [,] - Bean 'org.springframework.cloud.autoconfigure.ConfigurationPropertiesRebinderAutoConfiguration' of type [org.springframework.cloud.autoconfigure.ConfigurationPropertiesRebinderAutoConfiguration] is not eligible for getting processed by all BeanPostProcessors (for example: not eligible for auto-proxying)
2020-08-15 08:42:35.532 [main] INFO  [com.swust.homepage.ZuulGatewayApplication:651] [,] - No active profile set, falling back to default profiles: default
2020-08-15 08:42:37.343 [main] INFO  [org.springframework.cloud.context.scope.GenericScope:295] [,] - BeanFactory id=62311cad-8418-3142-88ff-3fb488adffb4
2020-08-15 08:42:37.832 [main] INFO  [org.springframework.context.support.PostProcessorRegistrationDelegate$BeanPostProcessorChecker:335] [,] - Bean 'org.springframework.cloud.autoconfigure.ConfigurationPropertiesRebinderAutoConfiguration' of type [org.springframework.cloud.autoconfigure.ConfigurationPropertiesRebinderAutoConfiguration] is not eligible for getting processed by all BeanPostProcessors (for example: not eligible for auto-proxying)
2020-08-15 08:42:38.662 [main] INFO  [org.springframework.boot.web.embedded.tomcat.TomcatWebServer:108] [,] - Tomcat initialized with port(s): 8003 (http)
2020-08-15 08:42:38.674 [main] INFO  [org.apache.coyote.http11.Http11NioProtocol:173] [,] - Initializing ProtocolHandler ["http-nio-8003"]
2020-08-15 08:42:38.674 [main] INFO  [org.apache.catalina.core.StandardService:173] [,] - Starting service [Tomcat]
2020-08-15 08:42:38.674 [main] INFO  [org.apache.catalina.core.StandardEngine:173] [,] - Starting Servlet engine: [Apache Tomcat/9.0.37]
2020-08-15 08:42:38.992 [main] INFO  [org.apache.catalina.core.ContainerBase.[Tomcat].[localhost].[/]:173] [,] - Initializing Spring embedded WebApplicationContext
2020-08-15 08:42:38.993 [main] INFO  [org.springframework.boot.web.servlet.context.ServletWebServerApplicationContext:285] [,] - Root WebApplicationContext: initialization completed in 3425 ms
2020-08-15 08:42:39.224 [main] WARN  [com.netflix.config.sources.URLConfigurationSource:121] [,] - No URLs will be polled as dynamic configuration sources.
2020-08-15 08:42:39.225 [main] INFO  [com.netflix.config.sources.URLConfigurationSource:122] [,] - To enable URLs as dynamic configuration sources, define System property archaius.configurationSource.additionalUrls or make config.properties available on classpath.
2020-08-15 08:42:39.258 [main] INFO  [com.netflix.config.DynamicPropertyFactory:281] [,] - DynamicPropertyFactory is initialized with configuration sources: com.netflix.config.ConcurrentCompositeConfiguration@7e64c1a9
2020-08-15 08:42:40.618 [main] WARN  [org.springframework.boot.actuate.endpoint.EndpointId:155] [,] - Endpoint ID 'service-registry' contains invalid characters, please migrate to a valid format.
2020-08-15 08:42:40.619 [main] WARN  [org.springframework.boot.actuate.endpoint.EndpointId:155] [,] - Endpoint ID 'hystrix.stream' contains invalid characters, please migrate to a valid format.
2020-08-15 08:42:41.604 [main] WARN  [org.springframework.cloud.sleuth.zipkin2.ZipkinAutoConfiguration:114] [,] - Check result of the [AsyncReporter{org.springframework.cloud.sleuth.zipkin2.sender.RestTemplateSender@4f081b5d}] contains an error [CheckResult{ok=false, error=org.springframework.web.client.ResourceAccessException: I/O error on POST request for "http://localhost:9411/api/v2/spans": connect timed out; nested exception is java.net.SocketTimeoutException: connect timed out}]
2020-08-15 08:42:42.242 [main] WARN  [com.netflix.config.sources.URLConfigurationSource:121] [,] - No URLs will be polled as dynamic configuration sources.
2020-08-15 08:42:42.242 [main] INFO  [com.netflix.config.sources.URLConfigurationSource:122] [,] - To enable URLs as dynamic configuration sources, define System property archaius.configurationSource.additionalUrls or make config.properties available on classpath.
2020-08-15 08:42:42.569 [main] INFO  [org.springframework.scheduling.concurrent.ThreadPoolTaskExecutor:181] [,] - Initializing ExecutorService 'applicationTaskExecutor'
2020-08-15 08:42:46.504 [main] WARN  [org.springframework.cloud.loadbalancer.config.BlockingLoadBalancerClientAutoConfiguration$BlockingLoadBalancerClientRibbonWarnLogger:106] [,] - You already have RibbonLoadBalancerClient on your classpath. It will be used by default. As Spring Cloud Ribbon is in maintenance mode. We recommend switching to BlockingLoadBalancerClient instead. In order to use it, set the value of `spring.cloud.loadbalancer.ribbon.enabled` to `false` or remove spring-cloud-starter-netflix-ribbon from your project.
2020-08-15 08:42:47.420 [main] WARN  [org.springframework.cloud.loadbalancer.config.LoadBalancerCacheAutoConfiguration$LoadBalancerCaffeineWarnLogger:81] [,] - Spring Cloud LoadBalancer is currently working with default default cache. You can switch to using Caffeine cache, by adding it to the classpath.
2020-08-15 08:42:48.409 [main] INFO  [org.springframework.cloud.netflix.zuul.ZuulFilterInitializer:67] [,] - Starting filter initializer
2020-08-15 08:42:48.551 [main] INFO  [org.springframework.boot.actuate.endpoint.web.EndpointLinksResolver:58] [,] - Exposing 2 endpoint(s) beneath base path '/actuator'
2020-08-15 08:42:48.719 [main] INFO  [org.springframework.cloud.netflix.eureka.InstanceInfoFactory:72] [,] - Setting initial instance status as: STARTING
2020-08-15 08:42:48.776 [main] INFO  [com.netflix.discovery.DiscoveryClient:365] [,] - Initializing Eureka in region us-east-1
2020-08-15 08:42:48.866 [main] INFO  [com.netflix.discovery.provider.DiscoveryJerseyProvider:70] [,] - Using JSON encoding codec LegacyJacksonJson
2020-08-15 08:42:48.867 [main] INFO  [com.netflix.discovery.provider.DiscoveryJerseyProvider:71] [,] - Using JSON decoding codec LegacyJacksonJson
2020-08-15 08:42:49.012 [main] INFO  [com.netflix.discovery.provider.DiscoveryJerseyProvider:80] [,] - Using XML encoding codec XStreamXml
2020-08-15 08:42:49.013 [main] INFO  [com.netflix.discovery.provider.DiscoveryJerseyProvider:81] [,] - Using XML decoding codec XStreamXml
2020-08-15 08:42:49.234 [main] INFO  [com.netflix.discovery.shared.resolver.aws.ConfigClusterResolver:43] [,] - Resolving eureka endpoints via configuration
2020-08-15 08:42:49.518 [main] INFO  [com.netflix.discovery.DiscoveryClient:976] [,] - Disable delta property : false
2020-08-15 08:42:49.518 [main] INFO  [com.netflix.discovery.DiscoveryClient:977] [,] - Single vip registry refresh property : null
2020-08-15 08:42:49.519 [main] INFO  [com.netflix.discovery.DiscoveryClient:978] [,] - Force full registry fetch : false
2020-08-15 08:42:49.519 [main] INFO  [com.netflix.discovery.DiscoveryClient:979] [,] - Application is null : false
2020-08-15 08:42:49.519 [main] INFO  [com.netflix.discovery.DiscoveryClient:980] [,] - Registered Applications size is zero : true
2020-08-15 08:42:49.519 [main] INFO  [com.netflix.discovery.DiscoveryClient:982] [,] - Application version is -1: true
2020-08-15 08:42:49.519 [main] INFO  [com.netflix.discovery.DiscoveryClient:1065] [,] - Getting all instance registry info from the eureka server
2020-08-15 08:42:49.680 [main] INFO  [com.netflix.discovery.DiscoveryClient:1074] [,] - The response status is 200
2020-08-15 08:42:49.683 [main] INFO  [com.netflix.discovery.DiscoveryClient:1288] [,] - Starting heartbeat executor: renew interval is: 30
2020-08-15 08:42:49.687 [main] INFO  [com.netflix.discovery.InstanceInfoReplicator:60] [,] - InstanceInfoReplicator onDemand update allowed rate per min is 4
2020-08-15 08:42:49.692 [main] INFO  [com.netflix.discovery.DiscoveryClient:465] [,] - Discovery Client initialized at timestamp 1597452169691 with initial instances count: 0
2020-08-15 08:42:49.703 [main] INFO  [org.springframework.cloud.netflix.eureka.serviceregistry.EurekaServiceRegistry:41] [,] - Registering application HOMEPAGE-GATEWAY with eureka with status UP
2020-08-15 08:42:49.704 [main] INFO  [com.netflix.discovery.DiscoveryClient:1323] [,] - Saw local status change event StatusChangeEvent [timestamp=1597452169703, current=UP, previous=STARTING]
2020-08-15 08:42:49.705 [DiscoveryClient-InstanceInfoReplicator-0] INFO  [com.netflix.discovery.DiscoveryClient:844] [,] - DiscoveryClient_HOMEPAGE-GATEWAY/172.20.95.2:homepage-gateway:8003: registering service...
2020-08-15 08:42:49.708 [main] INFO  [org.apache.coyote.http11.Http11NioProtocol:173] [,] - Starting ProtocolHandler ["http-nio-8003"]
2020-08-15 08:42:49.750 [main] INFO  [org.springframework.boot.web.embedded.tomcat.TomcatWebServer:220] [,] - Tomcat started on port(s): 8003 (http) with context path ''
2020-08-15 08:42:49.751 [main] INFO  [org.springframework.cloud.netflix.eureka.serviceregistry.EurekaAutoServiceRegistration:145] [,] - Updating port to 8003
2020-08-15 08:42:49.811 [DiscoveryClient-InstanceInfoReplicator-0] INFO  [com.netflix.discovery.DiscoveryClient:853] [,] - DiscoveryClient_HOMEPAGE-GATEWAY/172.20.95.2:homepage-gateway:8003 - registration status: 204
2020-08-15 08:42:50.420 [main] INFO  [com.swust.homepage.ZuulGatewayApplication:61] [,] - Started ZuulGatewayApplication in 18.083 seconds (JVM running for 20.677)
2020-08-15 08:42:52.329 [RMI TCP Connection(14)-172.20.95.2] INFO  [org.apache.catalina.core.ContainerBase.[Tomcat].[localhost].[/]:173] [,] - Initializing Spring DispatcherServlet 'dispatcherServlet'
2020-08-15 08:42:52.329 [RMI TCP Connection(14)-172.20.95.2] INFO  [org.springframework.web.servlet.DispatcherServlet:525] [,] - Initializing Servlet 'dispatcherServlet'
2020-08-15 08:42:52.352 [RMI TCP Connection(14)-172.20.95.2] INFO  [org.springframework.web.servlet.DispatcherServlet:547] [,] - Completed initialization in 22 ms
2020-08-15 08:43:19.685 [DiscoveryClient-CacheRefreshExecutor-0] INFO  [com.netflix.discovery.DiscoveryClient:976] [,] - Disable delta property : false
2020-08-15 08:43:19.685 [DiscoveryClient-CacheRefreshExecutor-0] INFO  [com.netflix.discovery.DiscoveryClient:977] [,] - Single vip registry refresh property : null
2020-08-15 08:43:19.685 [DiscoveryClient-CacheRefreshExecutor-0] INFO  [com.netflix.discovery.DiscoveryClient:978] [,] - Force full registry fetch : false
2020-08-15 08:43:19.685 [DiscoveryClient-CacheRefreshExecutor-0] INFO  [com.netflix.discovery.DiscoveryClient:979] [,] - Application is null : false
2020-08-15 08:43:19.685 [DiscoveryClient-CacheRefreshExecutor-0] INFO  [com.netflix.discovery.DiscoveryClient:980] [,] - Registered Applications size is zero : true
2020-08-15 08:43:19.685 [DiscoveryClient-CacheRefreshExecutor-0] INFO  [com.netflix.discovery.DiscoveryClient:982] [,] - Application version is -1: false
2020-08-15 08:43:19.685 [DiscoveryClient-CacheRefreshExecutor-0] INFO  [com.netflix.discovery.DiscoveryClient:1065] [,] - Getting all instance registry info from the eureka server
2020-08-15 08:43:19.727 [DiscoveryClient-CacheRefreshExecutor-0] INFO  [com.netflix.discovery.DiscoveryClient:1074] [,] - The response status is 200
2020-08-15 08:47:49.522 [AsyncResolver-bootstrap-executor-0] INFO  [com.netflix.discovery.shared.resolver.aws.ConfigClusterResolver:43] [,] - Resolving eureka endpoints via configuration
2020-08-15 08:52:49.525 [AsyncResolver-bootstrap-executor-0] INFO  [com.netflix.discovery.shared.resolver.aws.ConfigClusterResolver:43] [,] - Resolving eureka endpoints via configuration
2020-08-15 08:57:49.527 [AsyncResolver-bootstrap-executor-0] INFO  [com.netflix.discovery.shared.resolver.aws.ConfigClusterResolver:43] [,] - Resolving eureka endpoints via configuration
