2020-09-14 21:52:50.815 [main] INFO  [o.s.c.s.PostProcessorRegistrationDelegate$BeanPostProcessorChecker:335] [,] - Bean 'org.springframework.cloud.autoconfigure.ConfigurationPropertiesRebinderAutoConfiguration' of type [org.springframework.cloud.autoconfigure.ConfigurationPropertiesRebinderAutoConfiguration] is not eligible for getting processed by all BeanPostProcessors (for example: not eligible for auto-proxying)
>2020-09-14 21:52:51.422 [main] INFO  [com.swust.homepage.EurekaApplication:655] [,] - The following profiles are active: native
>2020-09-14 21:52:52.569 [main] INFO  [o.springframework.cloud.context.scope.GenericScope:295] [,] - BeanFactory id=a3bc3490-0bda-3e00-88aa-35250acc9a39
>2020-09-14 21:52:52.691 [main] INFO  [o.s.c.s.PostProcessorRegistrationDelegate$BeanPostProcessorChecker:335] [,] - Bean 'org.springframework.cloud.autoconfigure.ConfigurationPropertiesRebinderAutoConfiguration' of type [org.springframework.cloud.autoconfigure.ConfigurationPropertiesRebinderAutoConfiguration] is not eligible for getting processed by all BeanPostProcessors (for example: not eligible for auto-proxying)
>2020-09-14 21:52:52.987 [main] INFO  [o.s.boot.web.embedded.tomcat.TomcatWebServer:108] [,] - Tomcat initialized with port(s): 8000 (http)
>2020-09-14 21:52:52.998 [main] INFO  [org.apache.coyote.http11.Http11NioProtocol:173] [,] - Initializing ProtocolHandler ["http-nio-8000"]
>2020-09-14 21:52:52.999 [main] INFO  [org.apache.catalina.core.StandardService:173] [,] - Starting service [Tomcat]
>2020-09-14 21:52:52.999 [main] INFO  [org.apache.catalina.core.StandardEngine:173] [,] - Starting Servlet engine: [Apache Tomcat/9.0.37]
>2020-09-14 21:52:53.239 [main] INFO  [o.a.c.core.ContainerBase.[Tomcat].[localhost].[/]:173] [,] - Initializing Spring embedded WebApplicationContext
>2020-09-14 21:52:53.240 [main] INFO  [o.s.b.w.s.c.ServletWebServerApplicationContext:285] [,] - Root WebApplicationContext: initialization completed in 1800 ms
>2020-09-14 21:52:53.349 [main] WARN  [com.netflix.config.sources.URLConfigurationSource:121] [,] - No URLs will be polled as dynamic configuration sources.
>2020-09-14 21:52:53.350 [main] INFO  [com.netflix.config.sources.URLConfigurationSource:122] [,] - To enable URLs as dynamic configuration sources, define System property archaius.configurationSource.additionalUrls or make config.properties available on classpath.
>2020-09-14 21:52:53.364 [main] INFO  [com.netflix.config.DynamicPropertyFactory:281] [,] - DynamicPropertyFactory is initialized with configuration sources: com.netflix.config.ConcurrentCompositeConfiguration@122d6c22
>2020-09-14 21:52:53.732 [main] WARN  [o.springframework.boot.actuate.endpoint.EndpointId:155] [,] - Endpoint ID 'service-registry' contains invalid characters, please migrate to a valid format.
>2020-09-14 21:52:53.851 [main] INFO  [c.s.j.server.impl.application.WebApplicationImpl:815] [,] - Initiating Jersey application, version 'Jersey: 1.19.1 03/11/2016 02:08 PM'
>2020-09-14 21:52:54.003 [main] INFO  [c.n.discovery.provider.DiscoveryJerseyProvider:70] [,] - Using JSON encoding codec LegacyJacksonJson
>2020-09-14 21:52:54.004 [main] INFO  [c.n.discovery.provider.DiscoveryJerseyProvider:71] [,] - Using JSON decoding codec LegacyJacksonJson
>2020-09-14 21:52:54.132 [main] INFO  [c.n.discovery.provider.DiscoveryJerseyProvider:80] [,] - Using XML encoding codec XStreamXml
>2020-09-14 21:52:54.132 [main] INFO  [c.n.discovery.provider.DiscoveryJerseyProvider:81] [,] - Using XML decoding codec XStreamXml
>2020-09-14 21:52:54.475 [main] WARN  [com.netflix.config.sources.URLConfigurationSource:121] [,] - No URLs will be polled as dynamic configuration sources.
>2020-09-14 21:52:54.475 [main] INFO  [com.netflix.config.sources.URLConfigurationSource:122] [,] - To enable URLs as dynamic configuration sources, define System property archaius.configurationSource.additionalUrls or make config.properties available on classpath.
>2020-09-14 21:52:54.615 [main] INFO  [o.s.scheduling.concurrent.ThreadPoolTaskExecutor:181] [,] - Initializing ExecutorService 'applicationTaskExecutor'
>2020-09-14 21:52:56.392 [main] WARN  [o.s.c.l.c.BlockingLoadBalancerClientAutoConfiguration$BlockingLoadBalancerClientRibbonWarnLogger:106] [,] - You already have RibbonLoadBalancerClient on your classpath. It will be used by default. As Spring Cloud Ribbon is in maintenance mode. We recommend switching to BlockingLoadBalancerClient instead. In order to use it, set the value of `spring.cloud.loadbalancer.ribbon.enabled` to `false` or remove spring-cloud-starter-netflix-ribbon from your project.
>2020-09-14 21:52:56.477 [main] WARN  [o.s.c.l.c.LoadBalancerCacheAutoConfiguration$LoadBalancerCaffeineWarnLogger:81] [,] - Spring Cloud LoadBalancer is currently working with default default cache. You can switch to using Caffeine cache, by adding it to the classpath.
>2020-09-14 21:52:56.492 [main] INFO  [o.s.cloud.netflix.eureka.InstanceInfoFactory:72] [,] - Setting initial instance status as: STARTING
>2020-09-14 21:52:56.536 [main] INFO  [com.netflix.discovery.DiscoveryClient:365] [,] - Initializing Eureka in region us-east-1
>2020-09-14 21:52:56.536 [main] INFO  [com.netflix.discovery.DiscoveryClient:368] [,] - Client configured to neither register nor query for data.
>2020-09-14 21:52:56.547 [main] INFO  [com.netflix.discovery.DiscoveryClient:381] [,] - Discovery Client initialized at timestamp 1600091576545 with initial instances count: 0
>2020-09-14 21:52:56.587 [main] INFO  [com.netflix.eureka.DefaultEurekaServerContext:63] [,] - Initializing ...
>2020-09-14 21:52:56.589 [main] WARN  [com.netflix.eureka.cluster.PeerEurekaNodes:155] [,] - The replica size seems to be empty. Check the route 53 DNS Registry
>2020-09-14 21:52:56.607 [main] INFO  [c.netflix.eureka.registry.AbstractInstanceRegistry:151] [,] - Finished initializing remote region registries. All known remote regions: []
>2020-09-14 21:52:56.608 [main] INFO  [com.netflix.eureka.DefaultEurekaServerContext:70] [,] - Initialized
>2020-09-14 21:52:56.621 [main] INFO  [o.s.b.actuate.endpoint.web.EndpointLinksResolver:58] [,] - Exposing 2 endpoint(s) beneath base path '/actuator'
>2020-09-14 21:52:56.686 [main] INFO  [o.s.c.n.e.serviceregistry.EurekaServiceRegistry:41] [,] - Registering application HOMEPAGE-EUREKA with eureka with status UP
>2020-09-14 21:52:56.688 [Thread-25] INFO  [o.s.c.netflix.eureka.server.EurekaServerBootstrap:110] [,] - Setting the eureka configuration..
>2020-09-14 21:52:56.687 [main] INFO  [org.apache.coyote.http11.Http11NioProtocol:173] [,] - Starting ProtocolHandler ["http-nio-8000"]
>2020-09-14 21:52:56.688 [Thread-25] INFO  [o.s.c.netflix.eureka.server.EurekaServerBootstrap:115] [,] - Eureka data center value eureka.datacenter is not set, defaulting to default
>2020-09-14 21:52:56.688 [Thread-25] INFO  [o.s.c.netflix.eureka.server.EurekaServerBootstrap:129] [,] - Eureka environment value eureka.environment is not set, defaulting to test
>2020-09-14 21:52:56.711 [Thread-25] INFO  [o.s.c.netflix.eureka.server.EurekaServerBootstrap:188] [,] - isAws returned false
>2020-09-14 21:52:56.711 [Thread-25] INFO  [o.s.c.netflix.eureka.server.EurekaServerBootstrap:153] [,] - Initialized server context
>2020-09-14 21:52:56.711 [Thread-25] INFO  [c.n.eureka.registry.PeerAwareInstanceRegistryImpl:241] [,] - Got 1 instances from neighboring DS node
>2020-09-14 21:52:56.712 [Thread-25] INFO  [c.n.eureka.registry.PeerAwareInstanceRegistryImpl:242] [,] - Renew threshold is: 1
>2020-09-14 21:52:56.712 [Thread-25] INFO  [c.n.eureka.registry.PeerAwareInstanceRegistryImpl:253] [,] - Changing status to UP
>2020-09-14 21:52:56.721 [Thread-25] INFO  [o.s.c.n.e.s.EurekaServerInitializerConfiguration:72] [,] - Started Eureka Server
>2020-09-14 21:52:56.722 [main] INFO  [o.s.boot.web.embedded.tomcat.TomcatWebServer:220] [,] - Tomcat started on port(s): 8000 (http) with context path ''
>2020-09-14 21:52:56.723 [main] INFO  [o.s.c.n.e.s.EurekaAutoServiceRegistration:145] [,] - Updating port to 8000
>2020-09-14 21:52:57.135 [main] INFO  [com.swust.homepage.EurekaApplication:61] [,] - Started EurekaApplication in 7.767 seconds (JVM running for 9.378)
>2020-09-14 21:52:57.544 [RMI TCP Connection(1)-192.168.1.101] INFO  [o.a.c.core.ContainerBase.[Tomcat].[localhost].[/]:173] [,] - Initializing Spring DispatcherServlet 'dispatcherServlet'
>2020-09-14 21:52:57.545 [RMI TCP Connection(1)-192.168.1.101] INFO  [org.springframework.web.servlet.DispatcherServlet:525] [,] - Initializing Servlet 'dispatcherServlet'
>2020-09-14 21:52:57.552 [RMI TCP Connection(1)-192.168.1.101] INFO  [org.springframework.web.servlet.DispatcherServlet:547] [,] - Completed initialization in 7 ms
>2020-09-14 21:53:18.705 [http-nio-8000-exec-3] INFO  [c.netflix.eureka.registry.AbstractInstanceRegistry:266] [,] - Registered instance HOMEPAGE-GATEWAY/DESKTOP-P8HKM53:homepage-gateway:8003 with status UP (replication=false)
>2020-09-14 21:53:56.713 [Eureka-EvictionTimer] INFO  [c.netflix.eureka.registry.AbstractInstanceRegistry:1250] [,] - Running the evict task with compensationTime 0ms
>2020-09-14 21:54:07.157 [http-nio-8000-exec-5] INFO  [o.s.c.c.s.environment.NativeEnvironmentRepository:278] [,] - Adding property source: classpath:/configs/course-dev.properties
>2020-09-14 21:54:13.953 [http-nio-8000-exec-7] INFO  [c.netflix.eureka.registry.AbstractInstanceRegistry:266] [,] - Registered instance EUREKA-CLIENT-HOMEPAGE-COURSE/DESKTOP-P8HKM53:eureka-client-homepage-course:8001 with status UP (replication=false)
>2020-09-14 21:54:20.174 [http-nio-8000-exec-10] INFO  [o.s.c.c.s.environment.NativeEnvironmentRepository:278] [,] - Adding property source: classpath:/configs/user-dev.properties
>2020-09-14 21:54:26.610 [http-nio-8000-exec-3] INFO  [c.netflix.eureka.registry.AbstractInstanceRegistry:266] [,] - Registered instance EUREKA-CLIENT-HOMEPAGE-USER/DESKTOP-P8HKM53:eureka-client-homepage-user:8002 with status UP (replication=false)
>2020-09-14 21:54:56.713 [Eureka-EvictionTimer] INFO  [c.netflix.eureka.registry.AbstractInstanceRegistry:1250] [,] - Running the evict task with compensationTime 0ms
>2020-09-14 21:55:56.714 [Eureka-EvictionTimer] INFO  [c.netflix.eureka.registry.AbstractInstanceRegistry:1250] [,] - Running the evict task with compensationTime 0ms
>2020-09-14 21:56:56.714 [Eureka-EvictionTimer] INFO  [c.netflix.eureka.registry.AbstractInstanceRegistry:1250] [,] - Running the evict task with compensationTime 0ms
>2020-09-14 21:57:56.715 [Eureka-EvictionTimer] INFO  [c.netflix.eureka.registry.AbstractInstanceRegistry:1250] [,] - Running the evict task with compensationTime 0ms
>2020-09-14 21:58:56.715 [Eureka-EvictionTimer] INFO  [c.netflix.eureka.registry.AbstractInstanceRegistry:1250] [,] - Running the evict task with compensationTime 0ms
>2020-09-14 21:59:56.716 [Eureka-EvictionTimer] INFO  [c.netflix.eureka.registry.AbstractInstanceRegistry:1250] [,] - Running the evict task with compensationTime 0ms
>2020-09-14 22:00:56.717 [Eureka-EvictionTimer] INFO  [c.netflix.eureka.registry.AbstractInstanceRegistry:1250] [,] - Running the evict task with compensationTime 1ms
>2020-09-14 22:01:56.718 [Eureka-EvictionTimer] INFO  [c.netflix.eureka.registry.AbstractInstanceRegistry:1250] [,] - Running the evict task with compensationTime 0ms
>2020-09-14 22:02:56.603 [Eureka-PeerNodesUpdater] WARN  [com.netflix.eureka.cluster.PeerEurekaNodes:155] [,] - The replica size seems to be empty. Check the route 53 DNS Registry
>2020-09-14 22:02:56.719 [Eureka-EvictionTimer] INFO  [c.netflix.eureka.registry.AbstractInstanceRegistry:1250] [,] - Running the evict task with compensationTime 0ms
>2020-09-14 22:03:56.720 [Eureka-EvictionTimer] INFO  [c.netflix.eureka.registry.AbstractInstanceRegistry:1250] [,] - Running the evict task with compensationTime 1ms
>2020-09-14 22:04:56.721 [Eureka-EvictionTimer] INFO  [c.netflix.eureka.registry.AbstractInstanceRegistry:1250] [,] - Running the evict task with compensationTime 1ms
>2020-09-14 22:05:56.722 [Eureka-EvictionTimer] INFO  [c.netflix.eureka.registry.AbstractInstanceRegistry:1250] [,] - Running the evict task with compensationTime 0ms
>2020-09-14 22:06:56.722 [Eureka-EvictionTimer] INFO  [c.netflix.eureka.registry.AbstractInstanceRegistry:1250] [,] - Running the evict task with compensationTime 0ms
>2020-09-14 22:07:56.626 [ReplicaAwareInstanceRegistry - RenewalThresholdUpdater] INFO  [c.n.eureka.registry.PeerAwareInstanceRegistryImpl:539] [,] - Current renewal threshold is : 6
>2020-09-14 22:07:56.723 [Eureka-EvictionTimer] INFO  [c.netflix.eureka.registry.AbstractInstanceRegistry:1250] [,] - Running the evict task with compensationTime 0ms
>2020-09-14 22:08:56.723 [Eureka-EvictionTimer] INFO  [c.netflix.eureka.registry.AbstractInstanceRegistry:1250] [,] - Running the evict task with compensationTime 0ms
>2020-09-14 22:09:56.724 [Eureka-EvictionTimer] INFO  [c.netflix.eureka.registry.AbstractInstanceRegistry:1250] [,] - Running the evict task with compensationTime 0ms
>2020-09-14 22:10:56.724 [Eureka-EvictionTimer] INFO  [c.netflix.eureka.registry.AbstractInstanceRegistry:1250] [,] - Running the evict task with compensationTime 0ms
>2020-09-14 22:11:56.724 [Eureka-EvictionTimer] INFO  [c.netflix.eureka.registry.AbstractInstanceRegistry:1250] [,] - Running the evict task with compensationTime 0ms
>2020-09-14 22:12:56.606 [Eureka-PeerNodesUpdater] WARN  [com.netflix.eureka.cluster.PeerEurekaNodes:155] [,] - The replica size seems to be empty. Check the route 53 DNS Registry
>2020-09-14 22:12:56.725 [Eureka-EvictionTimer] INFO  [c.netflix.eureka.registry.AbstractInstanceRegistry:1250] [,] - Running the evict task with compensationTime 0ms
>2020-09-14 22:13:56.726 [Eureka-EvictionTimer] INFO  [c.netflix.eureka.registry.AbstractInstanceRegistry:1250] [,] - Running the evict task with compensationTime 0ms
>2020-09-14 22:14:56.726 [Eureka-EvictionTimer] INFO  [c.netflix.eureka.registry.AbstractInstanceRegistry:1250] [,] - Running the evict task with compensationTime 0ms
>2020-09-14 22:15:56.727 [Eureka-EvictionTimer] INFO  [c.netflix.eureka.registry.AbstractInstanceRegistry:1250] [,] - Running the evict task with compensationTime 0ms
>2020-09-14 22:16:56.727 [Eureka-EvictionTimer] INFO  [c.netflix.eureka.registry.AbstractInstanceRegistry:1250] [,] - Running the evict task with compensationTime 0ms
>2020-09-14 22:17:56.728 [Eureka-EvictionTimer] INFO  [c.netflix.eureka.registry.AbstractInstanceRegistry:1250] [,] - Running the evict task with compensationTime 0ms
>2020-09-14 22:18:56.728 [Eureka-EvictionTimer] INFO  [c.netflix.eureka.registry.AbstractInstanceRegistry:1250] [,] - Running the evict task with compensationTime 0ms
>2020-09-14 22:19:56.729 [Eureka-EvictionTimer] INFO  [c.netflix.eureka.registry.AbstractInstanceRegistry:1250] [,] - Running the evict task with compensationTime 0ms
>2020-09-14 22:20:56.730 [Eureka-EvictionTimer] INFO  [c.netflix.eureka.registry.AbstractInstanceRegistry:1250] [,] - Running the evict task with compensationTime 1ms
>2020-09-14 22:21:56.730 [Eureka-EvictionTimer] INFO  [c.netflix.eureka.registry.AbstractInstanceRegistry:1250] [,] - Running the evict task with compensationTime 0ms
>2020-09-14 22:22:56.608 [Eureka-PeerNodesUpdater] WARN  [com.netflix.eureka.cluster.PeerEurekaNodes:155] [,] - The replica size seems to be empty. Check the route 53 DNS Registry
>2020-09-14 22:22:56.618 [ReplicaAwareInstanceRegistry - RenewalThresholdUpdater] INFO  [c.n.eureka.registry.PeerAwareInstanceRegistryImpl:539] [,] - Current renewal threshold is : 6
>2020-09-14 22:22:56.731 [Eureka-EvictionTimer] INFO  [c.netflix.eureka.registry.AbstractInstanceRegistry:1250] [,] - Running the evict task with compensationTime 0ms
>2020-09-14 22:23:56.731 [Eureka-EvictionTimer] INFO  [c.netflix.eureka.registry.AbstractInstanceRegistry:1250] [,] - Running the evict task with compensationTime 0ms
>2020-09-14 22:24:56.731 [Eureka-EvictionTimer] INFO  [c.netflix.eureka.registry.AbstractInstanceRegistry:1250] [,] - Running the evict task with compensationTime 0ms
>2020-09-14 22:25:56.731 [Eureka-EvictionTimer] INFO  [c.netflix.eureka.registry.AbstractInstanceRegistry:1250] [,] - Running the evict task with compensationTime 0ms
>2020-09-14 22:26:56.732 [Eureka-EvictionTimer] INFO  [c.netflix.eureka.registry.AbstractInstanceRegistry:1250] [,] - Running the evict task with compensationTime 0ms
>2020-09-14 22:27:56.732 [Eureka-EvictionTimer] INFO  [c.netflix.eureka.registry.AbstractInstanceRegistry:1250] [,] - Running the evict task with compensationTime 0ms
>2020-09-14 22:28:56.732 [Eureka-EvictionTimer] INFO  [c.netflix.eureka.registry.AbstractInstanceRegistry:1250] [,] - Running the evict task with compensationTime 0ms
>2020-09-14 22:29:56.733 [Eureka-EvictionTimer] INFO  [c.netflix.eureka.registry.AbstractInstanceRegistry:1250] [,] - Running the evict task with compensationTime 0ms
>2020-09-14 22:30:56.733 [Eureka-EvictionTimer] INFO  [c.netflix.eureka.registry.AbstractInstanceRegistry:1250] [,] - Running the evict task with compensationTime 0ms
>2020-09-14 22:31:56.734 [Eureka-EvictionTimer] INFO  [c.netflix.eureka.registry.AbstractInstanceRegistry:1250] [,] - Running the evict task with compensationTime 0ms
>2020-09-14 22:32:56.614 [Eureka-PeerNodesUpdater] WARN  [com.netflix.eureka.cluster.PeerEurekaNodes:155] [,] - The replica size seems to be empty. Check the route 53 DNS Registry
>2020-09-14 22:32:56.734 [Eureka-EvictionTimer] INFO  [c.netflix.eureka.registry.AbstractInstanceRegistry:1250] [,] - Running the evict task with compensationTime 0ms
>2020-09-14 22:33:56.735 [Eureka-EvictionTimer] INFO  [c.netflix.eureka.registry.AbstractInstanceRegistry:1250] [,] - Running the evict task with compensationTime 0ms
>2020-09-14 22:34:56.735 [Eureka-EvictionTimer] INFO  [c.netflix.eureka.registry.AbstractInstanceRegistry:1250] [,] - Running the evict task with compensationTime 0ms
>2020-09-14 22:35:56.736 [Eureka-EvictionTimer] INFO  [c.netflix.eureka.registry.AbstractInstanceRegistry:1250] [,] - Running the evict task with compensationTime 0ms
>2020-09-14 22:36:56.737 [Eureka-EvictionTimer] INFO  [c.netflix.eureka.registry.AbstractInstanceRegistry:1250] [,] - Running the evict task with compensationTime 1ms
>