2020-09-14 21:54:06.046 [main] INFO  [o.s.c.s.PostProcessorRegistrationDelegate$BeanPostProcessorChecker:335] [,] - Bean 'org.springframework.cloud.autoconfigure.ConfigurationPropertiesRebinderAutoConfiguration' of type [org.springframework.cloud.autoconfigure.ConfigurationPropertiesRebinderAutoConfiguration] is not eligible for getting processed by all BeanPostProcessors (for example: not eligible for auto-proxying)
>2020-09-14 21:54:06.567 [main] INFO  [o.s.c.c.client.ConfigServicePropertySourceLocator:241] [,] - Fetching config from server at : http://localhost:8000
>2020-09-14 21:54:07.194 [main] INFO  [o.s.c.c.client.ConfigServicePropertySourceLocator:159] [,] - Located environment: name=course, profiles=[dev], label=null, version=null, state=null
>2020-09-14 21:54:07.194 [main] INFO  [o.s.c.b.c.PropertySourceBootstrapConfiguration:102] [,] - Located property source: OriginTrackedCompositePropertySource {name='configService', propertySources=[OriginTrackedMapPropertySource {name='classpath:/configs/course-dev.properties'}]}
>2020-09-14 21:54:07.248 [main] INFO  [com.swust.homepage.HomepageCourseApplication:651] [,] - No active profile set, falling back to default profiles: default
>2020-09-14 21:54:08.150 [main] INFO  [o.springframework.cloud.context.scope.GenericScope:295] [,] - BeanFactory id=0f8c3647-c125-363d-ae70-9c3302bd3eae
>2020-09-14 21:54:08.494 [main] INFO  [o.s.c.s.PostProcessorRegistrationDelegate$BeanPostProcessorChecker:335] [,] - Bean 'org.springframework.cloud.autoconfigure.ConfigurationPropertiesRebinderAutoConfiguration' of type [org.springframework.cloud.autoconfigure.ConfigurationPropertiesRebinderAutoConfiguration] is not eligible for getting processed by all BeanPostProcessors (for example: not eligible for auto-proxying)
>2020-09-14 21:54:08.807 [main] INFO  [o.s.boot.web.embedded.tomcat.TomcatWebServer:108] [,] - Tomcat initialized with port(s): 8001 (http)
>2020-09-14 21:54:08.900 [main] INFO  [org.apache.coyote.http11.Http11NioProtocol:173] [,] - Initializing ProtocolHandler ["http-nio-8001"]
>2020-09-14 21:54:08.900 [main] INFO  [org.apache.catalina.core.StandardService:173] [,] - Starting service [Tomcat]
>2020-09-14 21:54:08.901 [main] INFO  [org.apache.catalina.core.StandardEngine:173] [,] - Starting Servlet engine: [Apache Tomcat/9.0.37]
>2020-09-14 21:54:09.108 [main] INFO  [o.a.c.c.C.[Tomcat].[localhost].[/homepage-course]:173] [,] - Initializing Spring embedded WebApplicationContext
>2020-09-14 21:54:09.109 [main] INFO  [o.s.b.w.s.c.ServletWebServerApplicationContext:285] [,] - Root WebApplicationContext: initialization completed in 1848 ms
>2020-09-14 21:54:09.902 [main] WARN  [com.netflix.config.sources.URLConfigurationSource:121] [,] - No URLs will be polled as dynamic configuration sources.
>2020-09-14 21:54:09.902 [main] INFO  [com.netflix.config.sources.URLConfigurationSource:122] [,] - To enable URLs as dynamic configuration sources, define System property archaius.configurationSource.additionalUrls or make config.properties available on classpath.
>2020-09-14 21:54:09.906 [main] WARN  [com.netflix.config.sources.URLConfigurationSource:121] [,] - No URLs will be polled as dynamic configuration sources.
>2020-09-14 21:54:09.907 [main] INFO  [com.netflix.config.sources.URLConfigurationSource:122] [,] - To enable URLs as dynamic configuration sources, define System property archaius.configurationSource.additionalUrls or make config.properties available on classpath.
>2020-09-14 21:54:10.131 [main] INFO  [o.s.scheduling.concurrent.ThreadPoolTaskExecutor:181] [,] - Initializing ExecutorService 'applicationTaskExecutor'
>2020-09-14 21:54:11.962 [main] WARN  [o.s.c.l.c.BlockingLoadBalancerClientAutoConfiguration$BlockingLoadBalancerClientRibbonWarnLogger:106] [,] - You already have RibbonLoadBalancerClient on your classpath. It will be used by default. As Spring Cloud Ribbon is in maintenance mode. We recommend switching to BlockingLoadBalancerClient instead. In order to use it, set the value of `spring.cloud.loadbalancer.ribbon.enabled` to `false` or remove spring-cloud-starter-netflix-ribbon from your project.
>2020-09-14 21:54:12.051 [main] WARN  [o.s.c.l.c.LoadBalancerCacheAutoConfiguration$LoadBalancerCaffeineWarnLogger:81] [,] - Spring Cloud LoadBalancer is currently working with default default cache. You can switch to using Caffeine cache, by adding it to the classpath.
>2020-09-14 21:54:12.222 [main] INFO  [o.s.cloud.netflix.eureka.InstanceInfoFactory:72] [,] - Setting initial instance status as: STARTING
>2020-09-14 21:54:12.253 [main] INFO  [com.netflix.discovery.DiscoveryClient:365] [,] - Initializing Eureka in region us-east-1
>2020-09-14 21:54:12.828 [main] INFO  [c.n.discovery.provider.DiscoveryJerseyProvider:70] [,] - Using JSON encoding codec LegacyJacksonJson
>2020-09-14 21:54:12.830 [main] INFO  [c.n.discovery.provider.DiscoveryJerseyProvider:71] [,] - Using JSON decoding codec LegacyJacksonJson
>2020-09-14 21:54:13.040 [main] INFO  [c.n.discovery.provider.DiscoveryJerseyProvider:80] [,] - Using XML encoding codec XStreamXml
>2020-09-14 21:54:13.041 [main] INFO  [c.n.discovery.provider.DiscoveryJerseyProvider:81] [,] - Using XML decoding codec XStreamXml
>2020-09-14 21:54:13.373 [main] INFO  [c.n.d.shared.resolver.aws.ConfigClusterResolver:43] [,] - Resolving eureka endpoints via configuration
>2020-09-14 21:54:13.639 [main] INFO  [com.netflix.discovery.DiscoveryClient:976] [,] - Disable delta property : false
>2020-09-14 21:54:13.640 [main] INFO  [com.netflix.discovery.DiscoveryClient:977] [,] - Single vip registry refresh property : null
>2020-09-14 21:54:13.640 [main] INFO  [com.netflix.discovery.DiscoveryClient:978] [,] - Force full registry fetch : false
>2020-09-14 21:54:13.641 [main] INFO  [com.netflix.discovery.DiscoveryClient:979] [,] - Application is null : false
>2020-09-14 21:54:13.641 [main] INFO  [com.netflix.discovery.DiscoveryClient:980] [,] - Registered Applications size is zero : true
>2020-09-14 21:54:13.642 [main] INFO  [com.netflix.discovery.DiscoveryClient:982] [,] - Application version is -1: true
>2020-09-14 21:54:13.642 [main] INFO  [com.netflix.discovery.DiscoveryClient:1065] [,] - Getting all instance registry info from the eureka server
>2020-09-14 21:54:13.862 [main] INFO  [com.netflix.discovery.DiscoveryClient:1074] [,] - The response status is 200
>2020-09-14 21:54:13.868 [main] INFO  [com.netflix.discovery.DiscoveryClient:1288] [,] - Starting heartbeat executor: renew interval is: 30
>2020-09-14 21:54:13.872 [main] INFO  [com.netflix.discovery.InstanceInfoReplicator:60] [,] - InstanceInfoReplicator onDemand update allowed rate per min is 4
>2020-09-14 21:54:13.878 [main] INFO  [com.netflix.discovery.DiscoveryClient:465] [,] - Discovery Client initialized at timestamp 1600091653876 with initial instances count: 1
>2020-09-14 21:54:13.891 [main] INFO  [o.s.c.n.e.serviceregistry.EurekaServiceRegistry:41] [,] - Registering application EUREKA-CLIENT-HOMEPAGE-COURSE with eureka with status UP
>2020-09-14 21:54:13.892 [main] INFO  [com.netflix.discovery.DiscoveryClient:1323] [,] - Saw local status change event StatusChangeEvent [timestamp=1600091653892, current=UP, previous=STARTING]
>2020-09-14 21:54:13.897 [main] INFO  [org.apache.coyote.http11.Http11NioProtocol:173] [,] - Starting ProtocolHandler ["http-nio-8001"]
>2020-09-14 21:54:13.898 [DiscoveryClient-InstanceInfoReplicator-0] INFO  [com.netflix.discovery.DiscoveryClient:844] [,] - DiscoveryClient_EUREKA-CLIENT-HOMEPAGE-COURSE/DESKTOP-P8HKM53:eureka-client-homepage-course:8001: registering service...
>2020-09-14 21:54:13.948 [main] INFO  [o.s.boot.web.embedded.tomcat.TomcatWebServer:220] [,] - Tomcat started on port(s): 8001 (http) with context path '/homepage-course'
>2020-09-14 21:54:13.950 [main] INFO  [o.s.c.n.e.s.EurekaAutoServiceRegistration:145] [,] - Updating port to 8001
>2020-09-14 21:54:13.955 [DiscoveryClient-InstanceInfoReplicator-0] INFO  [com.netflix.discovery.DiscoveryClient:853] [,] - DiscoveryClient_EUREKA-CLIENT-HOMEPAGE-COURSE/DESKTOP-P8HKM53:eureka-client-homepage-course:8001 - registration status: 204
>2020-09-14 21:54:14.536 [main] INFO  [com.swust.homepage.HomepageCourseApplication:61] [,] - Started HomepageCourseApplication in 10.027 seconds (JVM running for 11.408)
>2020-09-14 21:54:14.537 [main] INFO  [com.swust.homepage.config.ApplicationRunnerImpl:19] [,] - --->eureka-client-homepage-course启动成功！
>2020-09-14 21:55:12.770 [http-nio-8001-exec-1] INFO  [o.a.c.c.C.[Tomcat].[localhost].[/homepage-course]:173] [,] - Initializing Spring DispatcherServlet 'dispatcherServlet'
>2020-09-14 21:55:12.770 [http-nio-8001-exec-1] INFO  [org.springframework.web.servlet.DispatcherServlet:525] [,] - Initializing Servlet 'dispatcherServlet'
>2020-09-14 21:55:12.783 [http-nio-8001-exec-1] INFO  [org.springframework.web.servlet.DispatcherServlet:547] [,] - Completed initialization in 13 ms
>2020-09-14 21:55:12.803 [http-nio-8001-exec-1] INFO  [com.swust.homepage.filter.CourseFilter:19] [89dbe201bf1b7c01,964b7a4776291813] - CourseFilter--->/homepage-course/getCoursesByIds
>2020-09-14 21:55:12.890 [http-nio-8001-exec-1] INFO  [com.alibaba.druid.pool.DruidDataSource:928] [89dbe201bf1b7c01,964b7a4776291813] - {dataSource-1} inited
>2020-09-14 21:55:14.146 [http-nio-8001-exec-3] INFO  [com.swust.homepage.filter.CourseFilter:19] [b20ff5b3d03f80b7,ce2624ffdc57e39a] - CourseFilter--->/homepage-course/getCoursesByIds
>2020-09-14 21:56:10.365 [http-nio-8001-exec-4] INFO  [com.swust.homepage.filter.CourseFilter:19] [ccc804f4ff033def,8d63bf62527ad0bf] - CourseFilter--->/homepage-course/getCoursesByIds
>2020-09-14 21:59:13.648 [AsyncResolver-bootstrap-executor-0] INFO  [c.n.d.shared.resolver.aws.ConfigClusterResolver:43] [,] - Resolving eureka endpoints via configuration
>2020-09-14 22:04:13.650 [AsyncResolver-bootstrap-executor-0] INFO  [c.n.d.shared.resolver.aws.ConfigClusterResolver:43] [,] - Resolving eureka endpoints via configuration
>2020-09-14 22:09:13.653 [AsyncResolver-bootstrap-executor-0] INFO  [c.n.d.shared.resolver.aws.ConfigClusterResolver:43] [,] - Resolving eureka endpoints via configuration
>2020-09-14 22:14:13.656 [AsyncResolver-bootstrap-executor-0] INFO  [c.n.d.shared.resolver.aws.ConfigClusterResolver:43] [,] - Resolving eureka endpoints via configuration
>2020-09-14 22:19:13.662 [AsyncResolver-bootstrap-executor-0] INFO  [c.n.d.shared.resolver.aws.ConfigClusterResolver:43] [,] - Resolving eureka endpoints via configuration
>2020-09-14 22:24:13.664 [AsyncResolver-bootstrap-executor-0] INFO  [c.n.d.shared.resolver.aws.ConfigClusterResolver:43] [,] - Resolving eureka endpoints via configuration
>2020-09-14 22:27:44.665 [http-nio-8001-exec-5] INFO  [com.swust.homepage.filter.CourseFilter:19] [e32693b2e4211c03,aa77912913964d9a] - CourseFilter--->/homepage-course/getCoursesByIds
>2020-09-14 22:28:39.997 [http-nio-8001-exec-6] INFO  [com.swust.homepage.filter.CourseFilter:19] [b583d43fa4a41b39,17e5630af8802b44] - CourseFilter--->/homepage-course/getCoursesByIds
>2020-09-14 22:29:13.667 [AsyncResolver-bootstrap-executor-0] INFO  [c.n.d.shared.resolver.aws.ConfigClusterResolver:43] [,] - Resolving eureka endpoints via configuration
>2020-09-14 22:34:13.675 [AsyncResolver-bootstrap-executor-0] INFO  [c.n.d.shared.resolver.aws.ConfigClusterResolver:43] [,] - Resolving eureka endpoints via configuration
>