2020-09-14 21:53:11.552 [main] INFO  [o.s.c.s.PostProcessorRegistrationDelegate$BeanPostProcessorChecker:335] [,] - Bean 'org.springframework.cloud.autoconfigure.ConfigurationPropertiesRebinderAutoConfiguration' of type [org.springframework.cloud.autoconfigure.ConfigurationPropertiesRebinderAutoConfiguration] is not eligible for getting processed by all BeanPostProcessors (for example: not eligible for auto-proxying)
>2020-09-14 21:53:12.153 [main] INFO  [com.swust.homepage.ZuulGatewayApplication:651] [,] - No active profile set, falling back to default profiles: default
>2020-09-14 21:53:13.122 [main] INFO  [o.springframework.cloud.context.scope.GenericScope:295] [,] - BeanFactory id=920c3b20-7f4d-3074-9abd-ba3cfcbb4161
>2020-09-14 21:53:13.411 [main] INFO  [o.s.c.s.PostProcessorRegistrationDelegate$BeanPostProcessorChecker:335] [,] - Bean 'org.springframework.cloud.autoconfigure.ConfigurationPropertiesRebinderAutoConfiguration' of type [org.springframework.cloud.autoconfigure.ConfigurationPropertiesRebinderAutoConfiguration] is not eligible for getting processed by all BeanPostProcessors (for example: not eligible for auto-proxying)
>2020-09-14 21:53:13.719 [main] INFO  [o.s.boot.web.embedded.tomcat.TomcatWebServer:108] [,] - Tomcat initialized with port(s): 8003 (http)
>2020-09-14 21:53:13.738 [main] INFO  [org.apache.coyote.http11.Http11NioProtocol:173] [,] - Initializing ProtocolHandler ["http-nio-8003"]
>2020-09-14 21:53:13.739 [main] INFO  [org.apache.catalina.core.StandardService:173] [,] - Starting service [Tomcat]
>2020-09-14 21:53:13.739 [main] INFO  [org.apache.catalina.core.StandardEngine:173] [,] - Starting Servlet engine: [Apache Tomcat/9.0.37]
>2020-09-14 21:53:13.953 [main] INFO  [o.a.c.core.ContainerBase.[Tomcat].[localhost].[/]:173] [,] - Initializing Spring embedded WebApplicationContext
>2020-09-14 21:53:13.953 [main] INFO  [o.s.b.w.s.c.ServletWebServerApplicationContext:285] [,] - Root WebApplicationContext: initialization completed in 1781 ms
>2020-09-14 21:53:14.074 [main] WARN  [com.netflix.config.sources.URLConfigurationSource:121] [,] - No URLs will be polled as dynamic configuration sources.
>2020-09-14 21:53:14.074 [main] INFO  [com.netflix.config.sources.URLConfigurationSource:122] [,] - To enable URLs as dynamic configuration sources, define System property archaius.configurationSource.additionalUrls or make config.properties available on classpath.
>2020-09-14 21:53:14.084 [main] INFO  [com.netflix.config.DynamicPropertyFactory:281] [,] - DynamicPropertyFactory is initialized with configuration sources: com.netflix.config.ConcurrentCompositeConfiguration@6848a051
>2020-09-14 21:53:14.865 [main] WARN  [o.springframework.boot.actuate.endpoint.EndpointId:155] [,] - Endpoint ID 'service-registry' contains invalid characters, please migrate to a valid format.
>2020-09-14 21:53:14.866 [main] WARN  [o.springframework.boot.actuate.endpoint.EndpointId:155] [,] - Endpoint ID 'hystrix.stream' contains invalid characters, please migrate to a valid format.
>2020-09-14 21:53:15.406 [main] WARN  [com.netflix.config.sources.URLConfigurationSource:121] [,] - No URLs will be polled as dynamic configuration sources.
>2020-09-14 21:53:15.407 [main] INFO  [com.netflix.config.sources.URLConfigurationSource:122] [,] - To enable URLs as dynamic configuration sources, define System property archaius.configurationSource.additionalUrls or make config.properties available on classpath.
>2020-09-14 21:53:15.614 [main] INFO  [o.s.scheduling.concurrent.ThreadPoolTaskExecutor:181] [,] - Initializing ExecutorService 'applicationTaskExecutor'
>2020-09-14 21:53:17.089 [main] WARN  [o.s.c.l.c.BlockingLoadBalancerClientAutoConfiguration$BlockingLoadBalancerClientRibbonWarnLogger:106] [,] - You already have RibbonLoadBalancerClient on your classpath. It will be used by default. As Spring Cloud Ribbon is in maintenance mode. We recommend switching to BlockingLoadBalancerClient instead. In order to use it, set the value of `spring.cloud.loadbalancer.ribbon.enabled` to `false` or remove spring-cloud-starter-netflix-ribbon from your project.
>2020-09-14 21:53:17.178 [main] WARN  [o.s.c.l.c.LoadBalancerCacheAutoConfiguration$LoadBalancerCaffeineWarnLogger:81] [,] - Spring Cloud LoadBalancer is currently working with default default cache. You can switch to using Caffeine cache, by adding it to the classpath.
>2020-09-14 21:53:17.666 [main] INFO  [o.s.cloud.netflix.zuul.ZuulFilterInitializer:67] [,] - Starting filter initializer
>2020-09-14 21:53:17.742 [main] INFO  [o.s.b.actuate.endpoint.web.EndpointLinksResolver:58] [,] - Exposing 2 endpoint(s) beneath base path '/actuator'
>2020-09-14 21:53:17.812 [main] INFO  [o.s.cloud.netflix.eureka.InstanceInfoFactory:72] [,] - Setting initial instance status as: STARTING
>2020-09-14 21:53:17.845 [main] INFO  [com.netflix.discovery.DiscoveryClient:365] [,] - Initializing Eureka in region us-east-1
>2020-09-14 21:53:17.920 [main] INFO  [c.n.discovery.provider.DiscoveryJerseyProvider:70] [,] - Using JSON encoding codec LegacyJacksonJson
>2020-09-14 21:53:17.921 [main] INFO  [c.n.discovery.provider.DiscoveryJerseyProvider:71] [,] - Using JSON decoding codec LegacyJacksonJson
>2020-09-14 21:53:18.016 [main] INFO  [c.n.discovery.provider.DiscoveryJerseyProvider:80] [,] - Using XML encoding codec XStreamXml
>2020-09-14 21:53:18.017 [main] INFO  [c.n.discovery.provider.DiscoveryJerseyProvider:81] [,] - Using XML decoding codec XStreamXml
>2020-09-14 21:53:18.174 [main] INFO  [c.n.d.shared.resolver.aws.ConfigClusterResolver:43] [,] - Resolving eureka endpoints via configuration
>2020-09-14 21:53:18.377 [main] INFO  [com.netflix.discovery.DiscoveryClient:976] [,] - Disable delta property : false
>2020-09-14 21:53:18.377 [main] INFO  [com.netflix.discovery.DiscoveryClient:977] [,] - Single vip registry refresh property : null
>2020-09-14 21:53:18.377 [main] INFO  [com.netflix.discovery.DiscoveryClient:978] [,] - Force full registry fetch : false
>2020-09-14 21:53:18.378 [main] INFO  [com.netflix.discovery.DiscoveryClient:979] [,] - Application is null : false
>2020-09-14 21:53:18.378 [main] INFO  [com.netflix.discovery.DiscoveryClient:980] [,] - Registered Applications size is zero : true
>2020-09-14 21:53:18.379 [main] INFO  [com.netflix.discovery.DiscoveryClient:982] [,] - Application version is -1: true
>2020-09-14 21:53:18.379 [main] INFO  [com.netflix.discovery.DiscoveryClient:1065] [,] - Getting all instance registry info from the eureka server
>2020-09-14 21:53:18.610 [main] INFO  [com.netflix.discovery.DiscoveryClient:1074] [,] - The response status is 200
>2020-09-14 21:53:18.612 [main] INFO  [com.netflix.discovery.DiscoveryClient:1288] [,] - Starting heartbeat executor: renew interval is: 30
>2020-09-14 21:53:18.614 [main] INFO  [com.netflix.discovery.InstanceInfoReplicator:60] [,] - InstanceInfoReplicator onDemand update allowed rate per min is 4
>2020-09-14 21:53:18.617 [main] INFO  [com.netflix.discovery.DiscoveryClient:465] [,] - Discovery Client initialized at timestamp 1600091598616 with initial instances count: 0
>2020-09-14 21:53:18.624 [main] INFO  [o.s.c.n.e.serviceregistry.EurekaServiceRegistry:41] [,] - Registering application HOMEPAGE-GATEWAY with eureka with status UP
>2020-09-14 21:53:18.625 [main] INFO  [com.netflix.discovery.DiscoveryClient:1323] [,] - Saw local status change event StatusChangeEvent [timestamp=1600091598625, current=UP, previous=STARTING]
>2020-09-14 21:53:18.628 [DiscoveryClient-InstanceInfoReplicator-0] INFO  [com.netflix.discovery.DiscoveryClient:844] [,] - DiscoveryClient_HOMEPAGE-GATEWAY/DESKTOP-P8HKM53:homepage-gateway:8003: registering service...
>2020-09-14 21:53:18.632 [main] INFO  [org.apache.coyote.http11.Http11NioProtocol:173] [,] - Starting ProtocolHandler ["http-nio-8003"]
>2020-09-14 21:53:18.658 [main] INFO  [o.s.boot.web.embedded.tomcat.TomcatWebServer:220] [,] - Tomcat started on port(s): 8003 (http) with context path ''
>2020-09-14 21:53:18.659 [main] INFO  [o.s.c.n.e.s.EurekaAutoServiceRegistration:145] [,] - Updating port to 8003
>2020-09-14 21:53:18.707 [DiscoveryClient-InstanceInfoReplicator-0] INFO  [com.netflix.discovery.DiscoveryClient:853] [,] - DiscoveryClient_HOMEPAGE-GATEWAY/DESKTOP-P8HKM53:homepage-gateway:8003 - registration status: 204
>2020-09-14 21:53:19.102 [main] INFO  [com.swust.homepage.ZuulGatewayApplication:61] [,] - Started ZuulGatewayApplication in 8.781 seconds (JVM running for 10.219)
>2020-09-14 21:53:20.174 [RMI TCP Connection(3)-192.168.1.101] INFO  [o.a.c.core.ContainerBase.[Tomcat].[localhost].[/]:173] [,] - Initializing Spring DispatcherServlet 'dispatcherServlet'
>2020-09-14 21:53:20.175 [RMI TCP Connection(3)-192.168.1.101] INFO  [org.springframework.web.servlet.DispatcherServlet:525] [,] - Initializing Servlet 'dispatcherServlet'
>2020-09-14 21:53:20.186 [RMI TCP Connection(3)-192.168.1.101] INFO  [org.springframework.web.servlet.DispatcherServlet:547] [,] - Completed initialization in 11 ms
>2020-09-14 21:53:48.615 [DiscoveryClient-CacheRefreshExecutor-0] INFO  [com.netflix.discovery.DiscoveryClient:976] [,] - Disable delta property : false
>2020-09-14 21:53:48.616 [DiscoveryClient-CacheRefreshExecutor-0] INFO  [com.netflix.discovery.DiscoveryClient:977] [,] - Single vip registry refresh property : null
>2020-09-14 21:53:48.617 [DiscoveryClient-CacheRefreshExecutor-0] INFO  [com.netflix.discovery.DiscoveryClient:978] [,] - Force full registry fetch : false
>2020-09-14 21:53:48.617 [DiscoveryClient-CacheRefreshExecutor-0] INFO  [com.netflix.discovery.DiscoveryClient:979] [,] - Application is null : false
>2020-09-14 21:53:48.617 [DiscoveryClient-CacheRefreshExecutor-0] INFO  [com.netflix.discovery.DiscoveryClient:980] [,] - Registered Applications size is zero : true
>2020-09-14 21:53:48.617 [DiscoveryClient-CacheRefreshExecutor-0] INFO  [com.netflix.discovery.DiscoveryClient:982] [,] - Application version is -1: false
>2020-09-14 21:53:48.618 [DiscoveryClient-CacheRefreshExecutor-0] INFO  [com.netflix.discovery.DiscoveryClient:1065] [,] - Getting all instance registry info from the eureka server
>2020-09-14 21:53:48.647 [DiscoveryClient-CacheRefreshExecutor-0] INFO  [com.netflix.discovery.DiscoveryClient:1074] [,] - The response status is 200
>2020-09-14 21:55:11.675 [http-nio-8003-exec-1] INFO  [com.netflix.config.ChainedDynamicProperty:115] [89dbe201bf1b7c01,89dbe201bf1b7c01] - Flipping property: eureka-client-homepage-user.ribbon.ActiveConnectionsLimit to use NEXT property: niws.loadbalancer.availabilityFilteringRule.activeConnectionsLimit = 2147483647
>2020-09-14 21:55:11.708 [http-nio-8003-exec-1] INFO  [com.netflix.util.concurrent.ShutdownEnabledTimer:58] [89dbe201bf1b7c01,89dbe201bf1b7c01] - Shutdown hook installed for: NFLoadBalancer-PingTimer-eureka-client-homepage-user
>2020-09-14 21:55:11.709 [http-nio-8003-exec-1] INFO  [com.netflix.loadbalancer.BaseLoadBalancer:197] [89dbe201bf1b7c01,89dbe201bf1b7c01] - Client: eureka-client-homepage-user instantiated a LoadBalancer: DynamicServerListLoadBalancer:{NFLoadBalancer:name=eureka-client-homepage-user,current list of Servers=[],Load balancer stats=Zone stats: {},Server stats: []}ServerList:null
>2020-09-14 21:55:11.716 [http-nio-8003-exec-1] INFO  [c.n.loadbalancer.DynamicServerListLoadBalancer:222] [89dbe201bf1b7c01,89dbe201bf1b7c01] - Using serverListUpdater PollingServerListUpdater
>2020-09-14 21:55:11.738 [http-nio-8003-exec-1] INFO  [com.netflix.config.ChainedDynamicProperty:115] [89dbe201bf1b7c01,89dbe201bf1b7c01] - Flipping property: eureka-client-homepage-user.ribbon.ActiveConnectionsLimit to use NEXT property: niws.loadbalancer.availabilityFilteringRule.activeConnectionsLimit = 2147483647
>2020-09-14 21:55:11.740 [http-nio-8003-exec-1] INFO  [c.n.loadbalancer.DynamicServerListLoadBalancer:150] [89dbe201bf1b7c01,89dbe201bf1b7c01] - DynamicServerListLoadBalancer for client eureka-client-homepage-user initialized: DynamicServerListLoadBalancer:{NFLoadBalancer:name=eureka-client-homepage-user,current list of Servers=[DESKTOP-P8HKM53:8002],Load balancer stats=Zone stats: {defaultzone=[Zone:defaultzone;	Instance count:1;	Active connections count: 0;	Circuit breaker tripped count: 0;	Active connections per server: 0.0;]
},Server stats: [[Server:DESKTOP-P8HKM53:8002;	Zone:defaultZone;	Total Requests:0;	Successive connection failure:0;	Total blackout seconds:0;	Last connection made:Thu Jan 01 08:00:00 CST 1970;	First connection made: Thu Jan 01 08:00:00 CST 1970;	Active Connections:0;	total failure count in last (1000) msecs:0;	average resp time:0.0;	90 percentile resp time:0.0;	95 percentile resp time:0.0;	min resp time:0.0;	max resp time:0.0;	stddev resp time:0.0]
]}ServerList:org.springframework.cloud.netflix.ribbon.eureka.DomainExtractingServerList@1485c871
>2020-09-14 21:55:12.721 [PollingServerListUpdater-0] INFO  [com.netflix.config.ChainedDynamicProperty:115] [,] - Flipping property: eureka-client-homepage-user.ribbon.ActiveConnectionsLimit to use NEXT property: niws.loadbalancer.availabilityFilteringRule.activeConnectionsLimit = 2147483647
>2020-09-14 21:55:12.962 [http-nio-8003-exec-1] WARN  [o.s.c.netflix.zuul.filters.post.SendErrorFilter:84] [89dbe201bf1b7c01,89dbe201bf1b7c01] - Error during filtering
>com.netflix.zuul.exception.ZuulException: 
	at org.springframework.cloud.netflix.zuul.filters.post.SendErrorFilter.findZuulException(SendErrorFilter.java:118)
	at org.springframework.cloud.netflix.zuul.filters.post.SendErrorFilter.run(SendErrorFilter.java:78)
	at com.netflix.zuul.ZuulFilter.runFilter(ZuulFilter.java:117)
	at com.netflix.zuul.FilterProcessor.processZuulFilter(FilterProcessor.java:193)
	at com.netflix.zuul.FilterProcessor.runFilters(FilterProcessor.java:157)
	at com.netflix.zuul.FilterProcessor.error(FilterProcessor.java:105)
	at com.netflix.zuul.ZuulRunner.error(ZuulRunner.java:112)
	at com.netflix.zuul.http.ZuulServlet.error(ZuulServlet.java:145)
	at com.netflix.zuul.http.ZuulServlet.service(ZuulServlet.java:83)
	at org.springframework.web.servlet.mvc.ServletWrappingController.handleRequestInternal(ServletWrappingController.java:166)
	at org.springframework.cloud.netflix.zuul.web.ZuulController.handleRequest(ZuulController.java:45)
	at org.springframework.web.servlet.mvc.SimpleControllerHandlerAdapter.handle(SimpleControllerHandlerAdapter.java:52)
	at org.springframework.web.servlet.DispatcherServlet.doDispatch(DispatcherServlet.java:1040)
	at org.springframework.web.servlet.DispatcherServlet.doService(DispatcherServlet.java:943)
	at org.springframework.web.servlet.FrameworkServlet.processRequest(FrameworkServlet.java:1006)
	at org.springframework.web.servlet.FrameworkServlet.doPost(FrameworkServlet.java:909)
	at javax.servlet.http.HttpServlet.service(HttpServlet.java:652)
	at org.springframework.web.servlet.FrameworkServlet.service(FrameworkServlet.java:883)
	at javax.servlet.http.HttpServlet.service(HttpServlet.java:733)
	at org.apache.catalina.core.ApplicationFilterChain.internalDoFilter(ApplicationFilterChain.java:231)
	at org.apache.catalina.core.ApplicationFilterChain.doFilter(ApplicationFilterChain.java:166)
	at org.apache.tomcat.websocket.server.WsFilter.doFilter(WsFilter.java:53)
	at org.apache.catalina.core.ApplicationFilterChain.internalDoFilter(ApplicationFilterChain.java:193)
	at org.apache.catalina.core.ApplicationFilterChain.doFilter(ApplicationFilterChain.java:166)
	at brave.servlet.TracingFilter.doFilter(TracingFilter.java:65)
	at org.apache.catalina.core.ApplicationFilterChain.internalDoFilter(ApplicationFilterChain.java:193)
	at org.apache.catalina.core.ApplicationFilterChain.doFilter(ApplicationFilterChain.java:166)
	at org.springframework.web.filter.RequestContextFilter.doFilterInternal(RequestContextFilter.java:100)
	at org.springframework.web.filter.OncePerRequestFilter.doFilter(OncePerRequestFilter.java:119)
	at org.apache.catalina.core.ApplicationFilterChain.internalDoFilter(ApplicationFilterChain.java:193)
	at org.apache.catalina.core.ApplicationFilterChain.doFilter(ApplicationFilterChain.java:166)
	at org.springframework.web.filter.FormContentFilter.doFilterInternal(FormContentFilter.java:93)
	at org.springframework.web.filter.OncePerRequestFilter.doFilter(OncePerRequestFilter.java:119)
	at org.apache.catalina.core.ApplicationFilterChain.internalDoFilter(ApplicationFilterChain.java:193)
	at org.apache.catalina.core.ApplicationFilterChain.doFilter(ApplicationFilterChain.java:166)
	at org.springframework.cloud.sleuth.instrument.web.ExceptionLoggingFilter.doFilter(ExceptionLoggingFilter.java:50)
	at org.apache.catalina.core.ApplicationFilterChain.internalDoFilter(ApplicationFilterChain.java:193)
	at org.apache.catalina.core.ApplicationFilterChain.doFilter(ApplicationFilterChain.java:166)
	at brave.servlet.TracingFilter.doFilter(TracingFilter.java:82)
	at org.springframework.cloud.sleuth.instrument.web.LazyTracingFilter.doFilter(TraceWebServletAutoConfiguration.java:138)
	at org.apache.catalina.core.ApplicationFilterChain.internalDoFilter(ApplicationFilterChain.java:193)
	at org.apache.catalina.core.ApplicationFilterChain.doFilter(ApplicationFilterChain.java:166)
	at org.springframework.boot.actuate.metrics.web.servlet.WebMvcMetricsFilter.doFilterInternal(WebMvcMetricsFilter.java:93)
	at org.springframework.web.filter.OncePerRequestFilter.doFilter(OncePerRequestFilter.java:119)
	at org.apache.catalina.core.ApplicationFilterChain.internalDoFilter(ApplicationFilterChain.java:193)
	at org.apache.catalina.core.ApplicationFilterChain.doFilter(ApplicationFilterChain.java:166)
	at org.springframework.web.filter.CharacterEncodingFilter.doFilterInternal(CharacterEncodingFilter.java:201)
	at org.springframework.web.filter.OncePerRequestFilter.doFilter(OncePerRequestFilter.java:119)
	at org.apache.catalina.core.ApplicationFilterChain.internalDoFilter(ApplicationFilterChain.java:193)
	at org.apache.catalina.core.ApplicationFilterChain.doFilter(ApplicationFilterChain.java:166)
	at org.apache.catalina.core.StandardWrapperValve.invoke(StandardWrapperValve.java:202)
	at org.apache.catalina.core.StandardContextValve.invoke(StandardContextValve.java:96)
	at org.apache.catalina.authenticator.AuthenticatorBase.invoke(AuthenticatorBase.java:541)
	at org.apache.catalina.core.StandardHostValve.invoke(StandardHostValve.java:139)
	at org.apache.catalina.valves.ErrorReportValve.invoke(ErrorReportValve.java:92)
	at org.apache.catalina.core.StandardEngineValve.invoke(StandardEngineValve.java:74)
	at org.apache.catalina.connector.CoyoteAdapter.service(CoyoteAdapter.java:343)
	at org.apache.coyote.http11.Http11Processor.service(Http11Processor.java:373)
	at org.apache.coyote.AbstractProcessorLight.process(AbstractProcessorLight.java:65)
	at org.apache.coyote.AbstractProtocol$ConnectionHandler.process(AbstractProtocol.java:868)
	at org.apache.tomcat.util.net.NioEndpoint$SocketProcessor.doRun(NioEndpoint.java:1589)
	at org.apache.tomcat.util.net.SocketProcessorBase.run(SocketProcessorBase.java:49)
	at java.util.concurrent.ThreadPoolExecutor.runWorker(ThreadPoolExecutor.java:1142)
	at java.util.concurrent.ThreadPoolExecutor$Worker.run(ThreadPoolExecutor.java:617)
	at org.apache.tomcat.util.threads.TaskThread$WrappingRunnable.run(TaskThread.java:61)
	at java.lang.Thread.run(Thread.java:748)
2020-09-14 21:55:13.001 [http-nio-8003-exec-1] INFO  [com.swust.homepage.filter.AccessLogFilter:53] [89dbe201bf1b7c01,89dbe201bf1b7c01] - uri: /error, duration: 14ms
>2020-09-14 21:55:14.167 [http-nio-8003-exec-2] INFO  [com.swust.homepage.filter.AccessLogFilter:53] [b20ff5b3d03f80b7,b20ff5b3d03f80b7] - uri: /imooc/homepage-user/getUserCourses, duration: 0ms
>2020-09-14 21:56:10.372 [http-nio-8003-exec-4] INFO  [com.swust.homepage.filter.AccessLogFilter:53] [ccc804f4ff033def,ccc804f4ff033def] - uri: /imooc/homepage-user/getUserCourses, duration: 0ms
>2020-09-14 21:58:18.382 [AsyncResolver-bootstrap-executor-0] INFO  [c.n.d.shared.resolver.aws.ConfigClusterResolver:43] [,] - Resolving eureka endpoints via configuration
>2020-09-14 22:03:18.385 [AsyncResolver-bootstrap-executor-0] INFO  [c.n.d.shared.resolver.aws.ConfigClusterResolver:43] [,] - Resolving eureka endpoints via configuration
>2020-09-14 22:08:18.388 [AsyncResolver-bootstrap-executor-0] INFO  [c.n.d.shared.resolver.aws.ConfigClusterResolver:43] [,] - Resolving eureka endpoints via configuration
>2020-09-14 22:13:18.391 [AsyncResolver-bootstrap-executor-0] INFO  [c.n.d.shared.resolver.aws.ConfigClusterResolver:43] [,] - Resolving eureka endpoints via configuration
>2020-09-14 22:18:18.395 [AsyncResolver-bootstrap-executor-0] INFO  [c.n.d.shared.resolver.aws.ConfigClusterResolver:43] [,] - Resolving eureka endpoints via configuration
>2020-09-14 22:23:18.397 [AsyncResolver-bootstrap-executor-0] INFO  [c.n.d.shared.resolver.aws.ConfigClusterResolver:43] [,] - Resolving eureka endpoints via configuration
>2020-09-14 22:27:44.758 [http-nio-8003-exec-7] INFO  [com.swust.homepage.filter.AccessLogFilter:53] [e32693b2e4211c03,e32693b2e4211c03] - uri: /imooc/homepage-user/getUserCourses, duration: 3ms
>2020-09-14 22:28:18.398 [AsyncResolver-bootstrap-executor-0] INFO  [c.n.d.shared.resolver.aws.ConfigClusterResolver:43] [,] - Resolving eureka endpoints via configuration
>2020-09-14 22:28:40.006 [http-nio-8003-exec-8] INFO  [com.swust.homepage.filter.AccessLogFilter:53] [b583d43fa4a41b39,b583d43fa4a41b39] - uri: /imooc/homepage-user/getUserCourses, duration: 0ms
>2020-09-14 22:33:18.405 [AsyncResolver-bootstrap-executor-0] INFO  [c.n.d.shared.resolver.aws.ConfigClusterResolver:43] [,] - Resolving eureka endpoints via configuration
>