2020-08-13 20:28:52.708 [main] INFO  [org.springframework.context.support.PostProcessorRegistrationDelegate$BeanPostProcessorChecker:335] [,] - Bean 'org.springframework.cloud.autoconfigure.ConfigurationPropertiesRebinderAutoConfiguration' of type [org.springframework.cloud.autoconfigure.ConfigurationPropertiesRebinderAutoConfiguration] is not eligible for getting processed by all BeanPostProcessors (for example: not eligible for auto-proxying)
2020-08-13 20:28:53.416 [main] INFO  [com.swust.homepage.EurekaApplication:655] [,] - The following profiles are active: native
2020-08-13 20:28:54.671 [main] INFO  [org.springframework.cloud.context.scope.GenericScope:295] [,] - BeanFactory id=52771f36-7b8d-375d-8382-629d2536f5fb
2020-08-13 20:28:54.968 [main] INFO  [org.springframework.context.support.PostProcessorRegistrationDelegate$BeanPostProcessorChecker:335] [,] - Bean 'org.springframework.cloud.autoconfigure.ConfigurationPropertiesRebinderAutoConfiguration' of type [org.springframework.cloud.autoconfigure.ConfigurationPropertiesRebinderAutoConfiguration] is not eligible for getting processed by all BeanPostProcessors (for example: not eligible for auto-proxying)
2020-08-13 20:28:55.265 [main] INFO  [org.springframework.boot.web.embedded.tomcat.TomcatWebServer:108] [,] - Tomcat initialized with port(s): 8000 (http)
2020-08-13 20:28:55.274 [main] INFO  [org.apache.coyote.http11.Http11NioProtocol:173] [,] - Initializing ProtocolHandler ["http-nio-8000"]
2020-08-13 20:28:55.275 [main] INFO  [org.apache.catalina.core.StandardService:173] [,] - Starting service [Tomcat]
2020-08-13 20:28:55.275 [main] INFO  [org.apache.catalina.core.StandardEngine:173] [,] - Starting Servlet engine: [Apache Tomcat/9.0.37]
2020-08-13 20:28:55.531 [main] INFO  [org.apache.catalina.core.ContainerBase.[Tomcat].[localhost].[/]:173] [,] - Initializing Spring embedded WebApplicationContext
2020-08-13 20:28:55.531 [main] INFO  [org.springframework.boot.web.servlet.context.ServletWebServerApplicationContext:285] [,] - Root WebApplicationContext: initialization completed in 2102 ms
2020-08-13 20:28:55.681 [main] WARN  [com.netflix.config.sources.URLConfigurationSource:121] [,] - No URLs will be polled as dynamic configuration sources.
2020-08-13 20:28:55.681 [main] INFO  [com.netflix.config.sources.URLConfigurationSource:122] [,] - To enable URLs as dynamic configuration sources, define System property archaius.configurationSource.additionalUrls or make config.properties available on classpath.
2020-08-13 20:28:55.697 [main] INFO  [com.netflix.config.DynamicPropertyFactory:281] [,] - DynamicPropertyFactory is initialized with configuration sources: com.netflix.config.ConcurrentCompositeConfiguration@3dce6dd8
2020-08-13 20:28:56.158 [main] WARN  [org.springframework.boot.actuate.endpoint.EndpointId:155] [,] - Endpoint ID 'service-registry' contains invalid characters, please migrate to a valid format.
2020-08-13 20:28:56.910 [main] WARN  [org.springframework.cloud.sleuth.zipkin2.ZipkinAutoConfiguration:114] [,] - Check result of the [AsyncReporter{org.springframework.cloud.sleuth.zipkin2.sender.RestTemplateSender@307c59ea}] contains an error [CheckResult{ok=false, error=org.springframework.web.client.ResourceAccessException: I/O error on POST request for "http://localhost:9411/api/v2/spans": connect timed out; nested exception is java.net.SocketTimeoutException: connect timed out}]
2020-08-13 20:28:57.270 [main] INFO  [com.sun.jersey.server.impl.application.WebApplicationImpl:815] [,] - Initiating Jersey application, version 'Jersey: 1.19.1 03/11/2016 02:08 PM'
2020-08-13 20:28:57.339 [main] INFO  [com.netflix.discovery.provider.DiscoveryJerseyProvider:70] [,] - Using JSON encoding codec LegacyJacksonJson
2020-08-13 20:28:57.339 [main] INFO  [com.netflix.discovery.provider.DiscoveryJerseyProvider:71] [,] - Using JSON decoding codec LegacyJacksonJson
2020-08-13 20:28:57.447 [main] INFO  [com.netflix.discovery.provider.DiscoveryJerseyProvider:80] [,] - Using XML encoding codec XStreamXml
2020-08-13 20:28:57.447 [main] INFO  [com.netflix.discovery.provider.DiscoveryJerseyProvider:81] [,] - Using XML decoding codec XStreamXml
2020-08-13 20:28:57.768 [main] WARN  [com.netflix.config.sources.URLConfigurationSource:121] [,] - No URLs will be polled as dynamic configuration sources.
2020-08-13 20:28:57.768 [main] INFO  [com.netflix.config.sources.URLConfigurationSource:122] [,] - To enable URLs as dynamic configuration sources, define System property archaius.configurationSource.additionalUrls or make config.properties available on classpath.
2020-08-13 20:28:58.035 [main] INFO  [org.springframework.scheduling.concurrent.ThreadPoolTaskExecutor:181] [,] - Initializing ExecutorService 'applicationTaskExecutor'
2020-08-13 20:28:59.938 [main] WARN  [org.springframework.cloud.loadbalancer.config.BlockingLoadBalancerClientAutoConfiguration$BlockingLoadBalancerClientRibbonWarnLogger:106] [,] - You already have RibbonLoadBalancerClient on your classpath. It will be used by default. As Spring Cloud Ribbon is in maintenance mode. We recommend switching to BlockingLoadBalancerClient instead. In order to use it, set the value of `spring.cloud.loadbalancer.ribbon.enabled` to `false` or remove spring-cloud-starter-netflix-ribbon from your project.
2020-08-13 20:29:00.508 [main] WARN  [org.springframework.cloud.loadbalancer.config.LoadBalancerCacheAutoConfiguration$LoadBalancerCaffeineWarnLogger:81] [,] - Spring Cloud LoadBalancer is currently working with default default cache. You can switch to using Caffeine cache, by adding it to the classpath.
2020-08-13 20:29:00.529 [main] INFO  [org.springframework.cloud.netflix.eureka.InstanceInfoFactory:72] [,] - Setting initial instance status as: STARTING
2020-08-13 20:29:00.576 [main] INFO  [com.netflix.discovery.DiscoveryClient:365] [,] - Initializing Eureka in region us-east-1
2020-08-13 20:29:00.576 [main] INFO  [com.netflix.discovery.DiscoveryClient:368] [,] - Client configured to neither register nor query for data.
2020-08-13 20:29:00.585 [main] INFO  [com.netflix.discovery.DiscoveryClient:381] [,] - Discovery Client initialized at timestamp 1597321740584 with initial instances count: 0
2020-08-13 20:29:00.636 [main] INFO  [com.netflix.eureka.DefaultEurekaServerContext:63] [,] - Initializing ...
2020-08-13 20:29:00.638 [main] WARN  [com.netflix.eureka.cluster.PeerEurekaNodes:155] [,] - The replica size seems to be empty. Check the route 53 DNS Registry
2020-08-13 20:29:00.655 [main] INFO  [com.netflix.eureka.registry.AbstractInstanceRegistry:151] [,] - Finished initializing remote region registries. All known remote regions: []
2020-08-13 20:29:00.656 [main] INFO  [com.netflix.eureka.DefaultEurekaServerContext:70] [,] - Initialized
2020-08-13 20:29:00.741 [main] INFO  [org.springframework.boot.actuate.endpoint.web.EndpointLinksResolver:58] [,] - Exposing 2 endpoint(s) beneath base path '/actuator'
2020-08-13 20:29:00.814 [main] INFO  [org.springframework.cloud.netflix.eureka.serviceregistry.EurekaServiceRegistry:41] [,] - Registering application HOMEPAGE-EUREKA with eureka with status UP
2020-08-13 20:29:00.814 [main] INFO  [org.apache.coyote.http11.Http11NioProtocol:173] [,] - Starting ProtocolHandler ["http-nio-8000"]
2020-08-13 20:29:00.814 [Thread-29] INFO  [org.springframework.cloud.netflix.eureka.server.EurekaServerBootstrap:110] [,] - Setting the eureka configuration..
2020-08-13 20:29:00.814 [Thread-29] INFO  [org.springframework.cloud.netflix.eureka.server.EurekaServerBootstrap:115] [,] - Eureka data center value eureka.datacenter is not set, defaulting to default
2020-08-13 20:29:00.815 [Thread-29] INFO  [org.springframework.cloud.netflix.eureka.server.EurekaServerBootstrap:129] [,] - Eureka environment value eureka.environment is not set, defaulting to test
2020-08-13 20:29:00.834 [Thread-29] INFO  [org.springframework.cloud.netflix.eureka.server.EurekaServerBootstrap:188] [,] - isAws returned false
2020-08-13 20:29:00.834 [Thread-29] INFO  [org.springframework.cloud.netflix.eureka.server.EurekaServerBootstrap:153] [,] - Initialized server context
2020-08-13 20:29:00.834 [Thread-29] INFO  [com.netflix.eureka.registry.PeerAwareInstanceRegistryImpl:241] [,] - Got 1 instances from neighboring DS node
2020-08-13 20:29:00.834 [Thread-29] INFO  [com.netflix.eureka.registry.PeerAwareInstanceRegistryImpl:242] [,] - Renew threshold is: 1
2020-08-13 20:29:00.834 [Thread-29] INFO  [com.netflix.eureka.registry.PeerAwareInstanceRegistryImpl:253] [,] - Changing status to UP
2020-08-13 20:29:00.846 [Thread-29] INFO  [org.springframework.cloud.netflix.eureka.server.EurekaServerInitializerConfiguration:72] [,] - Started Eureka Server
2020-08-13 20:29:00.850 [main] INFO  [org.springframework.boot.web.embedded.tomcat.TomcatWebServer:220] [,] - Tomcat started on port(s): 8000 (http) with context path ''
2020-08-13 20:29:00.850 [main] INFO  [org.springframework.cloud.netflix.eureka.serviceregistry.EurekaAutoServiceRegistration:145] [,] - Updating port to 8000
2020-08-13 20:29:01.280 [main] INFO  [com.swust.homepage.EurekaApplication:61] [,] - Started EurekaApplication in 9.643 seconds (JVM running for 11.971)
2020-08-13 20:29:01.915 [RMI TCP Connection(8)-192.168.1.101] INFO  [org.apache.catalina.core.ContainerBase.[Tomcat].[localhost].[/]:173] [,] - Initializing Spring DispatcherServlet 'dispatcherServlet'
2020-08-13 20:29:01.915 [RMI TCP Connection(8)-192.168.1.101] INFO  [org.springframework.web.servlet.DispatcherServlet:525] [,] - Initializing Servlet 'dispatcherServlet'
2020-08-13 20:29:01.936 [RMI TCP Connection(8)-192.168.1.101] INFO  [org.springframework.web.servlet.DispatcherServlet:547] [,] - Completed initialization in 21 ms
2020-08-13 20:30:00.836 [Eureka-EvictionTimer] INFO  [com.netflix.eureka.registry.AbstractInstanceRegistry:1250] [,] - Running the evict task with compensationTime 0ms
2020-08-13 20:30:08.692 [http-nio-8000-exec-2] INFO  [com.netflix.eureka.registry.AbstractInstanceRegistry:266] [cfc1d7d674da3a23,cfc1d7d674da3a23] - Registered instance HOMEPAGE-GATEWAY/DESKTOP-P8HKM53:homepage-gateway:8003 with status UP (replication=false)
2020-08-13 20:30:09.140 [AsyncReporter{org.springframework.cloud.sleuth.zipkin2.sender.RestTemplateSender@307c59ea}] WARN  [zipkin2.reporter.AsyncReporter$BoundedAsyncReporter:296] [,] - Spans were dropped due to exceptions. All subsequent errors will be logged at FINE level.
2020-08-13 20:30:09.140 [AsyncReporter{org.springframework.cloud.sleuth.zipkin2.sender.RestTemplateSender@307c59ea}] WARN  [zipkin2.reporter.AsyncReporter$BoundedAsyncReporter:303] [,] - Dropped 1 spans due to ResourceAccessException(I/O error on POST request for "http://localhost:9411/api/v2/spans": connect timed out; nested exception is java.net.SocketTimeoutException: connect timed out)
org.springframework.web.client.ResourceAccessException: I/O error on POST request for "http://localhost:9411/api/v2/spans": connect timed out; nested exception is java.net.SocketTimeoutException: connect timed out
	at org.springframework.web.client.RestTemplate.doExecute(RestTemplate.java:748) ~[spring-web-5.2.8.RELEASE.jar:5.2.8.RELEASE]
	at org.springframework.cloud.sleuth.zipkin2.sender.ZipkinRestTemplateWrapper.doExecute(ZipkinRestTemplateSenderConfiguration.java:228) ~[spring-cloud-sleuth-zipkin-2.2.0.RELEASE.jar:2.2.0.RELEASE]
	at org.springframework.web.client.RestTemplate.exchange(RestTemplate.java:641) ~[spring-web-5.2.8.RELEASE.jar:5.2.8.RELEASE]
	at org.springframework.cloud.sleuth.zipkin2.sender.RestTemplateSender.post(RestTemplateSender.java:129) ~[spring-cloud-sleuth-zipkin-2.2.0.RELEASE.jar:2.2.0.RELEASE]
	at org.springframework.cloud.sleuth.zipkin2.sender.RestTemplateSender$HttpPostCall.doExecute(RestTemplateSender.java:142) ~[spring-cloud-sleuth-zipkin-2.2.0.RELEASE.jar:2.2.0.RELEASE]
	at org.springframework.cloud.sleuth.zipkin2.sender.RestTemplateSender$HttpPostCall.doExecute(RestTemplateSender.java:132) ~[spring-cloud-sleuth-zipkin-2.2.0.RELEASE.jar:2.2.0.RELEASE]
	at zipkin2.Call$Base.execute(Call.java:380) ~[zipkin-2.19.0.jar:?]
	at zipkin2.reporter.AsyncReporter$BoundedAsyncReporter.flush(AsyncReporter.java:285) ~[zipkin-reporter-2.11.0.jar:?]
	at zipkin2.reporter.AsyncReporter$Flusher.run(AsyncReporter.java:354) ~[zipkin-reporter-2.11.0.jar:?]
	at java.lang.Thread.run(Thread.java:748) [?:1.8.0_131]
Caused by: java.net.SocketTimeoutException: connect timed out
	at java.net.DualStackPlainSocketImpl.waitForConnect(Native Method) ~[?:1.8.0_131]
	at java.net.DualStackPlainSocketImpl.socketConnect(DualStackPlainSocketImpl.java:85) ~[?:1.8.0_131]
	at java.net.AbstractPlainSocketImpl.doConnect(AbstractPlainSocketImpl.java:350) ~[?:1.8.0_131]
	at java.net.AbstractPlainSocketImpl.connectToAddress(AbstractPlainSocketImpl.java:206) ~[?:1.8.0_131]
	at java.net.AbstractPlainSocketImpl.connect(AbstractPlainSocketImpl.java:188) ~[?:1.8.0_131]
	at java.net.PlainSocketImpl.connect(PlainSocketImpl.java:172) ~[?:1.8.0_131]
	at java.net.SocksSocketImpl.connect(SocksSocketImpl.java:392) ~[?:1.8.0_131]
	at java.net.Socket.connect(Socket.java:589) ~[?:1.8.0_131]
	at sun.net.NetworkClient.doConnect(NetworkClient.java:175) ~[?:1.8.0_131]
	at sun.net.www.http.HttpClient.openServer(HttpClient.java:463) ~[?:1.8.0_131]
	at sun.net.www.http.HttpClient.openServer(HttpClient.java:558) ~[?:1.8.0_131]
	at sun.net.www.http.HttpClient.<init>(HttpClient.java:242) ~[?:1.8.0_131]
	at sun.net.www.http.HttpClient.New(HttpClient.java:339) ~[?:1.8.0_131]
	at sun.net.www.http.HttpClient.New(HttpClient.java:357) ~[?:1.8.0_131]
	at sun.net.www.protocol.http.HttpURLConnection.getNewHttpClient(HttpURLConnection.java:1202) ~[?:1.8.0_131]
	at sun.net.www.protocol.http.HttpURLConnection.plainConnect0(HttpURLConnection.java:1138) ~[?:1.8.0_131]
	at sun.net.www.protocol.http.HttpURLConnection.plainConnect(HttpURLConnection.java:1032) ~[?:1.8.0_131]
	at sun.net.www.protocol.http.HttpURLConnection.connect(HttpURLConnection.java:966) ~[?:1.8.0_131]
	at org.springframework.http.client.SimpleBufferingClientHttpRequest.executeInternal(SimpleBufferingClientHttpRequest.java:76) ~[spring-web-5.2.8.RELEASE.jar:5.2.8.RELEASE]
	at org.springframework.http.client.AbstractBufferingClientHttpRequest.executeInternal(AbstractBufferingClientHttpRequest.java:48) ~[spring-web-5.2.8.RELEASE.jar:5.2.8.RELEASE]
	at org.springframework.http.client.AbstractClientHttpRequest.execute(AbstractClientHttpRequest.java:53) ~[spring-web-5.2.8.RELEASE.jar:5.2.8.RELEASE]
	at org.springframework.web.client.RestTemplate.doExecute(RestTemplate.java:739) ~[spring-web-5.2.8.RELEASE.jar:5.2.8.RELEASE]
	... 9 more
2020-08-13 20:30:12.865 [http-nio-8000-exec-3] INFO  [org.springframework.cloud.config.server.environment.NativeEnvironmentRepository:278] [b40612abf09387f2,b40612abf09387f2] - Adding property source: classpath:/configs/course-dev.properties
2020-08-13 20:30:22.365 [http-nio-8000-exec-4] INFO  [org.springframework.cloud.config.server.environment.NativeEnvironmentRepository:278] [509d127d2f92ff33,509d127d2f92ff33] - Adding property source: classpath:/configs/user-dev.properties
2020-08-13 20:30:23.381 [http-nio-8000-exec-6] INFO  [com.netflix.eureka.registry.AbstractInstanceRegistry:266] [cd20f5d3c040943a,cd20f5d3c040943a] - Registered instance EUREKA-CLIENT-HOMEPAGE-COURSE/DESKTOP-P8HKM53:eureka-client-homepage-course:8001 with status UP (replication=false)
2020-08-13 20:30:30.248 [http-nio-8000-exec-9] INFO  [com.netflix.eureka.registry.AbstractInstanceRegistry:266] [bf989eaf655dfb0c,bf989eaf655dfb0c] - Registered instance EUREKA-CLIENT-HOMEPAGE-USER/DESKTOP-P8HKM53:eureka-client-homepage-user:8002 with status UP (replication=false)
2020-08-13 20:31:00.837 [Eureka-EvictionTimer] INFO  [com.netflix.eureka.registry.AbstractInstanceRegistry:1250] [,] - Running the evict task with compensationTime 0ms
2020-08-13 20:32:00.837 [Eureka-EvictionTimer] INFO  [com.netflix.eureka.registry.AbstractInstanceRegistry:1250] [,] - Running the evict task with compensationTime 0ms
2020-08-13 20:33:00.838 [Eureka-EvictionTimer] INFO  [com.netflix.eureka.registry.AbstractInstanceRegistry:1250] [,] - Running the evict task with compensationTime 0ms
2020-08-13 20:34:00.838 [Eureka-EvictionTimer] INFO  [com.netflix.eureka.registry.AbstractInstanceRegistry:1250] [,] - Running the evict task with compensationTime 0ms
2020-08-13 20:36:11.184 [main] INFO  [org.springframework.context.support.PostProcessorRegistrationDelegate$BeanPostProcessorChecker:335] [,] - Bean 'org.springframework.cloud.autoconfigure.ConfigurationPropertiesRebinderAutoConfiguration' of type [org.springframework.cloud.autoconfigure.ConfigurationPropertiesRebinderAutoConfiguration] is not eligible for getting processed by all BeanPostProcessors (for example: not eligible for auto-proxying)
2020-08-13 20:36:11.825 [main] INFO  [com.swust.homepage.EurekaApplication:655] [,] - The following profiles are active: native
2020-08-13 20:36:12.903 [main] INFO  [org.springframework.cloud.context.scope.GenericScope:295] [,] - BeanFactory id=52771f36-7b8d-375d-8382-629d2536f5fb
2020-08-13 20:36:13.184 [main] INFO  [org.springframework.context.support.PostProcessorRegistrationDelegate$BeanPostProcessorChecker:335] [,] - Bean 'org.springframework.cloud.autoconfigure.ConfigurationPropertiesRebinderAutoConfiguration' of type [org.springframework.cloud.autoconfigure.ConfigurationPropertiesRebinderAutoConfiguration] is not eligible for getting processed by all BeanPostProcessors (for example: not eligible for auto-proxying)
2020-08-13 20:36:13.479 [main] INFO  [org.springframework.boot.web.embedded.tomcat.TomcatWebServer:108] [,] - Tomcat initialized with port(s): 8000 (http)
2020-08-13 20:36:13.488 [main] INFO  [org.apache.coyote.http11.Http11NioProtocol:173] [,] - Initializing ProtocolHandler ["http-nio-8000"]
2020-08-13 20:36:13.489 [main] INFO  [org.apache.catalina.core.StandardService:173] [,] - Starting service [Tomcat]
2020-08-13 20:36:13.489 [main] INFO  [org.apache.catalina.core.StandardEngine:173] [,] - Starting Servlet engine: [Apache Tomcat/9.0.37]
2020-08-13 20:36:13.741 [main] INFO  [org.apache.catalina.core.ContainerBase.[Tomcat].[localhost].[/]:173] [,] - Initializing Spring embedded WebApplicationContext
2020-08-13 20:36:13.741 [main] INFO  [org.springframework.boot.web.servlet.context.ServletWebServerApplicationContext:285] [,] - Root WebApplicationContext: initialization completed in 1903 ms
2020-08-13 20:36:13.854 [main] WARN  [com.netflix.config.sources.URLConfigurationSource:121] [,] - No URLs will be polled as dynamic configuration sources.
2020-08-13 20:36:13.855 [main] INFO  [com.netflix.config.sources.URLConfigurationSource:122] [,] - To enable URLs as dynamic configuration sources, define System property archaius.configurationSource.additionalUrls or make config.properties available on classpath.
2020-08-13 20:36:13.865 [main] INFO  [com.netflix.config.DynamicPropertyFactory:281] [,] - DynamicPropertyFactory is initialized with configuration sources: com.netflix.config.ConcurrentCompositeConfiguration@309dcdf3
2020-08-13 20:36:14.290 [main] WARN  [org.springframework.boot.actuate.endpoint.EndpointId:155] [,] - Endpoint ID 'service-registry' contains invalid characters, please migrate to a valid format.
2020-08-13 20:36:14.985 [main] WARN  [org.springframework.cloud.sleuth.zipkin2.ZipkinAutoConfiguration:114] [,] - Check result of the [AsyncReporter{org.springframework.cloud.sleuth.zipkin2.sender.RestTemplateSender@23564dd2}] contains an error [CheckResult{ok=false, error=org.springframework.web.client.ResourceAccessException: I/O error on POST request for "http://localhost:9411/api/v2/spans": connect timed out; nested exception is java.net.SocketTimeoutException: connect timed out}]
2020-08-13 20:36:15.331 [main] INFO  [com.sun.jersey.server.impl.application.WebApplicationImpl:815] [,] - Initiating Jersey application, version 'Jersey: 1.19.1 03/11/2016 02:08 PM'
2020-08-13 20:36:15.390 [main] INFO  [com.netflix.discovery.provider.DiscoveryJerseyProvider:70] [,] - Using JSON encoding codec LegacyJacksonJson
2020-08-13 20:36:15.390 [main] INFO  [com.netflix.discovery.provider.DiscoveryJerseyProvider:71] [,] - Using JSON decoding codec LegacyJacksonJson
2020-08-13 20:36:15.499 [main] INFO  [com.netflix.discovery.provider.DiscoveryJerseyProvider:80] [,] - Using XML encoding codec XStreamXml
2020-08-13 20:36:15.499 [main] INFO  [com.netflix.discovery.provider.DiscoveryJerseyProvider:81] [,] - Using XML decoding codec XStreamXml
2020-08-13 20:36:15.851 [main] WARN  [com.netflix.config.sources.URLConfigurationSource:121] [,] - No URLs will be polled as dynamic configuration sources.
2020-08-13 20:36:15.851 [main] INFO  [com.netflix.config.sources.URLConfigurationSource:122] [,] - To enable URLs as dynamic configuration sources, define System property archaius.configurationSource.additionalUrls or make config.properties available on classpath.
2020-08-13 20:36:16.067 [main] INFO  [org.springframework.scheduling.concurrent.ThreadPoolTaskExecutor:181] [,] - Initializing ExecutorService 'applicationTaskExecutor'
2020-08-13 20:36:18.047 [main] WARN  [org.springframework.cloud.loadbalancer.config.BlockingLoadBalancerClientAutoConfiguration$BlockingLoadBalancerClientRibbonWarnLogger:106] [,] - You already have RibbonLoadBalancerClient on your classpath. It will be used by default. As Spring Cloud Ribbon is in maintenance mode. We recommend switching to BlockingLoadBalancerClient instead. In order to use it, set the value of `spring.cloud.loadbalancer.ribbon.enabled` to `false` or remove spring-cloud-starter-netflix-ribbon from your project.
2020-08-13 20:36:18.597 [main] WARN  [org.springframework.cloud.loadbalancer.config.LoadBalancerCacheAutoConfiguration$LoadBalancerCaffeineWarnLogger:81] [,] - Spring Cloud LoadBalancer is currently working with default default cache. You can switch to using Caffeine cache, by adding it to the classpath.
2020-08-13 20:36:18.620 [main] INFO  [org.springframework.cloud.netflix.eureka.InstanceInfoFactory:72] [,] - Setting initial instance status as: STARTING
2020-08-13 20:36:18.659 [main] INFO  [com.netflix.discovery.DiscoveryClient:365] [,] - Initializing Eureka in region us-east-1
2020-08-13 20:36:18.659 [main] INFO  [com.netflix.discovery.DiscoveryClient:368] [,] - Client configured to neither register nor query for data.
2020-08-13 20:36:18.670 [main] INFO  [com.netflix.discovery.DiscoveryClient:381] [,] - Discovery Client initialized at timestamp 1597322178668 with initial instances count: 0
2020-08-13 20:36:18.737 [main] INFO  [com.netflix.eureka.DefaultEurekaServerContext:63] [,] - Initializing ...
2020-08-13 20:36:18.739 [main] WARN  [com.netflix.eureka.cluster.PeerEurekaNodes:155] [,] - The replica size seems to be empty. Check the route 53 DNS Registry
2020-08-13 20:36:18.757 [main] INFO  [com.netflix.eureka.registry.AbstractInstanceRegistry:151] [,] - Finished initializing remote region registries. All known remote regions: []
2020-08-13 20:36:18.758 [main] INFO  [com.netflix.eureka.DefaultEurekaServerContext:70] [,] - Initialized
2020-08-13 20:36:18.867 [main] INFO  [org.springframework.boot.actuate.endpoint.web.EndpointLinksResolver:58] [,] - Exposing 2 endpoint(s) beneath base path '/actuator'
2020-08-13 20:36:19.001 [main] INFO  [org.springframework.cloud.netflix.eureka.serviceregistry.EurekaServiceRegistry:41] [,] - Registering application HOMEPAGE-EUREKA with eureka with status UP
2020-08-13 20:36:19.004 [main] INFO  [org.apache.coyote.http11.Http11NioProtocol:173] [,] - Starting ProtocolHandler ["http-nio-8000"]
2020-08-13 20:36:19.008 [Thread-30] INFO  [org.springframework.cloud.netflix.eureka.server.EurekaServerBootstrap:110] [,] - Setting the eureka configuration..
2020-08-13 20:36:19.008 [Thread-30] INFO  [org.springframework.cloud.netflix.eureka.server.EurekaServerBootstrap:115] [,] - Eureka data center value eureka.datacenter is not set, defaulting to default
2020-08-13 20:36:19.009 [Thread-30] INFO  [org.springframework.cloud.netflix.eureka.server.EurekaServerBootstrap:129] [,] - Eureka environment value eureka.environment is not set, defaulting to test
2020-08-13 20:36:19.034 [Thread-30] INFO  [org.springframework.cloud.netflix.eureka.server.EurekaServerBootstrap:188] [,] - isAws returned false
2020-08-13 20:36:19.034 [Thread-30] INFO  [org.springframework.cloud.netflix.eureka.server.EurekaServerBootstrap:153] [,] - Initialized server context
2020-08-13 20:36:19.034 [Thread-30] INFO  [com.netflix.eureka.registry.PeerAwareInstanceRegistryImpl:241] [,] - Got 1 instances from neighboring DS node
2020-08-13 20:36:19.034 [Thread-30] INFO  [com.netflix.eureka.registry.PeerAwareInstanceRegistryImpl:242] [,] - Renew threshold is: 1
2020-08-13 20:36:19.035 [Thread-30] INFO  [com.netflix.eureka.registry.PeerAwareInstanceRegistryImpl:253] [,] - Changing status to UP
2020-08-13 20:36:19.056 [Thread-30] INFO  [org.springframework.cloud.netflix.eureka.server.EurekaServerInitializerConfiguration:72] [,] - Started Eureka Server
2020-08-13 20:36:19.059 [main] INFO  [org.springframework.boot.web.embedded.tomcat.TomcatWebServer:220] [,] - Tomcat started on port(s): 8000 (http) with context path ''
2020-08-13 20:36:19.060 [main] INFO  [org.springframework.cloud.netflix.eureka.serviceregistry.EurekaAutoServiceRegistration:145] [,] - Updating port to 8000
2020-08-13 20:36:19.650 [main] INFO  [com.swust.homepage.EurekaApplication:61] [,] - Started EurekaApplication in 9.54 seconds (JVM running for 11.762)
2020-08-13 20:36:19.754 [RMI TCP Connection(1)-192.168.1.101] INFO  [org.apache.catalina.core.ContainerBase.[Tomcat].[localhost].[/]:173] [,] - Initializing Spring DispatcherServlet 'dispatcherServlet'
2020-08-13 20:36:19.754 [RMI TCP Connection(1)-192.168.1.101] INFO  [org.springframework.web.servlet.DispatcherServlet:525] [,] - Initializing Servlet 'dispatcherServlet'
2020-08-13 20:36:19.777 [RMI TCP Connection(1)-192.168.1.101] INFO  [org.springframework.web.servlet.DispatcherServlet:547] [,] - Completed initialization in 23 ms
2020-08-13 20:36:31.503 [http-nio-8000-exec-2] INFO  [com.netflix.eureka.registry.AbstractInstanceRegistry:266] [b15a5ae02ab6a325,b15a5ae02ab6a325] - Registered instance HOMEPAGE-GATEWAY/DESKTOP-P8HKM53:homepage-gateway:8003 with status UP (replication=false)
2020-08-13 20:36:31.977 [AsyncReporter{org.springframework.cloud.sleuth.zipkin2.sender.RestTemplateSender@23564dd2}] WARN  [zipkin2.reporter.AsyncReporter$BoundedAsyncReporter:296] [,] - Spans were dropped due to exceptions. All subsequent errors will be logged at FINE level.
2020-08-13 20:36:31.978 [AsyncReporter{org.springframework.cloud.sleuth.zipkin2.sender.RestTemplateSender@23564dd2}] WARN  [zipkin2.reporter.AsyncReporter$BoundedAsyncReporter:303] [,] - Dropped 1 spans due to ResourceAccessException(I/O error on POST request for "http://localhost:9411/api/v2/spans": connect timed out; nested exception is java.net.SocketTimeoutException: connect timed out)
org.springframework.web.client.ResourceAccessException: I/O error on POST request for "http://localhost:9411/api/v2/spans": connect timed out; nested exception is java.net.SocketTimeoutException: connect timed out
	at org.springframework.web.client.RestTemplate.doExecute(RestTemplate.java:748) ~[spring-web-5.2.8.RELEASE.jar:5.2.8.RELEASE]
	at org.springframework.cloud.sleuth.zipkin2.sender.ZipkinRestTemplateWrapper.doExecute(ZipkinRestTemplateSenderConfiguration.java:228) ~[spring-cloud-sleuth-zipkin-2.2.0.RELEASE.jar:2.2.0.RELEASE]
	at org.springframework.web.client.RestTemplate.exchange(RestTemplate.java:641) ~[spring-web-5.2.8.RELEASE.jar:5.2.8.RELEASE]
	at org.springframework.cloud.sleuth.zipkin2.sender.RestTemplateSender.post(RestTemplateSender.java:129) ~[spring-cloud-sleuth-zipkin-2.2.0.RELEASE.jar:2.2.0.RELEASE]
	at org.springframework.cloud.sleuth.zipkin2.sender.RestTemplateSender$HttpPostCall.doExecute(RestTemplateSender.java:142) ~[spring-cloud-sleuth-zipkin-2.2.0.RELEASE.jar:2.2.0.RELEASE]
	at org.springframework.cloud.sleuth.zipkin2.sender.RestTemplateSender$HttpPostCall.doExecute(RestTemplateSender.java:132) ~[spring-cloud-sleuth-zipkin-2.2.0.RELEASE.jar:2.2.0.RELEASE]
	at zipkin2.Call$Base.execute(Call.java:380) ~[zipkin-2.19.0.jar:?]
	at zipkin2.reporter.AsyncReporter$BoundedAsyncReporter.flush(AsyncReporter.java:285) ~[zipkin-reporter-2.11.0.jar:?]
	at zipkin2.reporter.AsyncReporter$Flusher.run(AsyncReporter.java:354) ~[zipkin-reporter-2.11.0.jar:?]
	at java.lang.Thread.run(Thread.java:748) [?:1.8.0_131]
Caused by: java.net.SocketTimeoutException: connect timed out
	at java.net.DualStackPlainSocketImpl.waitForConnect(Native Method) ~[?:1.8.0_131]
	at java.net.DualStackPlainSocketImpl.socketConnect(DualStackPlainSocketImpl.java:85) ~[?:1.8.0_131]
	at java.net.AbstractPlainSocketImpl.doConnect(AbstractPlainSocketImpl.java:350) ~[?:1.8.0_131]
	at java.net.AbstractPlainSocketImpl.connectToAddress(AbstractPlainSocketImpl.java:206) ~[?:1.8.0_131]
	at java.net.AbstractPlainSocketImpl.connect(AbstractPlainSocketImpl.java:188) ~[?:1.8.0_131]
	at java.net.PlainSocketImpl.connect(PlainSocketImpl.java:172) ~[?:1.8.0_131]
	at java.net.SocksSocketImpl.connect(SocksSocketImpl.java:392) ~[?:1.8.0_131]
	at java.net.Socket.connect(Socket.java:589) ~[?:1.8.0_131]
	at sun.net.NetworkClient.doConnect(NetworkClient.java:175) ~[?:1.8.0_131]
	at sun.net.www.http.HttpClient.openServer(HttpClient.java:463) ~[?:1.8.0_131]
	at sun.net.www.http.HttpClient.openServer(HttpClient.java:558) ~[?:1.8.0_131]
	at sun.net.www.http.HttpClient.<init>(HttpClient.java:242) ~[?:1.8.0_131]
	at sun.net.www.http.HttpClient.New(HttpClient.java:339) ~[?:1.8.0_131]
	at sun.net.www.http.HttpClient.New(HttpClient.java:357) ~[?:1.8.0_131]
	at sun.net.www.protocol.http.HttpURLConnection.getNewHttpClient(HttpURLConnection.java:1202) ~[?:1.8.0_131]
	at sun.net.www.protocol.http.HttpURLConnection.plainConnect0(HttpURLConnection.java:1138) ~[?:1.8.0_131]
	at sun.net.www.protocol.http.HttpURLConnection.plainConnect(HttpURLConnection.java:1032) ~[?:1.8.0_131]
	at sun.net.www.protocol.http.HttpURLConnection.connect(HttpURLConnection.java:966) ~[?:1.8.0_131]
	at org.springframework.http.client.SimpleBufferingClientHttpRequest.executeInternal(SimpleBufferingClientHttpRequest.java:76) ~[spring-web-5.2.8.RELEASE.jar:5.2.8.RELEASE]
	at org.springframework.http.client.AbstractBufferingClientHttpRequest.executeInternal(AbstractBufferingClientHttpRequest.java:48) ~[spring-web-5.2.8.RELEASE.jar:5.2.8.RELEASE]
	at org.springframework.http.client.AbstractClientHttpRequest.execute(AbstractClientHttpRequest.java:53) ~[spring-web-5.2.8.RELEASE.jar:5.2.8.RELEASE]
	at org.springframework.web.client.RestTemplate.doExecute(RestTemplate.java:739) ~[spring-web-5.2.8.RELEASE.jar:5.2.8.RELEASE]
	... 9 more
2020-08-13 20:36:39.828 [http-nio-8000-exec-3] INFO  [org.springframework.cloud.config.server.environment.NativeEnvironmentRepository:278] [af1d219228e0c3ab,af1d219228e0c3ab] - Adding property source: classpath:/configs/course-dev.properties
2020-08-13 20:36:46.871 [http-nio-8000-exec-5] INFO  [com.netflix.eureka.registry.AbstractInstanceRegistry:266] [e4538cca6960e3db,e4538cca6960e3db] - Registered instance EUREKA-CLIENT-HOMEPAGE-COURSE/DESKTOP-P8HKM53:eureka-client-homepage-course:8001 with status UP (replication=false)
2020-08-13 20:36:55.818 [http-nio-8000-exec-7] INFO  [org.springframework.cloud.config.server.environment.NativeEnvironmentRepository:278] [6e959dc7cc8d36c4,6e959dc7cc8d36c4] - Adding property source: classpath:/configs/user-dev.properties
2020-08-13 20:37:04.013 [http-nio-8000-exec-9] INFO  [com.netflix.eureka.registry.AbstractInstanceRegistry:266] [9957a096961db4ec,9957a096961db4ec] - Registered instance EUREKA-CLIENT-HOMEPAGE-USER/DESKTOP-P8HKM53:eureka-client-homepage-user:8002 with status UP (replication=false)
2020-08-13 20:37:19.037 [Eureka-EvictionTimer] INFO  [com.netflix.eureka.registry.AbstractInstanceRegistry:1250] [,] - Running the evict task with compensationTime 0ms
2020-08-13 20:38:19.037 [Eureka-EvictionTimer] INFO  [com.netflix.eureka.registry.AbstractInstanceRegistry:1250] [,] - Running the evict task with compensationTime 0ms
2020-08-13 20:39:41.107 [main] INFO  [org.springframework.context.support.PostProcessorRegistrationDelegate$BeanPostProcessorChecker:335] [,] - Bean 'org.springframework.cloud.autoconfigure.ConfigurationPropertiesRebinderAutoConfiguration' of type [org.springframework.cloud.autoconfigure.ConfigurationPropertiesRebinderAutoConfiguration] is not eligible for getting processed by all BeanPostProcessors (for example: not eligible for auto-proxying)
2020-08-13 20:39:41.752 [main] INFO  [com.swust.homepage.EurekaApplication:655] [,] - The following profiles are active: native
2020-08-13 20:39:42.731 [main] INFO  [org.springframework.cloud.context.scope.GenericScope:295] [,] - BeanFactory id=52771f36-7b8d-375d-8382-629d2536f5fb
2020-08-13 20:39:43.007 [main] INFO  [org.springframework.context.support.PostProcessorRegistrationDelegate$BeanPostProcessorChecker:335] [,] - Bean 'org.springframework.cloud.autoconfigure.ConfigurationPropertiesRebinderAutoConfiguration' of type [org.springframework.cloud.autoconfigure.ConfigurationPropertiesRebinderAutoConfiguration] is not eligible for getting processed by all BeanPostProcessors (for example: not eligible for auto-proxying)
2020-08-13 20:39:43.277 [main] INFO  [org.springframework.boot.web.embedded.tomcat.TomcatWebServer:108] [,] - Tomcat initialized with port(s): 8000 (http)
2020-08-13 20:39:43.285 [main] INFO  [org.apache.coyote.http11.Http11NioProtocol:173] [,] - Initializing ProtocolHandler ["http-nio-8000"]
2020-08-13 20:39:43.285 [main] INFO  [org.apache.catalina.core.StandardService:173] [,] - Starting service [Tomcat]
2020-08-13 20:39:43.285 [main] INFO  [org.apache.catalina.core.StandardEngine:173] [,] - Starting Servlet engine: [Apache Tomcat/9.0.37]
2020-08-13 20:39:43.519 [main] INFO  [org.apache.catalina.core.ContainerBase.[Tomcat].[localhost].[/]:173] [,] - Initializing Spring embedded WebApplicationContext
2020-08-13 20:39:43.519 [main] INFO  [org.springframework.boot.web.servlet.context.ServletWebServerApplicationContext:285] [,] - Root WebApplicationContext: initialization completed in 1754 ms
2020-08-13 20:39:43.626 [main] WARN  [com.netflix.config.sources.URLConfigurationSource:121] [,] - No URLs will be polled as dynamic configuration sources.
2020-08-13 20:39:43.626 [main] INFO  [com.netflix.config.sources.URLConfigurationSource:122] [,] - To enable URLs as dynamic configuration sources, define System property archaius.configurationSource.additionalUrls or make config.properties available on classpath.
2020-08-13 20:39:43.635 [main] INFO  [com.netflix.config.DynamicPropertyFactory:281] [,] - DynamicPropertyFactory is initialized with configuration sources: com.netflix.config.ConcurrentCompositeConfiguration@59498d94
2020-08-13 20:39:44.027 [main] WARN  [org.springframework.boot.actuate.endpoint.EndpointId:155] [,] - Endpoint ID 'service-registry' contains invalid characters, please migrate to a valid format.
2020-08-13 20:39:44.424 [main] WARN  [org.springframework.cloud.sleuth.zipkin2.ZipkinAutoConfiguration:114] [,] - Check result of the [AsyncReporter{org.springframework.cloud.sleuth.zipkin2.sender.RestTemplateSender@307af381}] contains an error [CheckResult{ok=false, error=org.springframework.web.client.HttpClientErrorException$NotFound: 404 : [{"timestamp":1597322384402,"status":404,"error":"Not Found","message":"No message available","path":"/api/v2/spans"}]}]
2020-08-13 20:39:44.756 [main] INFO  [com.sun.jersey.server.impl.application.WebApplicationImpl:815] [,] - Initiating Jersey application, version 'Jersey: 1.19.1 03/11/2016 02:08 PM'
2020-08-13 20:39:44.817 [main] INFO  [com.netflix.discovery.provider.DiscoveryJerseyProvider:70] [,] - Using JSON encoding codec LegacyJacksonJson
2020-08-13 20:39:44.817 [main] INFO  [com.netflix.discovery.provider.DiscoveryJerseyProvider:71] [,] - Using JSON decoding codec LegacyJacksonJson
2020-08-13 20:39:44.897 [main] INFO  [com.netflix.discovery.provider.DiscoveryJerseyProvider:80] [,] - Using XML encoding codec XStreamXml
2020-08-13 20:39:44.898 [main] INFO  [com.netflix.discovery.provider.DiscoveryJerseyProvider:81] [,] - Using XML decoding codec XStreamXml
2020-08-13 20:39:45.196 [main] WARN  [com.netflix.config.sources.URLConfigurationSource:121] [,] - No URLs will be polled as dynamic configuration sources.
2020-08-13 20:39:45.196 [main] INFO  [com.netflix.config.sources.URLConfigurationSource:122] [,] - To enable URLs as dynamic configuration sources, define System property archaius.configurationSource.additionalUrls or make config.properties available on classpath.
2020-08-13 20:39:45.424 [main] INFO  [org.springframework.scheduling.concurrent.ThreadPoolTaskExecutor:181] [,] - Initializing ExecutorService 'applicationTaskExecutor'
2020-08-13 20:39:47.366 [main] WARN  [org.springframework.cloud.loadbalancer.config.BlockingLoadBalancerClientAutoConfiguration$BlockingLoadBalancerClientRibbonWarnLogger:106] [,] - You already have RibbonLoadBalancerClient on your classpath. It will be used by default. As Spring Cloud Ribbon is in maintenance mode. We recommend switching to BlockingLoadBalancerClient instead. In order to use it, set the value of `spring.cloud.loadbalancer.ribbon.enabled` to `false` or remove spring-cloud-starter-netflix-ribbon from your project.
2020-08-13 20:39:47.926 [main] WARN  [org.springframework.cloud.loadbalancer.config.LoadBalancerCacheAutoConfiguration$LoadBalancerCaffeineWarnLogger:81] [,] - Spring Cloud LoadBalancer is currently working with default default cache. You can switch to using Caffeine cache, by adding it to the classpath.
2020-08-13 20:39:47.947 [main] INFO  [org.springframework.cloud.netflix.eureka.InstanceInfoFactory:72] [,] - Setting initial instance status as: STARTING
2020-08-13 20:39:47.972 [main] INFO  [com.netflix.discovery.DiscoveryClient:365] [,] - Initializing Eureka in region us-east-1
2020-08-13 20:39:47.972 [main] INFO  [com.netflix.discovery.DiscoveryClient:368] [,] - Client configured to neither register nor query for data.
2020-08-13 20:39:47.977 [main] INFO  [com.netflix.discovery.DiscoveryClient:381] [,] - Discovery Client initialized at timestamp 1597322387976 with initial instances count: 0
2020-08-13 20:39:48.030 [main] INFO  [com.netflix.eureka.DefaultEurekaServerContext:63] [,] - Initializing ...
2020-08-13 20:39:48.032 [main] WARN  [com.netflix.eureka.cluster.PeerEurekaNodes:155] [,] - The replica size seems to be empty. Check the route 53 DNS Registry
2020-08-13 20:39:48.048 [main] INFO  [com.netflix.eureka.registry.AbstractInstanceRegistry:151] [,] - Finished initializing remote region registries. All known remote regions: []
2020-08-13 20:39:48.048 [main] INFO  [com.netflix.eureka.DefaultEurekaServerContext:70] [,] - Initialized
2020-08-13 20:39:48.130 [main] INFO  [org.springframework.boot.actuate.endpoint.web.EndpointLinksResolver:58] [,] - Exposing 2 endpoint(s) beneath base path '/actuator'
2020-08-13 20:39:48.203 [main] INFO  [org.springframework.cloud.netflix.eureka.serviceregistry.EurekaServiceRegistry:41] [,] - Registering application HOMEPAGE-EUREKA with eureka with status UP
2020-08-13 20:39:48.205 [main] INFO  [org.apache.coyote.http11.Http11NioProtocol:173] [,] - Starting ProtocolHandler ["http-nio-8000"]
2020-08-13 20:39:48.205 [Thread-29] INFO  [org.springframework.cloud.netflix.eureka.server.EurekaServerBootstrap:110] [,] - Setting the eureka configuration..
2020-08-13 20:39:48.205 [Thread-29] INFO  [org.springframework.cloud.netflix.eureka.server.EurekaServerBootstrap:115] [,] - Eureka data center value eureka.datacenter is not set, defaulting to default
2020-08-13 20:39:48.205 [Thread-29] INFO  [org.springframework.cloud.netflix.eureka.server.EurekaServerBootstrap:129] [,] - Eureka environment value eureka.environment is not set, defaulting to test
2020-08-13 20:39:48.224 [Thread-29] INFO  [org.springframework.cloud.netflix.eureka.server.EurekaServerBootstrap:188] [,] - isAws returned false
2020-08-13 20:39:48.225 [Thread-29] INFO  [org.springframework.cloud.netflix.eureka.server.EurekaServerBootstrap:153] [,] - Initialized server context
2020-08-13 20:39:48.225 [Thread-29] INFO  [com.netflix.eureka.registry.PeerAwareInstanceRegistryImpl:241] [,] - Got 1 instances from neighboring DS node
2020-08-13 20:39:48.225 [Thread-29] INFO  [com.netflix.eureka.registry.PeerAwareInstanceRegistryImpl:242] [,] - Renew threshold is: 1
2020-08-13 20:39:48.225 [Thread-29] INFO  [com.netflix.eureka.registry.PeerAwareInstanceRegistryImpl:253] [,] - Changing status to UP
2020-08-13 20:39:48.244 [Thread-29] INFO  [org.springframework.cloud.netflix.eureka.server.EurekaServerInitializerConfiguration:72] [,] - Started Eureka Server
2020-08-13 20:39:48.253 [main] INFO  [org.springframework.boot.web.embedded.tomcat.TomcatWebServer:220] [,] - Tomcat started on port(s): 8000 (http) with context path ''
2020-08-13 20:39:48.253 [main] INFO  [org.springframework.cloud.netflix.eureka.serviceregistry.EurekaAutoServiceRegistration:145] [,] - Updating port to 8000
2020-08-13 20:39:48.807 [main] INFO  [com.swust.homepage.EurekaApplication:61] [,] - Started EurekaApplication in 8.789 seconds (JVM running for 10.713)
2020-08-13 20:39:49.583 [RMI TCP Connection(5)-192.168.1.101] INFO  [org.apache.catalina.core.ContainerBase.[Tomcat].[localhost].[/]:173] [,] - Initializing Spring DispatcherServlet 'dispatcherServlet'
2020-08-13 20:39:49.583 [RMI TCP Connection(5)-192.168.1.101] INFO  [org.springframework.web.servlet.DispatcherServlet:525] [,] - Initializing Servlet 'dispatcherServlet'
2020-08-13 20:39:49.594 [RMI TCP Connection(5)-192.168.1.101] INFO  [org.springframework.web.servlet.DispatcherServlet:547] [,] - Completed initialization in 11 ms
2020-08-13 20:40:34.801 [http-nio-8000-exec-2] INFO  [com.netflix.eureka.registry.AbstractInstanceRegistry:266] [67a9ebb7324573db,67a9ebb7324573db] - Registered instance HOMEPAGE-GATEWAY/DESKTOP-P8HKM53:homepage-gateway:8003 with status UP (replication=false)
2020-08-13 20:40:35.757 [AsyncReporter{org.springframework.cloud.sleuth.zipkin2.sender.RestTemplateSender@307af381}] WARN  [zipkin2.reporter.AsyncReporter$BoundedAsyncReporter:296] [,] - Spans were dropped due to exceptions. All subsequent errors will be logged at FINE level.
2020-08-13 20:40:35.758 [AsyncReporter{org.springframework.cloud.sleuth.zipkin2.sender.RestTemplateSender@307af381}] WARN  [zipkin2.reporter.AsyncReporter$BoundedAsyncReporter:303] [,] - Dropped 2 spans due to ResourceAccessException(I/O error on POST request for "http://localhost:9411/api/v2/spans": Read timed out; nested exception is java.net.SocketTimeoutException: Read timed out)
org.springframework.web.client.ResourceAccessException: I/O error on POST request for "http://localhost:9411/api/v2/spans": Read timed out; nested exception is java.net.SocketTimeoutException: Read timed out
	at org.springframework.web.client.RestTemplate.doExecute(RestTemplate.java:748) ~[spring-web-5.2.8.RELEASE.jar:5.2.8.RELEASE]
	at org.springframework.cloud.sleuth.zipkin2.sender.ZipkinRestTemplateWrapper.doExecute(ZipkinRestTemplateSenderConfiguration.java:228) ~[spring-cloud-sleuth-zipkin-2.2.0.RELEASE.jar:2.2.0.RELEASE]
	at org.springframework.web.client.RestTemplate.exchange(RestTemplate.java:641) ~[spring-web-5.2.8.RELEASE.jar:5.2.8.RELEASE]
	at org.springframework.cloud.sleuth.zipkin2.sender.RestTemplateSender.post(RestTemplateSender.java:129) ~[spring-cloud-sleuth-zipkin-2.2.0.RELEASE.jar:2.2.0.RELEASE]
	at org.springframework.cloud.sleuth.zipkin2.sender.RestTemplateSender$HttpPostCall.doExecute(RestTemplateSender.java:142) ~[spring-cloud-sleuth-zipkin-2.2.0.RELEASE.jar:2.2.0.RELEASE]
	at org.springframework.cloud.sleuth.zipkin2.sender.RestTemplateSender$HttpPostCall.doExecute(RestTemplateSender.java:132) ~[spring-cloud-sleuth-zipkin-2.2.0.RELEASE.jar:2.2.0.RELEASE]
	at zipkin2.Call$Base.execute(Call.java:380) ~[zipkin-2.19.0.jar:?]
	at zipkin2.reporter.AsyncReporter$BoundedAsyncReporter.flush(AsyncReporter.java:285) ~[zipkin-reporter-2.11.0.jar:?]
	at zipkin2.reporter.AsyncReporter$Flusher.run(AsyncReporter.java:354) ~[zipkin-reporter-2.11.0.jar:?]
	at java.lang.Thread.run(Thread.java:748) [?:1.8.0_131]
Caused by: java.net.SocketTimeoutException: Read timed out
	at java.net.SocketInputStream.socketRead0(Native Method) ~[?:1.8.0_131]
	at java.net.SocketInputStream.socketRead(SocketInputStream.java:116) ~[?:1.8.0_131]
	at java.net.SocketInputStream.read(SocketInputStream.java:171) ~[?:1.8.0_131]
	at java.net.SocketInputStream.read(SocketInputStream.java:141) ~[?:1.8.0_131]
	at java.io.BufferedInputStream.fill(BufferedInputStream.java:246) ~[?:1.8.0_131]
	at java.io.BufferedInputStream.read1(BufferedInputStream.java:286) ~[?:1.8.0_131]
	at java.io.BufferedInputStream.read(BufferedInputStream.java:345) ~[?:1.8.0_131]
	at sun.net.www.http.HttpClient.parseHTTPHeader(HttpClient.java:735) ~[?:1.8.0_131]
	at sun.net.www.http.HttpClient.parseHTTP(HttpClient.java:678) ~[?:1.8.0_131]
	at sun.net.www.protocol.http.HttpURLConnection.getInputStream0(HttpURLConnection.java:1569) ~[?:1.8.0_131]
	at sun.net.www.protocol.http.HttpURLConnection.getInputStream(HttpURLConnection.java:1474) ~[?:1.8.0_131]
	at java.net.HttpURLConnection.getResponseCode(HttpURLConnection.java:480) ~[?:1.8.0_131]
	at org.springframework.http.client.SimpleClientHttpResponse.getRawStatusCode(SimpleClientHttpResponse.java:55) ~[spring-web-5.2.8.RELEASE.jar:5.2.8.RELEASE]
	at org.springframework.web.client.DefaultResponseErrorHandler.hasError(DefaultResponseErrorHandler.java:64) ~[spring-web-5.2.8.RELEASE.jar:5.2.8.RELEASE]
	at org.springframework.web.client.RestTemplate.handleResponse(RestTemplate.java:770) ~[spring-web-5.2.8.RELEASE.jar:5.2.8.RELEASE]
	at org.springframework.web.client.RestTemplate.doExecute(RestTemplate.java:740) ~[spring-web-5.2.8.RELEASE.jar:5.2.8.RELEASE]
	... 9 more
2020-08-13 20:40:48.226 [Eureka-EvictionTimer] INFO  [com.netflix.eureka.registry.AbstractInstanceRegistry:1250] [,] - Running the evict task with compensationTime 0ms
2020-08-13 20:40:53.783 [http-nio-8000-exec-1] INFO  [org.springframework.cloud.config.server.environment.NativeEnvironmentRepository:278] [4d6907655bd794c2,4d6907655bd794c2] - Adding property source: classpath:/configs/course-dev.properties
2020-08-13 20:41:00.022 [http-nio-8000-exec-5] INFO  [com.netflix.eureka.registry.AbstractInstanceRegistry:266] [0284783579db5dc5,0284783579db5dc5] - Registered instance EUREKA-CLIENT-HOMEPAGE-COURSE/DESKTOP-P8HKM53:eureka-client-homepage-course:8001 with status UP (replication=false)
2020-08-13 20:41:20.199 [http-nio-8000-exec-8] INFO  [org.springframework.cloud.config.server.environment.NativeEnvironmentRepository:278] [adea69ab71c97cf7,adea69ab71c97cf7] - Adding property source: classpath:/configs/user-dev.properties
2020-08-13 20:41:27.025 [http-nio-8000-exec-10] INFO  [com.netflix.eureka.registry.AbstractInstanceRegistry:266] [6d6e87e93e2c749a,6d6e87e93e2c749a] - Registered instance EUREKA-CLIENT-HOMEPAGE-USER/DESKTOP-P8HKM53:eureka-client-homepage-user:8002 with status UP (replication=false)
2020-08-13 20:41:48.226 [Eureka-EvictionTimer] INFO  [com.netflix.eureka.registry.AbstractInstanceRegistry:1250] [,] - Running the evict task with compensationTime 0ms
2020-08-13 20:42:48.227 [Eureka-EvictionTimer] INFO  [com.netflix.eureka.registry.AbstractInstanceRegistry:1250] [,] - Running the evict task with compensationTime 0ms
2020-08-13 20:43:48.227 [Eureka-EvictionTimer] INFO  [com.netflix.eureka.registry.AbstractInstanceRegistry:1250] [,] - Running the evict task with compensationTime 0ms
2020-08-13 20:44:48.228 [Eureka-EvictionTimer] INFO  [com.netflix.eureka.registry.AbstractInstanceRegistry:1250] [,] - Running the evict task with compensationTime 0ms
2020-08-13 20:48:29.197 [main] INFO  [org.springframework.context.support.PostProcessorRegistrationDelegate$BeanPostProcessorChecker:335] [,] - Bean 'org.springframework.cloud.autoconfigure.ConfigurationPropertiesRebinderAutoConfiguration' of type [org.springframework.cloud.autoconfigure.ConfigurationPropertiesRebinderAutoConfiguration] is not eligible for getting processed by all BeanPostProcessors (for example: not eligible for auto-proxying)
2020-08-13 20:48:29.788 [main] INFO  [com.swust.homepage.EurekaApplication:655] [,] - The following profiles are active: native
2020-08-13 20:48:30.858 [main] INFO  [org.springframework.cloud.context.scope.GenericScope:295] [,] - BeanFactory id=52771f36-7b8d-375d-8382-629d2536f5fb
2020-08-13 20:48:31.160 [main] INFO  [org.springframework.context.support.PostProcessorRegistrationDelegate$BeanPostProcessorChecker:335] [,] - Bean 'org.springframework.cloud.autoconfigure.ConfigurationPropertiesRebinderAutoConfiguration' of type [org.springframework.cloud.autoconfigure.ConfigurationPropertiesRebinderAutoConfiguration] is not eligible for getting processed by all BeanPostProcessors (for example: not eligible for auto-proxying)
2020-08-13 20:48:31.458 [main] INFO  [org.springframework.boot.web.embedded.tomcat.TomcatWebServer:108] [,] - Tomcat initialized with port(s): 8000 (http)
2020-08-13 20:48:31.467 [main] INFO  [org.apache.coyote.http11.Http11NioProtocol:173] [,] - Initializing ProtocolHandler ["http-nio-8000"]
2020-08-13 20:48:31.467 [main] INFO  [org.apache.catalina.core.StandardService:173] [,] - Starting service [Tomcat]
2020-08-13 20:48:31.468 [main] INFO  [org.apache.catalina.core.StandardEngine:173] [,] - Starting Servlet engine: [Apache Tomcat/9.0.37]
2020-08-13 20:48:31.703 [main] INFO  [org.apache.catalina.core.ContainerBase.[Tomcat].[localhost].[/]:173] [,] - Initializing Spring embedded WebApplicationContext
2020-08-13 20:48:31.703 [main] INFO  [org.springframework.boot.web.servlet.context.ServletWebServerApplicationContext:285] [,] - Root WebApplicationContext: initialization completed in 1903 ms
2020-08-13 20:48:31.824 [main] WARN  [com.netflix.config.sources.URLConfigurationSource:121] [,] - No URLs will be polled as dynamic configuration sources.
2020-08-13 20:48:31.824 [main] INFO  [com.netflix.config.sources.URLConfigurationSource:122] [,] - To enable URLs as dynamic configuration sources, define System property archaius.configurationSource.additionalUrls or make config.properties available on classpath.
2020-08-13 20:48:31.834 [main] INFO  [com.netflix.config.DynamicPropertyFactory:281] [,] - DynamicPropertyFactory is initialized with configuration sources: com.netflix.config.ConcurrentCompositeConfiguration@459003a0
2020-08-13 20:48:32.232 [main] WARN  [org.springframework.boot.actuate.endpoint.EndpointId:155] [,] - Endpoint ID 'service-registry' contains invalid characters, please migrate to a valid format.
2020-08-13 20:48:32.722 [main] WARN  [org.springframework.cloud.sleuth.zipkin2.ZipkinAutoConfiguration:114] [,] - Check result of the [AsyncReporter{org.springframework.cloud.sleuth.zipkin2.sender.RestTemplateSender@6c9a3661}] contains an error [CheckResult{ok=false, error=org.springframework.web.client.HttpClientErrorException$NotFound: 404 : [{"timestamp":1597322912691,"status":404,"error":"Not Found","message":"No message available","path":"/api/v2/spans"}]}]
2020-08-13 20:48:33.102 [main] INFO  [com.sun.jersey.server.impl.application.WebApplicationImpl:815] [,] - Initiating Jersey application, version 'Jersey: 1.19.1 03/11/2016 02:08 PM'
2020-08-13 20:48:33.156 [main] INFO  [com.netflix.discovery.provider.DiscoveryJerseyProvider:70] [,] - Using JSON encoding codec LegacyJacksonJson
2020-08-13 20:48:33.157 [main] INFO  [com.netflix.discovery.provider.DiscoveryJerseyProvider:71] [,] - Using JSON decoding codec LegacyJacksonJson
2020-08-13 20:48:33.243 [main] INFO  [com.netflix.discovery.provider.DiscoveryJerseyProvider:80] [,] - Using XML encoding codec XStreamXml
2020-08-13 20:48:33.243 [main] INFO  [com.netflix.discovery.provider.DiscoveryJerseyProvider:81] [,] - Using XML decoding codec XStreamXml
2020-08-13 20:48:33.550 [main] WARN  [com.netflix.config.sources.URLConfigurationSource:121] [,] - No URLs will be polled as dynamic configuration sources.
2020-08-13 20:48:33.550 [main] INFO  [com.netflix.config.sources.URLConfigurationSource:122] [,] - To enable URLs as dynamic configuration sources, define System property archaius.configurationSource.additionalUrls or make config.properties available on classpath.
2020-08-13 20:48:33.796 [main] INFO  [org.springframework.scheduling.concurrent.ThreadPoolTaskExecutor:181] [,] - Initializing ExecutorService 'applicationTaskExecutor'
2020-08-13 20:48:35.659 [main] WARN  [org.springframework.cloud.loadbalancer.config.BlockingLoadBalancerClientAutoConfiguration$BlockingLoadBalancerClientRibbonWarnLogger:106] [,] - You already have RibbonLoadBalancerClient on your classpath. It will be used by default. As Spring Cloud Ribbon is in maintenance mode. We recommend switching to BlockingLoadBalancerClient instead. In order to use it, set the value of `spring.cloud.loadbalancer.ribbon.enabled` to `false` or remove spring-cloud-starter-netflix-ribbon from your project.
2020-08-13 20:48:36.243 [main] WARN  [org.springframework.cloud.loadbalancer.config.LoadBalancerCacheAutoConfiguration$LoadBalancerCaffeineWarnLogger:81] [,] - Spring Cloud LoadBalancer is currently working with default default cache. You can switch to using Caffeine cache, by adding it to the classpath.
2020-08-13 20:48:36.262 [main] INFO  [org.springframework.cloud.netflix.eureka.InstanceInfoFactory:72] [,] - Setting initial instance status as: STARTING
2020-08-13 20:48:36.304 [main] INFO  [com.netflix.discovery.DiscoveryClient:365] [,] - Initializing Eureka in region us-east-1
2020-08-13 20:48:36.305 [main] INFO  [com.netflix.discovery.DiscoveryClient:368] [,] - Client configured to neither register nor query for data.
2020-08-13 20:48:36.312 [main] INFO  [com.netflix.discovery.DiscoveryClient:381] [,] - Discovery Client initialized at timestamp 1597322916311 with initial instances count: 0
2020-08-13 20:48:36.353 [main] INFO  [com.netflix.eureka.DefaultEurekaServerContext:63] [,] - Initializing ...
2020-08-13 20:48:36.354 [main] WARN  [com.netflix.eureka.cluster.PeerEurekaNodes:155] [,] - The replica size seems to be empty. Check the route 53 DNS Registry
2020-08-13 20:48:36.368 [main] INFO  [com.netflix.eureka.registry.AbstractInstanceRegistry:151] [,] - Finished initializing remote region registries. All known remote regions: []
2020-08-13 20:48:36.369 [main] INFO  [com.netflix.eureka.DefaultEurekaServerContext:70] [,] - Initialized
2020-08-13 20:48:36.445 [main] INFO  [org.springframework.boot.actuate.endpoint.web.EndpointLinksResolver:58] [,] - Exposing 2 endpoint(s) beneath base path '/actuator'
2020-08-13 20:48:36.519 [main] INFO  [org.springframework.cloud.netflix.eureka.serviceregistry.EurekaServiceRegistry:41] [,] - Registering application HOMEPAGE-EUREKA with eureka with status UP
2020-08-13 20:48:36.521 [main] INFO  [org.apache.coyote.http11.Http11NioProtocol:173] [,] - Starting ProtocolHandler ["http-nio-8000"]
2020-08-13 20:48:36.521 [Thread-28] INFO  [org.springframework.cloud.netflix.eureka.server.EurekaServerBootstrap:110] [,] - Setting the eureka configuration..
2020-08-13 20:48:36.521 [Thread-28] INFO  [org.springframework.cloud.netflix.eureka.server.EurekaServerBootstrap:115] [,] - Eureka data center value eureka.datacenter is not set, defaulting to default
2020-08-13 20:48:36.521 [Thread-28] INFO  [org.springframework.cloud.netflix.eureka.server.EurekaServerBootstrap:129] [,] - Eureka environment value eureka.environment is not set, defaulting to test
2020-08-13 20:48:36.539 [Thread-28] INFO  [org.springframework.cloud.netflix.eureka.server.EurekaServerBootstrap:188] [,] - isAws returned false
2020-08-13 20:48:36.539 [Thread-28] INFO  [org.springframework.cloud.netflix.eureka.server.EurekaServerBootstrap:153] [,] - Initialized server context
2020-08-13 20:48:36.539 [Thread-28] INFO  [com.netflix.eureka.registry.PeerAwareInstanceRegistryImpl:241] [,] - Got 1 instances from neighboring DS node
2020-08-13 20:48:36.539 [Thread-28] INFO  [com.netflix.eureka.registry.PeerAwareInstanceRegistryImpl:242] [,] - Renew threshold is: 1
2020-08-13 20:48:36.539 [Thread-28] INFO  [com.netflix.eureka.registry.PeerAwareInstanceRegistryImpl:253] [,] - Changing status to UP
2020-08-13 20:48:36.549 [Thread-28] INFO  [org.springframework.cloud.netflix.eureka.server.EurekaServerInitializerConfiguration:72] [,] - Started Eureka Server
2020-08-13 20:48:36.553 [main] INFO  [org.springframework.boot.web.embedded.tomcat.TomcatWebServer:220] [,] - Tomcat started on port(s): 8000 (http) with context path ''
2020-08-13 20:48:36.554 [main] INFO  [org.springframework.cloud.netflix.eureka.serviceregistry.EurekaAutoServiceRegistration:145] [,] - Updating port to 8000
2020-08-13 20:48:36.986 [main] INFO  [com.swust.homepage.EurekaApplication:61] [,] - Started EurekaApplication in 8.811 seconds (JVM running for 10.962)
2020-08-13 20:48:37.086 [RMI TCP Connection(3)-192.168.1.101] INFO  [org.apache.catalina.core.ContainerBase.[Tomcat].[localhost].[/]:173] [,] - Initializing Spring DispatcherServlet 'dispatcherServlet'
2020-08-13 20:48:37.086 [RMI TCP Connection(3)-192.168.1.101] INFO  [org.springframework.web.servlet.DispatcherServlet:525] [,] - Initializing Servlet 'dispatcherServlet'
2020-08-13 20:48:37.098 [RMI TCP Connection(3)-192.168.1.101] INFO  [org.springframework.web.servlet.DispatcherServlet:547] [,] - Completed initialization in 11 ms
2020-08-13 20:48:47.568 [http-nio-8000-exec-1] INFO  [org.springframework.cloud.config.server.environment.NativeEnvironmentRepository:278] [31d216fe4d85951d,31d216fe4d85951d] - Adding property source: classpath:/configs/user-dev.properties
2020-08-13 20:48:48.439 [AsyncReporter{org.springframework.cloud.sleuth.zipkin2.sender.RestTemplateSender@6c9a3661}] WARN  [zipkin2.reporter.AsyncReporter$BoundedAsyncReporter:296] [,] - Spans were dropped due to exceptions. All subsequent errors will be logged at FINE level.
2020-08-13 20:48:48.442 [AsyncReporter{org.springframework.cloud.sleuth.zipkin2.sender.RestTemplateSender@6c9a3661}] WARN  [zipkin2.reporter.AsyncReporter$BoundedAsyncReporter:303] [,] - Dropped 1 spans due to NotFound(404 : [{"timestamp":1597322928437,"status":404,"error":"Not Found","message":"No message available","path":"/api/v2/spans"}])
org.springframework.web.client.HttpClientErrorException$NotFound: 404 : [{"timestamp":1597322928437,"status":404,"error":"Not Found","message":"No message available","path":"/api/v2/spans"}]
	at org.springframework.web.client.HttpClientErrorException.create(HttpClientErrorException.java:113) ~[spring-web-5.2.8.RELEASE.jar:5.2.8.RELEASE]
	at org.springframework.web.client.DefaultResponseErrorHandler.handleError(DefaultResponseErrorHandler.java:184) ~[spring-web-5.2.8.RELEASE.jar:5.2.8.RELEASE]
	at org.springframework.web.client.DefaultResponseErrorHandler.handleError(DefaultResponseErrorHandler.java:125) ~[spring-web-5.2.8.RELEASE.jar:5.2.8.RELEASE]
	at org.springframework.web.client.ResponseErrorHandler.handleError(ResponseErrorHandler.java:63) ~[spring-web-5.2.8.RELEASE.jar:5.2.8.RELEASE]
	at org.springframework.web.client.RestTemplate.handleResponse(RestTemplate.java:782) ~[spring-web-5.2.8.RELEASE.jar:5.2.8.RELEASE]
	at org.springframework.web.client.RestTemplate.doExecute(RestTemplate.java:740) ~[spring-web-5.2.8.RELEASE.jar:5.2.8.RELEASE]
	at org.springframework.cloud.sleuth.zipkin2.sender.ZipkinRestTemplateWrapper.doExecute(ZipkinRestTemplateSenderConfiguration.java:228) ~[spring-cloud-sleuth-zipkin-2.2.0.RELEASE.jar:2.2.0.RELEASE]
	at org.springframework.web.client.RestTemplate.exchange(RestTemplate.java:641) ~[spring-web-5.2.8.RELEASE.jar:5.2.8.RELEASE]
	at org.springframework.cloud.sleuth.zipkin2.sender.RestTemplateSender.post(RestTemplateSender.java:129) ~[spring-cloud-sleuth-zipkin-2.2.0.RELEASE.jar:2.2.0.RELEASE]
	at org.springframework.cloud.sleuth.zipkin2.sender.RestTemplateSender$HttpPostCall.doExecute(RestTemplateSender.java:142) ~[spring-cloud-sleuth-zipkin-2.2.0.RELEASE.jar:2.2.0.RELEASE]
	at org.springframework.cloud.sleuth.zipkin2.sender.RestTemplateSender$HttpPostCall.doExecute(RestTemplateSender.java:132) ~[spring-cloud-sleuth-zipkin-2.2.0.RELEASE.jar:2.2.0.RELEASE]
	at zipkin2.Call$Base.execute(Call.java:380) ~[zipkin-2.19.0.jar:?]
	at zipkin2.reporter.AsyncReporter$BoundedAsyncReporter.flush(AsyncReporter.java:285) ~[zipkin-reporter-2.11.0.jar:?]
	at zipkin2.reporter.AsyncReporter$Flusher.run(AsyncReporter.java:354) ~[zipkin-reporter-2.11.0.jar:?]
	at java.lang.Thread.run(Thread.java:748) [?:1.8.0_131]
2020-08-13 20:48:54.628 [http-nio-8000-exec-3] INFO  [com.netflix.eureka.registry.AbstractInstanceRegistry:266] [fed9842625ed5cdc,fed9842625ed5cdc] - Registered instance EUREKA-CLIENT-HOMEPAGE-USER/DESKTOP-P8HKM53:eureka-client-homepage-user:8002 with status UP (replication=false)
2020-08-13 20:49:36.540 [Eureka-EvictionTimer] INFO  [com.netflix.eureka.registry.AbstractInstanceRegistry:1250] [,] - Running the evict task with compensationTime 0ms
2020-08-13 20:50:36.540 [Eureka-EvictionTimer] INFO  [com.netflix.eureka.registry.AbstractInstanceRegistry:1250] [,] - Running the evict task with compensationTime 0ms
2020-08-13 20:51:36.541 [Eureka-EvictionTimer] INFO  [com.netflix.eureka.registry.AbstractInstanceRegistry:1250] [,] - Running the evict task with compensationTime 0ms
2020-08-13 20:56:17.351 [main] INFO  [org.springframework.context.support.PostProcessorRegistrationDelegate$BeanPostProcessorChecker:335] [,] - Bean 'org.springframework.cloud.autoconfigure.ConfigurationPropertiesRebinderAutoConfiguration' of type [org.springframework.cloud.autoconfigure.ConfigurationPropertiesRebinderAutoConfiguration] is not eligible for getting processed by all BeanPostProcessors (for example: not eligible for auto-proxying)
2020-08-13 20:56:18.017 [main] INFO  [com.swust.homepage.EurekaApplication:655] [,] - The following profiles are active: native
2020-08-13 20:56:18.958 [main] INFO  [org.springframework.cloud.context.scope.GenericScope:295] [,] - BeanFactory id=52771f36-7b8d-375d-8382-629d2536f5fb
2020-08-13 20:56:19.246 [main] INFO  [org.springframework.context.support.PostProcessorRegistrationDelegate$BeanPostProcessorChecker:335] [,] - Bean 'org.springframework.cloud.autoconfigure.ConfigurationPropertiesRebinderAutoConfiguration' of type [org.springframework.cloud.autoconfigure.ConfigurationPropertiesRebinderAutoConfiguration] is not eligible for getting processed by all BeanPostProcessors (for example: not eligible for auto-proxying)
2020-08-13 20:56:19.544 [main] INFO  [org.springframework.boot.web.embedded.tomcat.TomcatWebServer:108] [,] - Tomcat initialized with port(s): 8000 (http)
2020-08-13 20:56:19.555 [main] INFO  [org.apache.coyote.http11.Http11NioProtocol:173] [,] - Initializing ProtocolHandler ["http-nio-8000"]
2020-08-13 20:56:19.555 [main] INFO  [org.apache.catalina.core.StandardService:173] [,] - Starting service [Tomcat]
2020-08-13 20:56:19.556 [main] INFO  [org.apache.catalina.core.StandardEngine:173] [,] - Starting Servlet engine: [Apache Tomcat/9.0.37]
2020-08-13 20:56:19.847 [main] INFO  [org.apache.catalina.core.ContainerBase.[Tomcat].[localhost].[/]:173] [,] - Initializing Spring embedded WebApplicationContext
2020-08-13 20:56:19.847 [main] INFO  [org.springframework.boot.web.servlet.context.ServletWebServerApplicationContext:285] [,] - Root WebApplicationContext: initialization completed in 1818 ms
2020-08-13 20:56:19.974 [main] WARN  [com.netflix.config.sources.URLConfigurationSource:121] [,] - No URLs will be polled as dynamic configuration sources.
2020-08-13 20:56:19.975 [main] INFO  [com.netflix.config.sources.URLConfigurationSource:122] [,] - To enable URLs as dynamic configuration sources, define System property archaius.configurationSource.additionalUrls or make config.properties available on classpath.
2020-08-13 20:56:19.984 [main] INFO  [com.netflix.config.DynamicPropertyFactory:281] [,] - DynamicPropertyFactory is initialized with configuration sources: com.netflix.config.ConcurrentCompositeConfiguration@7dee835
2020-08-13 20:56:20.380 [main] WARN  [org.springframework.boot.actuate.endpoint.EndpointId:155] [,] - Endpoint ID 'service-registry' contains invalid characters, please migrate to a valid format.
2020-08-13 20:56:20.696 [main] WARN  [org.springframework.cloud.sleuth.zipkin2.ZipkinAutoConfiguration:114] [,] - Check result of the [AsyncReporter{org.springframework.cloud.sleuth.zipkin2.sender.RestTemplateSender@b5d9f1e}] contains an error [CheckResult{ok=false, error=org.springframework.web.client.HttpClientErrorException$BadRequest: 400 Bad Request: [Empty JSON_V2 message]}]
2020-08-13 20:56:21.027 [main] INFO  [com.sun.jersey.server.impl.application.WebApplicationImpl:815] [,] - Initiating Jersey application, version 'Jersey: 1.19.1 03/11/2016 02:08 PM'
2020-08-13 20:56:21.081 [main] INFO  [com.netflix.discovery.provider.DiscoveryJerseyProvider:70] [,] - Using JSON encoding codec LegacyJacksonJson
2020-08-13 20:56:21.081 [main] INFO  [com.netflix.discovery.provider.DiscoveryJerseyProvider:71] [,] - Using JSON decoding codec LegacyJacksonJson
2020-08-13 20:56:21.165 [main] INFO  [com.netflix.discovery.provider.DiscoveryJerseyProvider:80] [,] - Using XML encoding codec XStreamXml
2020-08-13 20:56:21.165 [main] INFO  [com.netflix.discovery.provider.DiscoveryJerseyProvider:81] [,] - Using XML decoding codec XStreamXml
2020-08-13 20:56:21.486 [main] WARN  [com.netflix.config.sources.URLConfigurationSource:121] [,] - No URLs will be polled as dynamic configuration sources.
2020-08-13 20:56:21.486 [main] INFO  [com.netflix.config.sources.URLConfigurationSource:122] [,] - To enable URLs as dynamic configuration sources, define System property archaius.configurationSource.additionalUrls or make config.properties available on classpath.
2020-08-13 20:56:21.685 [main] INFO  [org.springframework.scheduling.concurrent.ThreadPoolTaskExecutor:181] [,] - Initializing ExecutorService 'applicationTaskExecutor'
2020-08-13 20:56:23.510 [main] WARN  [org.springframework.cloud.loadbalancer.config.BlockingLoadBalancerClientAutoConfiguration$BlockingLoadBalancerClientRibbonWarnLogger:106] [,] - You already have RibbonLoadBalancerClient on your classpath. It will be used by default. As Spring Cloud Ribbon is in maintenance mode. We recommend switching to BlockingLoadBalancerClient instead. In order to use it, set the value of `spring.cloud.loadbalancer.ribbon.enabled` to `false` or remove spring-cloud-starter-netflix-ribbon from your project.
2020-08-13 20:56:24.051 [main] WARN  [org.springframework.cloud.loadbalancer.config.LoadBalancerCacheAutoConfiguration$LoadBalancerCaffeineWarnLogger:81] [,] - Spring Cloud LoadBalancer is currently working with default default cache. You can switch to using Caffeine cache, by adding it to the classpath.
2020-08-13 20:56:24.070 [main] INFO  [org.springframework.cloud.netflix.eureka.InstanceInfoFactory:72] [,] - Setting initial instance status as: STARTING
2020-08-13 20:56:24.094 [main] INFO  [com.netflix.discovery.DiscoveryClient:365] [,] - Initializing Eureka in region us-east-1
2020-08-13 20:56:24.095 [main] INFO  [com.netflix.discovery.DiscoveryClient:368] [,] - Client configured to neither register nor query for data.
2020-08-13 20:56:24.100 [main] INFO  [com.netflix.discovery.DiscoveryClient:381] [,] - Discovery Client initialized at timestamp 1597323384099 with initial instances count: 0
2020-08-13 20:56:24.140 [main] INFO  [com.netflix.eureka.DefaultEurekaServerContext:63] [,] - Initializing ...
2020-08-13 20:56:24.142 [main] WARN  [com.netflix.eureka.cluster.PeerEurekaNodes:155] [,] - The replica size seems to be empty. Check the route 53 DNS Registry
2020-08-13 20:56:24.156 [main] INFO  [com.netflix.eureka.registry.AbstractInstanceRegistry:151] [,] - Finished initializing remote region registries. All known remote regions: []
2020-08-13 20:56:24.156 [main] INFO  [com.netflix.eureka.DefaultEurekaServerContext:70] [,] - Initialized
2020-08-13 20:56:24.232 [main] INFO  [org.springframework.boot.actuate.endpoint.web.EndpointLinksResolver:58] [,] - Exposing 2 endpoint(s) beneath base path '/actuator'
2020-08-13 20:56:24.307 [main] INFO  [org.springframework.cloud.netflix.eureka.serviceregistry.EurekaServiceRegistry:41] [,] - Registering application HOMEPAGE-EUREKA with eureka with status UP
2020-08-13 20:56:24.309 [Thread-28] INFO  [org.springframework.cloud.netflix.eureka.server.EurekaServerBootstrap:110] [,] - Setting the eureka configuration..
2020-08-13 20:56:24.310 [main] INFO  [org.apache.coyote.http11.Http11NioProtocol:173] [,] - Starting ProtocolHandler ["http-nio-8000"]
2020-08-13 20:56:24.310 [Thread-28] INFO  [org.springframework.cloud.netflix.eureka.server.EurekaServerBootstrap:115] [,] - Eureka data center value eureka.datacenter is not set, defaulting to default
2020-08-13 20:56:24.310 [Thread-28] INFO  [org.springframework.cloud.netflix.eureka.server.EurekaServerBootstrap:129] [,] - Eureka environment value eureka.environment is not set, defaulting to test
2020-08-13 20:56:24.326 [Thread-28] INFO  [org.springframework.cloud.netflix.eureka.server.EurekaServerBootstrap:188] [,] - isAws returned false
2020-08-13 20:56:24.327 [Thread-28] INFO  [org.springframework.cloud.netflix.eureka.server.EurekaServerBootstrap:153] [,] - Initialized server context
2020-08-13 20:56:24.327 [Thread-28] INFO  [com.netflix.eureka.registry.PeerAwareInstanceRegistryImpl:241] [,] - Got 1 instances from neighboring DS node
2020-08-13 20:56:24.327 [Thread-28] INFO  [com.netflix.eureka.registry.PeerAwareInstanceRegistryImpl:242] [,] - Renew threshold is: 1
2020-08-13 20:56:24.327 [Thread-28] INFO  [com.netflix.eureka.registry.PeerAwareInstanceRegistryImpl:253] [,] - Changing status to UP
2020-08-13 20:56:24.339 [Thread-28] INFO  [org.springframework.cloud.netflix.eureka.server.EurekaServerInitializerConfiguration:72] [,] - Started Eureka Server
2020-08-13 20:56:24.343 [main] INFO  [org.springframework.boot.web.embedded.tomcat.TomcatWebServer:220] [,] - Tomcat started on port(s): 8000 (http) with context path ''
2020-08-13 20:56:24.343 [main] INFO  [org.springframework.cloud.netflix.eureka.serviceregistry.EurekaAutoServiceRegistration:145] [,] - Updating port to 8000
2020-08-13 20:56:24.764 [main] INFO  [com.swust.homepage.EurekaApplication:61] [,] - Started EurekaApplication in 8.448 seconds (JVM running for 10.42)
2020-08-13 20:56:25.091 [RMI TCP Connection(4)-192.168.1.101] INFO  [org.apache.catalina.core.ContainerBase.[Tomcat].[localhost].[/]:173] [,] - Initializing Spring DispatcherServlet 'dispatcherServlet'
2020-08-13 20:56:25.092 [RMI TCP Connection(4)-192.168.1.101] INFO  [org.springframework.web.servlet.DispatcherServlet:525] [,] - Initializing Servlet 'dispatcherServlet'
2020-08-13 20:56:25.113 [RMI TCP Connection(4)-192.168.1.101] INFO  [org.springframework.web.servlet.DispatcherServlet:547] [,] - Completed initialization in 20 ms
2020-08-13 20:56:50.274 [http-nio-8000-exec-2] INFO  [com.netflix.eureka.registry.AbstractInstanceRegistry:266] [fd7ec56fde7d5fb0,fd7ec56fde7d5fb0] - Registered instance HOMEPAGE-GATEWAY/DESKTOP-P8HKM53:homepage-gateway:8003 with status UP (replication=false)
2020-08-13 20:56:55.208 [http-nio-8000-exec-3] INFO  [org.springframework.cloud.config.server.environment.NativeEnvironmentRepository:278] [179fb4aa7295bcec,179fb4aa7295bcec] - Adding property source: classpath:/configs/course-dev.properties
2020-08-13 20:56:58.619 [http-nio-8000-exec-4] INFO  [org.springframework.cloud.config.server.environment.NativeEnvironmentRepository:278] [78b45c69a41ade7e,78b45c69a41ade7e] - Adding property source: classpath:/configs/user-dev.properties
2020-08-13 20:57:04.079 [http-nio-8000-exec-6] INFO  [com.netflix.eureka.registry.AbstractInstanceRegistry:266] [2cd6cd7bea9b9f2d,2cd6cd7bea9b9f2d] - Registered instance EUREKA-CLIENT-HOMEPAGE-COURSE/DESKTOP-P8HKM53:eureka-client-homepage-course:8001 with status UP (replication=false)
2020-08-13 20:57:07.185 [http-nio-8000-exec-8] INFO  [com.netflix.eureka.registry.AbstractInstanceRegistry:266] [39ddcc3c744a6150,39ddcc3c744a6150] - Registered instance EUREKA-CLIENT-HOMEPAGE-USER/DESKTOP-P8HKM53:eureka-client-homepage-user:8002 with status UP (replication=false)
2020-08-13 20:57:24.328 [Eureka-EvictionTimer] INFO  [com.netflix.eureka.registry.AbstractInstanceRegistry:1250] [,] - Running the evict task with compensationTime 0ms
2020-08-13 20:58:24.329 [Eureka-EvictionTimer] INFO  [com.netflix.eureka.registry.AbstractInstanceRegistry:1250] [,] - Running the evict task with compensationTime 0ms
2020-08-13 20:59:24.329 [Eureka-EvictionTimer] INFO  [com.netflix.eureka.registry.AbstractInstanceRegistry:1250] [,] - Running the evict task with compensationTime 0ms
