2020-08-13 20:28:55.681 [main] WARN  [com.netflix.config.sources.URLConfigurationSource:121] [,] - No URLs will be polled as dynamic configuration sources.
2020-08-13 20:28:56.158 [main] WARN  [org.springframework.boot.actuate.endpoint.EndpointId:155] [,] - Endpoint ID 'service-registry' contains invalid characters, please migrate to a valid format.
2020-08-13 20:28:56.910 [main] WARN  [org.springframework.cloud.sleuth.zipkin2.ZipkinAutoConfiguration:114] [,] - Check result of the [AsyncReporter{org.springframework.cloud.sleuth.zipkin2.sender.RestTemplateSender@307c59ea}] contains an error [CheckResult{ok=false, error=org.springframework.web.client.ResourceAccessException: I/O error on POST request for "http://localhost:9411/api/v2/spans": connect timed out; nested exception is java.net.SocketTimeoutException: connect timed out}]
2020-08-13 20:28:57.768 [main] WARN  [com.netflix.config.sources.URLConfigurationSource:121] [,] - No URLs will be polled as dynamic configuration sources.
2020-08-13 20:28:59.938 [main] WARN  [org.springframework.cloud.loadbalancer.config.BlockingLoadBalancerClientAutoConfiguration$BlockingLoadBalancerClientRibbonWarnLogger:106] [,] - You already have RibbonLoadBalancerClient on your classpath. It will be used by default. As Spring Cloud Ribbon is in maintenance mode. We recommend switching to BlockingLoadBalancerClient instead. In order to use it, set the value of `spring.cloud.loadbalancer.ribbon.enabled` to `false` or remove spring-cloud-starter-netflix-ribbon from your project.
2020-08-13 20:29:00.508 [main] WARN  [org.springframework.cloud.loadbalancer.config.LoadBalancerCacheAutoConfiguration$LoadBalancerCaffeineWarnLogger:81] [,] - Spring Cloud LoadBalancer is currently working with default default cache. You can switch to using Caffeine cache, by adding it to the classpath.
2020-08-13 20:29:00.638 [main] WARN  [com.netflix.eureka.cluster.PeerEurekaNodes:155] [,] - The replica size seems to be empty. Check the route 53 DNS Registry
2020-08-13 20:30:09.140 [AsyncReporter{org.springframework.cloud.sleuth.zipkin2.sender.RestTemplateSender@307c59ea}] WARN  [zipkin2.reporter.AsyncReporter$BoundedAsyncReporter:296] [,] - Spans were dropped due to exceptions. All subsequent errors will be logged at FINE level.
2020-08-13 20:30:09.140 [AsyncReporter{org.springframework.cloud.sleuth.zipkin2.sender.RestTemplateSender@307c59ea}] WARN  [zipkin2.reporter.AsyncReporter$BoundedAsyncReporter:303] [,] - Dropped 1 spans due to ResourceAccessException(I/O error on POST request for "http://localhost:9411/api/v2/spans": connect timed out; nested exception is java.net.SocketTimeoutException: connect timed out)
org.springframework.web.client.ResourceAccessException: I/O error on POST request for "http://localhost:9411/api/v2/spans": connect timed out; nested exception is java.net.SocketTimeoutException: connect timed out
	at org.springframework.web.client.RestTemplate.doExecute(RestTemplate.java:748) ~[spring-web-5.2.8.RELEASE.jar:5.2.8.RELEASE]
	at org.springframework.cloud.sleuth.zipkin2.sender.ZipkinRestTemplateWrapper.doExecute(ZipkinRestTemplateSenderConfiguration.java:228) ~[spring-cloud-sleuth-zipkin-2.2.0.RELEASE.jar:2.2.0.RELEASE]
	at org.springframework.web.client.RestTemplate.exchange(RestTemplate.java:641) ~[spring-web-5.2.8.RELEASE.jar:5.2.8.RELEASE]
	at org.springframework.cloud.sleuth.zipkin2.sender.RestTemplateSender.post(RestTemplateSender.java:129) ~[spring-cloud-sleuth-zipkin-2.2.0.RELEASE.jar:2.2.0.RELEASE]
	at org.springframework.cloud.sleuth.zipkin2.sender.RestTemplateSender$HttpPostCall.doExecute(RestTemplateSender.java:142) ~[spring-cloud-sleuth-zipkin-2.2.0.RELEASE.jar:2.2.0.RELEASE]
	at org.springframework.cloud.sleuth.zipkin2.sender.RestTemplateSender$HttpPostCall.doExecute(RestTemplateSender.java:132) ~[spring-cloud-sleuth-zipkin-2.2.0.RELEASE.jar:2.2.0.RELEASE]
	at zipkin2.Call$Base.execute(Call.java:380) ~[zipkin-2.19.0.jar:?]
	at zipkin2.reporter.AsyncReporter$BoundedAsyncReporter.flush(AsyncReporter.java:285) ~[zipkin-reporter-2.11.0.jar:?]
	at zipkin2.reporter.AsyncReporter$Flusher.run(AsyncReporter.java:354) ~[zipkin-reporter-2.11.0.jar:?]
	at java.lang.Thread.run(Thread.java:748) [?:1.8.0_131]
Caused by: java.net.SocketTimeoutException: connect timed out
	at java.net.DualStackPlainSocketImpl.waitForConnect(Native Method) ~[?:1.8.0_131]
	at java.net.DualStackPlainSocketImpl.socketConnect(DualStackPlainSocketImpl.java:85) ~[?:1.8.0_131]
	at java.net.AbstractPlainSocketImpl.doConnect(AbstractPlainSocketImpl.java:350) ~[?:1.8.0_131]
	at java.net.AbstractPlainSocketImpl.connectToAddress(AbstractPlainSocketImpl.java:206) ~[?:1.8.0_131]
	at java.net.AbstractPlainSocketImpl.connect(AbstractPlainSocketImpl.java:188) ~[?:1.8.0_131]
	at java.net.PlainSocketImpl.connect(PlainSocketImpl.java:172) ~[?:1.8.0_131]
	at java.net.SocksSocketImpl.connect(SocksSocketImpl.java:392) ~[?:1.8.0_131]
	at java.net.Socket.connect(Socket.java:589) ~[?:1.8.0_131]
	at sun.net.NetworkClient.doConnect(NetworkClient.java:175) ~[?:1.8.0_131]
	at sun.net.www.http.HttpClient.openServer(HttpClient.java:463) ~[?:1.8.0_131]
	at sun.net.www.http.HttpClient.openServer(HttpClient.java:558) ~[?:1.8.0_131]
	at sun.net.www.http.HttpClient.<init>(HttpClient.java:242) ~[?:1.8.0_131]
	at sun.net.www.http.HttpClient.New(HttpClient.java:339) ~[?:1.8.0_131]
	at sun.net.www.http.HttpClient.New(HttpClient.java:357) ~[?:1.8.0_131]
	at sun.net.www.protocol.http.HttpURLConnection.getNewHttpClient(HttpURLConnection.java:1202) ~[?:1.8.0_131]
	at sun.net.www.protocol.http.HttpURLConnection.plainConnect0(HttpURLConnection.java:1138) ~[?:1.8.0_131]
	at sun.net.www.protocol.http.HttpURLConnection.plainConnect(HttpURLConnection.java:1032) ~[?:1.8.0_131]
	at sun.net.www.protocol.http.HttpURLConnection.connect(HttpURLConnection.java:966) ~[?:1.8.0_131]
	at org.springframework.http.client.SimpleBufferingClientHttpRequest.executeInternal(SimpleBufferingClientHttpRequest.java:76) ~[spring-web-5.2.8.RELEASE.jar:5.2.8.RELEASE]
	at org.springframework.http.client.AbstractBufferingClientHttpRequest.executeInternal(AbstractBufferingClientHttpRequest.java:48) ~[spring-web-5.2.8.RELEASE.jar:5.2.8.RELEASE]
	at org.springframework.http.client.AbstractClientHttpRequest.execute(AbstractClientHttpRequest.java:53) ~[spring-web-5.2.8.RELEASE.jar:5.2.8.RELEASE]
	at org.springframework.web.client.RestTemplate.doExecute(RestTemplate.java:739) ~[spring-web-5.2.8.RELEASE.jar:5.2.8.RELEASE]
	... 9 more
2020-08-13 20:36:13.854 [main] WARN  [com.netflix.config.sources.URLConfigurationSource:121] [,] - No URLs will be polled as dynamic configuration sources.
2020-08-13 20:36:14.290 [main] WARN  [org.springframework.boot.actuate.endpoint.EndpointId:155] [,] - Endpoint ID 'service-registry' contains invalid characters, please migrate to a valid format.
2020-08-13 20:36:14.985 [main] WARN  [org.springframework.cloud.sleuth.zipkin2.ZipkinAutoConfiguration:114] [,] - Check result of the [AsyncReporter{org.springframework.cloud.sleuth.zipkin2.sender.RestTemplateSender@23564dd2}] contains an error [CheckResult{ok=false, error=org.springframework.web.client.ResourceAccessException: I/O error on POST request for "http://localhost:9411/api/v2/spans": connect timed out; nested exception is java.net.SocketTimeoutException: connect timed out}]
2020-08-13 20:36:15.851 [main] WARN  [com.netflix.config.sources.URLConfigurationSource:121] [,] - No URLs will be polled as dynamic configuration sources.
2020-08-13 20:36:18.047 [main] WARN  [org.springframework.cloud.loadbalancer.config.BlockingLoadBalancerClientAutoConfiguration$BlockingLoadBalancerClientRibbonWarnLogger:106] [,] - You already have RibbonLoadBalancerClient on your classpath. It will be used by default. As Spring Cloud Ribbon is in maintenance mode. We recommend switching to BlockingLoadBalancerClient instead. In order to use it, set the value of `spring.cloud.loadbalancer.ribbon.enabled` to `false` or remove spring-cloud-starter-netflix-ribbon from your project.
2020-08-13 20:36:18.597 [main] WARN  [org.springframework.cloud.loadbalancer.config.LoadBalancerCacheAutoConfiguration$LoadBalancerCaffeineWarnLogger:81] [,] - Spring Cloud LoadBalancer is currently working with default default cache. You can switch to using Caffeine cache, by adding it to the classpath.
2020-08-13 20:36:18.739 [main] WARN  [com.netflix.eureka.cluster.PeerEurekaNodes:155] [,] - The replica size seems to be empty. Check the route 53 DNS Registry
2020-08-13 20:36:31.977 [AsyncReporter{org.springframework.cloud.sleuth.zipkin2.sender.RestTemplateSender@23564dd2}] WARN  [zipkin2.reporter.AsyncReporter$BoundedAsyncReporter:296] [,] - Spans were dropped due to exceptions. All subsequent errors will be logged at FINE level.
2020-08-13 20:36:31.978 [AsyncReporter{org.springframework.cloud.sleuth.zipkin2.sender.RestTemplateSender@23564dd2}] WARN  [zipkin2.reporter.AsyncReporter$BoundedAsyncReporter:303] [,] - Dropped 1 spans due to ResourceAccessException(I/O error on POST request for "http://localhost:9411/api/v2/spans": connect timed out; nested exception is java.net.SocketTimeoutException: connect timed out)
org.springframework.web.client.ResourceAccessException: I/O error on POST request for "http://localhost:9411/api/v2/spans": connect timed out; nested exception is java.net.SocketTimeoutException: connect timed out
	at org.springframework.web.client.RestTemplate.doExecute(RestTemplate.java:748) ~[spring-web-5.2.8.RELEASE.jar:5.2.8.RELEASE]
	at org.springframework.cloud.sleuth.zipkin2.sender.ZipkinRestTemplateWrapper.doExecute(ZipkinRestTemplateSenderConfiguration.java:228) ~[spring-cloud-sleuth-zipkin-2.2.0.RELEASE.jar:2.2.0.RELEASE]
	at org.springframework.web.client.RestTemplate.exchange(RestTemplate.java:641) ~[spring-web-5.2.8.RELEASE.jar:5.2.8.RELEASE]
	at org.springframework.cloud.sleuth.zipkin2.sender.RestTemplateSender.post(RestTemplateSender.java:129) ~[spring-cloud-sleuth-zipkin-2.2.0.RELEASE.jar:2.2.0.RELEASE]
	at org.springframework.cloud.sleuth.zipkin2.sender.RestTemplateSender$HttpPostCall.doExecute(RestTemplateSender.java:142) ~[spring-cloud-sleuth-zipkin-2.2.0.RELEASE.jar:2.2.0.RELEASE]
	at org.springframework.cloud.sleuth.zipkin2.sender.RestTemplateSender$HttpPostCall.doExecute(RestTemplateSender.java:132) ~[spring-cloud-sleuth-zipkin-2.2.0.RELEASE.jar:2.2.0.RELEASE]
	at zipkin2.Call$Base.execute(Call.java:380) ~[zipkin-2.19.0.jar:?]
	at zipkin2.reporter.AsyncReporter$BoundedAsyncReporter.flush(AsyncReporter.java:285) ~[zipkin-reporter-2.11.0.jar:?]
	at zipkin2.reporter.AsyncReporter$Flusher.run(AsyncReporter.java:354) ~[zipkin-reporter-2.11.0.jar:?]
	at java.lang.Thread.run(Thread.java:748) [?:1.8.0_131]
Caused by: java.net.SocketTimeoutException: connect timed out
	at java.net.DualStackPlainSocketImpl.waitForConnect(Native Method) ~[?:1.8.0_131]
	at java.net.DualStackPlainSocketImpl.socketConnect(DualStackPlainSocketImpl.java:85) ~[?:1.8.0_131]
	at java.net.AbstractPlainSocketImpl.doConnect(AbstractPlainSocketImpl.java:350) ~[?:1.8.0_131]
	at java.net.AbstractPlainSocketImpl.connectToAddress(AbstractPlainSocketImpl.java:206) ~[?:1.8.0_131]
	at java.net.AbstractPlainSocketImpl.connect(AbstractPlainSocketImpl.java:188) ~[?:1.8.0_131]
	at java.net.PlainSocketImpl.connect(PlainSocketImpl.java:172) ~[?:1.8.0_131]
	at java.net.SocksSocketImpl.connect(SocksSocketImpl.java:392) ~[?:1.8.0_131]
	at java.net.Socket.connect(Socket.java:589) ~[?:1.8.0_131]
	at sun.net.NetworkClient.doConnect(NetworkClient.java:175) ~[?:1.8.0_131]
	at sun.net.www.http.HttpClient.openServer(HttpClient.java:463) ~[?:1.8.0_131]
	at sun.net.www.http.HttpClient.openServer(HttpClient.java:558) ~[?:1.8.0_131]
	at sun.net.www.http.HttpClient.<init>(HttpClient.java:242) ~[?:1.8.0_131]
	at sun.net.www.http.HttpClient.New(HttpClient.java:339) ~[?:1.8.0_131]
	at sun.net.www.http.HttpClient.New(HttpClient.java:357) ~[?:1.8.0_131]
	at sun.net.www.protocol.http.HttpURLConnection.getNewHttpClient(HttpURLConnection.java:1202) ~[?:1.8.0_131]
	at sun.net.www.protocol.http.HttpURLConnection.plainConnect0(HttpURLConnection.java:1138) ~[?:1.8.0_131]
	at sun.net.www.protocol.http.HttpURLConnection.plainConnect(HttpURLConnection.java:1032) ~[?:1.8.0_131]
	at sun.net.www.protocol.http.HttpURLConnection.connect(HttpURLConnection.java:966) ~[?:1.8.0_131]
	at org.springframework.http.client.SimpleBufferingClientHttpRequest.executeInternal(SimpleBufferingClientHttpRequest.java:76) ~[spring-web-5.2.8.RELEASE.jar:5.2.8.RELEASE]
	at org.springframework.http.client.AbstractBufferingClientHttpRequest.executeInternal(AbstractBufferingClientHttpRequest.java:48) ~[spring-web-5.2.8.RELEASE.jar:5.2.8.RELEASE]
	at org.springframework.http.client.AbstractClientHttpRequest.execute(AbstractClientHttpRequest.java:53) ~[spring-web-5.2.8.RELEASE.jar:5.2.8.RELEASE]
	at org.springframework.web.client.RestTemplate.doExecute(RestTemplate.java:739) ~[spring-web-5.2.8.RELEASE.jar:5.2.8.RELEASE]
	... 9 more
2020-08-13 20:39:43.626 [main] WARN  [com.netflix.config.sources.URLConfigurationSource:121] [,] - No URLs will be polled as dynamic configuration sources.
2020-08-13 20:39:44.027 [main] WARN  [org.springframework.boot.actuate.endpoint.EndpointId:155] [,] - Endpoint ID 'service-registry' contains invalid characters, please migrate to a valid format.
2020-08-13 20:39:44.424 [main] WARN  [org.springframework.cloud.sleuth.zipkin2.ZipkinAutoConfiguration:114] [,] - Check result of the [AsyncReporter{org.springframework.cloud.sleuth.zipkin2.sender.RestTemplateSender@307af381}] contains an error [CheckResult{ok=false, error=org.springframework.web.client.HttpClientErrorException$NotFound: 404 : [{"timestamp":1597322384402,"status":404,"error":"Not Found","message":"No message available","path":"/api/v2/spans"}]}]
2020-08-13 20:39:45.196 [main] WARN  [com.netflix.config.sources.URLConfigurationSource:121] [,] - No URLs will be polled as dynamic configuration sources.
2020-08-13 20:39:47.366 [main] WARN  [org.springframework.cloud.loadbalancer.config.BlockingLoadBalancerClientAutoConfiguration$BlockingLoadBalancerClientRibbonWarnLogger:106] [,] - You already have RibbonLoadBalancerClient on your classpath. It will be used by default. As Spring Cloud Ribbon is in maintenance mode. We recommend switching to BlockingLoadBalancerClient instead. In order to use it, set the value of `spring.cloud.loadbalancer.ribbon.enabled` to `false` or remove spring-cloud-starter-netflix-ribbon from your project.
2020-08-13 20:39:47.926 [main] WARN  [org.springframework.cloud.loadbalancer.config.LoadBalancerCacheAutoConfiguration$LoadBalancerCaffeineWarnLogger:81] [,] - Spring Cloud LoadBalancer is currently working with default default cache. You can switch to using Caffeine cache, by adding it to the classpath.
2020-08-13 20:39:48.032 [main] WARN  [com.netflix.eureka.cluster.PeerEurekaNodes:155] [,] - The replica size seems to be empty. Check the route 53 DNS Registry
2020-08-13 20:40:35.757 [AsyncReporter{org.springframework.cloud.sleuth.zipkin2.sender.RestTemplateSender@307af381}] WARN  [zipkin2.reporter.AsyncReporter$BoundedAsyncReporter:296] [,] - Spans were dropped due to exceptions. All subsequent errors will be logged at FINE level.
2020-08-13 20:40:35.758 [AsyncReporter{org.springframework.cloud.sleuth.zipkin2.sender.RestTemplateSender@307af381}] WARN  [zipkin2.reporter.AsyncReporter$BoundedAsyncReporter:303] [,] - Dropped 2 spans due to ResourceAccessException(I/O error on POST request for "http://localhost:9411/api/v2/spans": Read timed out; nested exception is java.net.SocketTimeoutException: Read timed out)
org.springframework.web.client.ResourceAccessException: I/O error on POST request for "http://localhost:9411/api/v2/spans": Read timed out; nested exception is java.net.SocketTimeoutException: Read timed out
	at org.springframework.web.client.RestTemplate.doExecute(RestTemplate.java:748) ~[spring-web-5.2.8.RELEASE.jar:5.2.8.RELEASE]
	at org.springframework.cloud.sleuth.zipkin2.sender.ZipkinRestTemplateWrapper.doExecute(ZipkinRestTemplateSenderConfiguration.java:228) ~[spring-cloud-sleuth-zipkin-2.2.0.RELEASE.jar:2.2.0.RELEASE]
	at org.springframework.web.client.RestTemplate.exchange(RestTemplate.java:641) ~[spring-web-5.2.8.RELEASE.jar:5.2.8.RELEASE]
	at org.springframework.cloud.sleuth.zipkin2.sender.RestTemplateSender.post(RestTemplateSender.java:129) ~[spring-cloud-sleuth-zipkin-2.2.0.RELEASE.jar:2.2.0.RELEASE]
	at org.springframework.cloud.sleuth.zipkin2.sender.RestTemplateSender$HttpPostCall.doExecute(RestTemplateSender.java:142) ~[spring-cloud-sleuth-zipkin-2.2.0.RELEASE.jar:2.2.0.RELEASE]
	at org.springframework.cloud.sleuth.zipkin2.sender.RestTemplateSender$HttpPostCall.doExecute(RestTemplateSender.java:132) ~[spring-cloud-sleuth-zipkin-2.2.0.RELEASE.jar:2.2.0.RELEASE]
	at zipkin2.Call$Base.execute(Call.java:380) ~[zipkin-2.19.0.jar:?]
	at zipkin2.reporter.AsyncReporter$BoundedAsyncReporter.flush(AsyncReporter.java:285) ~[zipkin-reporter-2.11.0.jar:?]
	at zipkin2.reporter.AsyncReporter$Flusher.run(AsyncReporter.java:354) ~[zipkin-reporter-2.11.0.jar:?]
	at java.lang.Thread.run(Thread.java:748) [?:1.8.0_131]
Caused by: java.net.SocketTimeoutException: Read timed out
	at java.net.SocketInputStream.socketRead0(Native Method) ~[?:1.8.0_131]
	at java.net.SocketInputStream.socketRead(SocketInputStream.java:116) ~[?:1.8.0_131]
	at java.net.SocketInputStream.read(SocketInputStream.java:171) ~[?:1.8.0_131]
	at java.net.SocketInputStream.read(SocketInputStream.java:141) ~[?:1.8.0_131]
	at java.io.BufferedInputStream.fill(BufferedInputStream.java:246) ~[?:1.8.0_131]
	at java.io.BufferedInputStream.read1(BufferedInputStream.java:286) ~[?:1.8.0_131]
	at java.io.BufferedInputStream.read(BufferedInputStream.java:345) ~[?:1.8.0_131]
	at sun.net.www.http.HttpClient.parseHTTPHeader(HttpClient.java:735) ~[?:1.8.0_131]
	at sun.net.www.http.HttpClient.parseHTTP(HttpClient.java:678) ~[?:1.8.0_131]
	at sun.net.www.protocol.http.HttpURLConnection.getInputStream0(HttpURLConnection.java:1569) ~[?:1.8.0_131]
	at sun.net.www.protocol.http.HttpURLConnection.getInputStream(HttpURLConnection.java:1474) ~[?:1.8.0_131]
	at java.net.HttpURLConnection.getResponseCode(HttpURLConnection.java:480) ~[?:1.8.0_131]
	at org.springframework.http.client.SimpleClientHttpResponse.getRawStatusCode(SimpleClientHttpResponse.java:55) ~[spring-web-5.2.8.RELEASE.jar:5.2.8.RELEASE]
	at org.springframework.web.client.DefaultResponseErrorHandler.hasError(DefaultResponseErrorHandler.java:64) ~[spring-web-5.2.8.RELEASE.jar:5.2.8.RELEASE]
	at org.springframework.web.client.RestTemplate.handleResponse(RestTemplate.java:770) ~[spring-web-5.2.8.RELEASE.jar:5.2.8.RELEASE]
	at org.springframework.web.client.RestTemplate.doExecute(RestTemplate.java:740) ~[spring-web-5.2.8.RELEASE.jar:5.2.8.RELEASE]
	... 9 more
2020-08-13 20:48:31.824 [main] WARN  [com.netflix.config.sources.URLConfigurationSource:121] [,] - No URLs will be polled as dynamic configuration sources.
2020-08-13 20:48:32.232 [main] WARN  [org.springframework.boot.actuate.endpoint.EndpointId:155] [,] - Endpoint ID 'service-registry' contains invalid characters, please migrate to a valid format.
2020-08-13 20:48:32.722 [main] WARN  [org.springframework.cloud.sleuth.zipkin2.ZipkinAutoConfiguration:114] [,] - Check result of the [AsyncReporter{org.springframework.cloud.sleuth.zipkin2.sender.RestTemplateSender@6c9a3661}] contains an error [CheckResult{ok=false, error=org.springframework.web.client.HttpClientErrorException$NotFound: 404 : [{"timestamp":1597322912691,"status":404,"error":"Not Found","message":"No message available","path":"/api/v2/spans"}]}]
2020-08-13 20:48:33.550 [main] WARN  [com.netflix.config.sources.URLConfigurationSource:121] [,] - No URLs will be polled as dynamic configuration sources.
2020-08-13 20:48:35.659 [main] WARN  [org.springframework.cloud.loadbalancer.config.BlockingLoadBalancerClientAutoConfiguration$BlockingLoadBalancerClientRibbonWarnLogger:106] [,] - You already have RibbonLoadBalancerClient on your classpath. It will be used by default. As Spring Cloud Ribbon is in maintenance mode. We recommend switching to BlockingLoadBalancerClient instead. In order to use it, set the value of `spring.cloud.loadbalancer.ribbon.enabled` to `false` or remove spring-cloud-starter-netflix-ribbon from your project.
2020-08-13 20:48:36.243 [main] WARN  [org.springframework.cloud.loadbalancer.config.LoadBalancerCacheAutoConfiguration$LoadBalancerCaffeineWarnLogger:81] [,] - Spring Cloud LoadBalancer is currently working with default default cache. You can switch to using Caffeine cache, by adding it to the classpath.
2020-08-13 20:48:36.354 [main] WARN  [com.netflix.eureka.cluster.PeerEurekaNodes:155] [,] - The replica size seems to be empty. Check the route 53 DNS Registry
2020-08-13 20:48:48.439 [AsyncReporter{org.springframework.cloud.sleuth.zipkin2.sender.RestTemplateSender@6c9a3661}] WARN  [zipkin2.reporter.AsyncReporter$BoundedAsyncReporter:296] [,] - Spans were dropped due to exceptions. All subsequent errors will be logged at FINE level.
2020-08-13 20:48:48.442 [AsyncReporter{org.springframework.cloud.sleuth.zipkin2.sender.RestTemplateSender@6c9a3661}] WARN  [zipkin2.reporter.AsyncReporter$BoundedAsyncReporter:303] [,] - Dropped 1 spans due to NotFound(404 : [{"timestamp":1597322928437,"status":404,"error":"Not Found","message":"No message available","path":"/api/v2/spans"}])
org.springframework.web.client.HttpClientErrorException$NotFound: 404 : [{"timestamp":1597322928437,"status":404,"error":"Not Found","message":"No message available","path":"/api/v2/spans"}]
	at org.springframework.web.client.HttpClientErrorException.create(HttpClientErrorException.java:113) ~[spring-web-5.2.8.RELEASE.jar:5.2.8.RELEASE]
	at org.springframework.web.client.DefaultResponseErrorHandler.handleError(DefaultResponseErrorHandler.java:184) ~[spring-web-5.2.8.RELEASE.jar:5.2.8.RELEASE]
	at org.springframework.web.client.DefaultResponseErrorHandler.handleError(DefaultResponseErrorHandler.java:125) ~[spring-web-5.2.8.RELEASE.jar:5.2.8.RELEASE]
	at org.springframework.web.client.ResponseErrorHandler.handleError(ResponseErrorHandler.java:63) ~[spring-web-5.2.8.RELEASE.jar:5.2.8.RELEASE]
	at org.springframework.web.client.RestTemplate.handleResponse(RestTemplate.java:782) ~[spring-web-5.2.8.RELEASE.jar:5.2.8.RELEASE]
	at org.springframework.web.client.RestTemplate.doExecute(RestTemplate.java:740) ~[spring-web-5.2.8.RELEASE.jar:5.2.8.RELEASE]
	at org.springframework.cloud.sleuth.zipkin2.sender.ZipkinRestTemplateWrapper.doExecute(ZipkinRestTemplateSenderConfiguration.java:228) ~[spring-cloud-sleuth-zipkin-2.2.0.RELEASE.jar:2.2.0.RELEASE]
	at org.springframework.web.client.RestTemplate.exchange(RestTemplate.java:641) ~[spring-web-5.2.8.RELEASE.jar:5.2.8.RELEASE]
	at org.springframework.cloud.sleuth.zipkin2.sender.RestTemplateSender.post(RestTemplateSender.java:129) ~[spring-cloud-sleuth-zipkin-2.2.0.RELEASE.jar:2.2.0.RELEASE]
	at org.springframework.cloud.sleuth.zipkin2.sender.RestTemplateSender$HttpPostCall.doExecute(RestTemplateSender.java:142) ~[spring-cloud-sleuth-zipkin-2.2.0.RELEASE.jar:2.2.0.RELEASE]
	at org.springframework.cloud.sleuth.zipkin2.sender.RestTemplateSender$HttpPostCall.doExecute(RestTemplateSender.java:132) ~[spring-cloud-sleuth-zipkin-2.2.0.RELEASE.jar:2.2.0.RELEASE]
	at zipkin2.Call$Base.execute(Call.java:380) ~[zipkin-2.19.0.jar:?]
	at zipkin2.reporter.AsyncReporter$BoundedAsyncReporter.flush(AsyncReporter.java:285) ~[zipkin-reporter-2.11.0.jar:?]
	at zipkin2.reporter.AsyncReporter$Flusher.run(AsyncReporter.java:354) ~[zipkin-reporter-2.11.0.jar:?]
	at java.lang.Thread.run(Thread.java:748) [?:1.8.0_131]
2020-08-13 20:56:19.974 [main] WARN  [com.netflix.config.sources.URLConfigurationSource:121] [,] - No URLs will be polled as dynamic configuration sources.
2020-08-13 20:56:20.380 [main] WARN  [org.springframework.boot.actuate.endpoint.EndpointId:155] [,] - Endpoint ID 'service-registry' contains invalid characters, please migrate to a valid format.
2020-08-13 20:56:20.696 [main] WARN  [org.springframework.cloud.sleuth.zipkin2.ZipkinAutoConfiguration:114] [,] - Check result of the [AsyncReporter{org.springframework.cloud.sleuth.zipkin2.sender.RestTemplateSender@b5d9f1e}] contains an error [CheckResult{ok=false, error=org.springframework.web.client.HttpClientErrorException$BadRequest: 400 Bad Request: [Empty JSON_V2 message]}]
2020-08-13 20:56:21.486 [main] WARN  [com.netflix.config.sources.URLConfigurationSource:121] [,] - No URLs will be polled as dynamic configuration sources.
2020-08-13 20:56:23.510 [main] WARN  [org.springframework.cloud.loadbalancer.config.BlockingLoadBalancerClientAutoConfiguration$BlockingLoadBalancerClientRibbonWarnLogger:106] [,] - You already have RibbonLoadBalancerClient on your classpath. It will be used by default. As Spring Cloud Ribbon is in maintenance mode. We recommend switching to BlockingLoadBalancerClient instead. In order to use it, set the value of `spring.cloud.loadbalancer.ribbon.enabled` to `false` or remove spring-cloud-starter-netflix-ribbon from your project.
2020-08-13 20:56:24.051 [main] WARN  [org.springframework.cloud.loadbalancer.config.LoadBalancerCacheAutoConfiguration$LoadBalancerCaffeineWarnLogger:81] [,] - Spring Cloud LoadBalancer is currently working with default default cache. You can switch to using Caffeine cache, by adding it to the classpath.
2020-08-13 20:56:24.142 [main] WARN  [com.netflix.eureka.cluster.PeerEurekaNodes:155] [,] - The replica size seems to be empty. Check the route 53 DNS Registry
