2020-08-13 21:04:19.988 [main] INFO  [org.springframework.context.support.PostProcessorRegistrationDelegate$BeanPostProcessorChecker:335] [,] - Bean 'org.springframework.cloud.autoconfigure.ConfigurationPropertiesRebinderAutoConfiguration' of type [org.springframework.cloud.autoconfigure.ConfigurationPropertiesRebinderAutoConfiguration] is not eligible for getting processed by all BeanPostProcessors (for example: not eligible for auto-proxying)
2020-08-13 21:04:20.601 [main] INFO  [org.springframework.cloud.config.client.ConfigServicePropertySourceLocator:241] [,] - Fetching config from server at : http://localhost:8000
2020-08-13 21:04:21.159 [main] INFO  [org.springframework.cloud.config.client.ConfigServicePropertySourceLocator:159] [,] - Located environment: name=user, profiles=[dev], label=null, version=null, state=null
2020-08-13 21:04:21.160 [main] INFO  [org.springframework.cloud.bootstrap.config.PropertySourceBootstrapConfiguration:102] [,] - Located property source: OriginTrackedCompositePropertySource {name='configService', propertySources=[OriginTrackedMapPropertySource {name='classpath:/configs/user-dev.properties'}]}
2020-08-13 21:04:21.270 [main] INFO  [com.swust.homepage.HomepageUserApplication:651] [,] - No active profile set, falling back to default profiles: default
2020-08-13 21:04:22.223 [main] INFO  [org.springframework.cloud.context.scope.GenericScope:295] [,] - BeanFactory id=5520dd4b-a6df-3e0a-9966-83a22106880c
2020-08-13 21:04:22.503 [main] INFO  [org.springframework.context.support.PostProcessorRegistrationDelegate$BeanPostProcessorChecker:335] [,] - Bean 'org.springframework.cloud.autoconfigure.ConfigurationPropertiesRebinderAutoConfiguration' of type [org.springframework.cloud.autoconfigure.ConfigurationPropertiesRebinderAutoConfiguration] is not eligible for getting processed by all BeanPostProcessors (for example: not eligible for auto-proxying)
2020-08-13 21:04:22.813 [main] INFO  [org.springframework.boot.web.embedded.tomcat.TomcatWebServer:108] [,] - Tomcat initialized with port(s): 8002 (http)
2020-08-13 21:04:22.821 [main] INFO  [org.apache.coyote.http11.Http11NioProtocol:173] [,] - Initializing ProtocolHandler ["http-nio-8002"]
2020-08-13 21:04:22.821 [main] INFO  [org.apache.catalina.core.StandardService:173] [,] - Starting service [Tomcat]
2020-08-13 21:04:22.821 [main] INFO  [org.apache.catalina.core.StandardEngine:173] [,] - Starting Servlet engine: [Apache Tomcat/9.0.37]
2020-08-13 21:04:23.052 [main] INFO  [org.apache.catalina.core.ContainerBase.[Tomcat].[localhost].[/homepage-user]:173] [,] - Initializing Spring embedded WebApplicationContext
2020-08-13 21:04:23.052 [main] INFO  [org.springframework.boot.web.servlet.context.ServletWebServerApplicationContext:285] [,] - Root WebApplicationContext: initialization completed in 1767 ms
2020-08-13 21:04:23.313 [main] WARN  [org.springframework.cloud.sleuth.zipkin2.ZipkinAutoConfiguration:114] [,] - Check result of the [AsyncReporter{org.springframework.cloud.sleuth.zipkin2.sender.RestTemplateSender@766a52f5}] contains an error [CheckResult{ok=false, error=org.springframework.web.client.HttpClientErrorException$BadRequest: 400 Bad Request: [Empty JSON_V2 message]}]
2020-08-13 21:04:24.088 [main] WARN  [com.netflix.config.sources.URLConfigurationSource:121] [,] - No URLs will be polled as dynamic configuration sources.
2020-08-13 21:04:24.088 [main] INFO  [com.netflix.config.sources.URLConfigurationSource:122] [,] - To enable URLs as dynamic configuration sources, define System property archaius.configurationSource.additionalUrls or make config.properties available on classpath.
2020-08-13 21:04:24.092 [main] WARN  [com.netflix.config.sources.URLConfigurationSource:121] [,] - No URLs will be polled as dynamic configuration sources.
2020-08-13 21:04:24.092 [main] INFO  [com.netflix.config.sources.URLConfigurationSource:122] [,] - To enable URLs as dynamic configuration sources, define System property archaius.configurationSource.additionalUrls or make config.properties available on classpath.
2020-08-13 21:04:24.271 [main] INFO  [org.springframework.scheduling.concurrent.ThreadPoolTaskExecutor:181] [,] - Initializing ExecutorService 'applicationTaskExecutor'
2020-08-13 21:04:25.945 [main] WARN  [org.springframework.cloud.loadbalancer.config.BlockingLoadBalancerClientAutoConfiguration$BlockingLoadBalancerClientRibbonWarnLogger:106] [,] - You already have RibbonLoadBalancerClient on your classpath. It will be used by default. As Spring Cloud Ribbon is in maintenance mode. We recommend switching to BlockingLoadBalancerClient instead. In order to use it, set the value of `spring.cloud.loadbalancer.ribbon.enabled` to `false` or remove spring-cloud-starter-netflix-ribbon from your project.
2020-08-13 21:04:26.445 [main] WARN  [org.springframework.cloud.loadbalancer.config.LoadBalancerCacheAutoConfiguration$LoadBalancerCaffeineWarnLogger:81] [,] - Spring Cloud LoadBalancer is currently working with default default cache. You can switch to using Caffeine cache, by adding it to the classpath.
2020-08-13 21:04:26.606 [main] INFO  [org.springframework.cloud.netflix.eureka.InstanceInfoFactory:72] [,] - Setting initial instance status as: STARTING
2020-08-13 21:04:26.658 [main] INFO  [com.netflix.discovery.DiscoveryClient:365] [,] - Initializing Eureka in region us-east-1
2020-08-13 21:04:27.088 [main] INFO  [com.netflix.discovery.provider.DiscoveryJerseyProvider:70] [,] - Using JSON encoding codec LegacyJacksonJson
2020-08-13 21:04:27.088 [main] INFO  [com.netflix.discovery.provider.DiscoveryJerseyProvider:71] [,] - Using JSON decoding codec LegacyJacksonJson
2020-08-13 21:04:27.196 [main] INFO  [com.netflix.discovery.provider.DiscoveryJerseyProvider:80] [,] - Using XML encoding codec XStreamXml
2020-08-13 21:04:27.197 [main] INFO  [com.netflix.discovery.provider.DiscoveryJerseyProvider:81] [,] - Using XML decoding codec XStreamXml
2020-08-13 21:04:27.394 [main] INFO  [com.netflix.discovery.shared.resolver.aws.ConfigClusterResolver:43] [,] - Resolving eureka endpoints via configuration
2020-08-13 21:04:27.609 [main] INFO  [com.netflix.discovery.DiscoveryClient:976] [,] - Disable delta property : false
2020-08-13 21:04:27.609 [main] INFO  [com.netflix.discovery.DiscoveryClient:977] [,] - Single vip registry refresh property : null
2020-08-13 21:04:27.609 [main] INFO  [com.netflix.discovery.DiscoveryClient:978] [,] - Force full registry fetch : false
2020-08-13 21:04:27.609 [main] INFO  [com.netflix.discovery.DiscoveryClient:979] [,] - Application is null : false
2020-08-13 21:04:27.609 [main] INFO  [com.netflix.discovery.DiscoveryClient:980] [,] - Registered Applications size is zero : true
2020-08-13 21:04:27.609 [main] INFO  [com.netflix.discovery.DiscoveryClient:982] [,] - Application version is -1: true
2020-08-13 21:04:27.610 [main] INFO  [com.netflix.discovery.DiscoveryClient:1065] [,] - Getting all instance registry info from the eureka server
2020-08-13 21:04:27.709 [main] INFO  [com.netflix.discovery.DiscoveryClient:1074] [,] - The response status is 200
2020-08-13 21:04:27.712 [main] INFO  [com.netflix.discovery.DiscoveryClient:1288] [,] - Starting heartbeat executor: renew interval is: 30
2020-08-13 21:04:27.714 [main] INFO  [com.netflix.discovery.InstanceInfoReplicator:60] [,] - InstanceInfoReplicator onDemand update allowed rate per min is 4
2020-08-13 21:04:27.717 [main] INFO  [com.netflix.discovery.DiscoveryClient:465] [,] - Discovery Client initialized at timestamp 1597323867716 with initial instances count: 2
2020-08-13 21:04:27.725 [main] INFO  [org.springframework.cloud.netflix.eureka.serviceregistry.EurekaServiceRegistry:41] [,] - Registering application EUREKA-CLIENT-HOMEPAGE-USER with eureka with status UP
2020-08-13 21:04:27.725 [main] INFO  [com.netflix.discovery.DiscoveryClient:1323] [,] - Saw local status change event StatusChangeEvent [timestamp=1597323867725, current=UP, previous=STARTING]
2020-08-13 21:04:27.727 [DiscoveryClient-InstanceInfoReplicator-0] INFO  [com.netflix.discovery.DiscoveryClient:844] [,] - DiscoveryClient_EUREKA-CLIENT-HOMEPAGE-USER/DESKTOP-P8HKM53:eureka-client-homepage-user:8002: registering service...
2020-08-13 21:04:27.727 [main] INFO  [org.apache.coyote.http11.Http11NioProtocol:173] [,] - Starting ProtocolHandler ["http-nio-8002"]
2020-08-13 21:04:27.765 [main] INFO  [org.springframework.boot.web.embedded.tomcat.TomcatWebServer:220] [,] - Tomcat started on port(s): 8002 (http) with context path '/homepage-user'
2020-08-13 21:04:27.765 [main] INFO  [org.springframework.cloud.netflix.eureka.serviceregistry.EurekaAutoServiceRegistration:145] [,] - Updating port to 8002
2020-08-13 21:04:27.772 [DiscoveryClient-InstanceInfoReplicator-0] INFO  [com.netflix.discovery.DiscoveryClient:853] [,] - DiscoveryClient_EUREKA-CLIENT-HOMEPAGE-USER/DESKTOP-P8HKM53:eureka-client-homepage-user:8002 - registration status: 204
2020-08-13 21:04:28.243 [main] INFO  [com.swust.homepage.HomepageUserApplication:61] [,] - Started HomepageUserApplication in 9.335 seconds (JVM running for 11.493)
2020-08-13 21:04:28.244 [main] INFO  [com.swust.homepage.config.ApplicationRunnerImpl:19] [,] - --->eureka-client-homepage-user启动成功！
2020-08-13 21:04:44.956 [http-nio-8002-exec-1] INFO  [org.apache.catalina.core.ContainerBase.[Tomcat].[localhost].[/homepage-user]:173] [,] - Initializing Spring DispatcherServlet 'dispatcherServlet'
2020-08-13 21:04:44.957 [http-nio-8002-exec-1] INFO  [org.springframework.web.servlet.DispatcherServlet:525] [,] - Initializing Servlet 'dispatcherServlet'
2020-08-13 21:04:44.971 [http-nio-8002-exec-1] INFO  [org.springframework.web.servlet.DispatcherServlet:547] [,] - Completed initialization in 14 ms
2020-08-13 21:04:45.105 [http-nio-8002-exec-1] INFO  [com.alibaba.druid.pool.DruidDataSource:928] [f7b04c5c38a6d1a6,531dd17e87860fa0] - {dataSource-1} inited
2020-08-13 21:04:45.508 [http-nio-8002-exec-1] INFO  [com.netflix.config.ChainedDynamicProperty:115] [f7b04c5c38a6d1a6,531dd17e87860fa0] - Flipping property: eureka-client-homepage-course.ribbon.ActiveConnectionsLimit to use NEXT property: niws.loadbalancer.availabilityFilteringRule.activeConnectionsLimit = 2147483647
2020-08-13 21:04:45.549 [http-nio-8002-exec-1] INFO  [com.netflix.util.concurrent.ShutdownEnabledTimer:58] [f7b04c5c38a6d1a6,531dd17e87860fa0] - Shutdown hook installed for: NFLoadBalancer-PingTimer-eureka-client-homepage-course
2020-08-13 21:04:45.549 [http-nio-8002-exec-1] INFO  [com.netflix.loadbalancer.BaseLoadBalancer:197] [f7b04c5c38a6d1a6,531dd17e87860fa0] - Client: eureka-client-homepage-course instantiated a LoadBalancer: DynamicServerListLoadBalancer:{NFLoadBalancer:name=eureka-client-homepage-course,current list of Servers=[],Load balancer stats=Zone stats: {},Server stats: []}ServerList:null
2020-08-13 21:04:45.555 [http-nio-8002-exec-1] INFO  [com.netflix.loadbalancer.DynamicServerListLoadBalancer:222] [f7b04c5c38a6d1a6,531dd17e87860fa0] - Using serverListUpdater PollingServerListUpdater
2020-08-13 21:04:45.575 [http-nio-8002-exec-1] INFO  [com.netflix.config.ChainedDynamicProperty:115] [f7b04c5c38a6d1a6,531dd17e87860fa0] - Flipping property: eureka-client-homepage-course.ribbon.ActiveConnectionsLimit to use NEXT property: niws.loadbalancer.availabilityFilteringRule.activeConnectionsLimit = 2147483647
2020-08-13 21:04:45.576 [http-nio-8002-exec-1] INFO  [com.netflix.loadbalancer.DynamicServerListLoadBalancer:150] [f7b04c5c38a6d1a6,531dd17e87860fa0] - DynamicServerListLoadBalancer for client eureka-client-homepage-course initialized: DynamicServerListLoadBalancer:{NFLoadBalancer:name=eureka-client-homepage-course,current list of Servers=[DESKTOP-P8HKM53:8001],Load balancer stats=Zone stats: {defaultzone=[Zone:defaultzone;	Instance count:1;	Active connections count: 0;	Circuit breaker tripped count: 0;	Active connections per server: 0.0;]
},Server stats: [[Server:DESKTOP-P8HKM53:8001;	Zone:defaultZone;	Total Requests:0;	Successive connection failure:0;	Total blackout seconds:0;	Last connection made:Thu Jan 01 08:00:00 CST 1970;	First connection made: Thu Jan 01 08:00:00 CST 1970;	Active Connections:0;	total failure count in last (1000) msecs:0;	average resp time:0.0;	90 percentile resp time:0.0;	95 percentile resp time:0.0;	min resp time:0.0;	max resp time:0.0;	stddev resp time:0.0]
]}ServerList:org.springframework.cloud.netflix.ribbon.eureka.DomainExtractingServerList@9386a5f
2020-08-13 21:04:46.561 [PollingServerListUpdater-0] INFO  [com.netflix.config.ChainedDynamicProperty:115] [,] - Flipping property: eureka-client-homepage-course.ribbon.ActiveConnectionsLimit to use NEXT property: niws.loadbalancer.availabilityFilteringRule.activeConnectionsLimit = 2147483647
