2020-08-15 08:42:47.307 [main] INFO  [org.springframework.context.support.PostProcessorRegistrationDelegate$BeanPostProcessorChecker:335] [,] - Bean 'org.springframework.cloud.autoconfigure.ConfigurationPropertiesRebinderAutoConfiguration' of type [org.springframework.cloud.autoconfigure.ConfigurationPropertiesRebinderAutoConfiguration] is not eligible for getting processed by all BeanPostProcessors (for example: not eligible for auto-proxying)
2020-08-15 08:42:48.558 [main] INFO  [org.springframework.cloud.config.client.ConfigServicePropertySourceLocator:241] [,] - Fetching config from server at : http://localhost:8000
2020-08-15 08:42:49.404 [main] INFO  [org.springframework.cloud.config.client.ConfigServicePropertySourceLocator:159] [,] - Located environment: name=user, profiles=[dev], label=null, version=null, state=null
2020-08-15 08:42:49.404 [main] INFO  [org.springframework.cloud.bootstrap.config.PropertySourceBootstrapConfiguration:102] [,] - Located property source: OriginTrackedCompositePropertySource {name='configService', propertySources=[OriginTrackedMapPropertySource {name='classpath:/configs/user-dev.properties'}]}
2020-08-15 08:42:49.511 [main] INFO  [com.swust.homepage.HomepageUserApplication:651] [,] - No active profile set, falling back to default profiles: default
2020-08-15 08:42:51.011 [main] INFO  [org.springframework.cloud.context.scope.GenericScope:295] [,] - BeanFactory id=5520dd4b-a6df-3e0a-9966-83a22106880c
2020-08-15 08:42:51.441 [main] INFO  [org.springframework.context.support.PostProcessorRegistrationDelegate$BeanPostProcessorChecker:335] [,] - Bean 'org.springframework.cloud.autoconfigure.ConfigurationPropertiesRebinderAutoConfiguration' of type [org.springframework.cloud.autoconfigure.ConfigurationPropertiesRebinderAutoConfiguration] is not eligible for getting processed by all BeanPostProcessors (for example: not eligible for auto-proxying)
2020-08-15 08:42:52.238 [main] INFO  [org.springframework.boot.web.embedded.tomcat.TomcatWebServer:108] [,] - Tomcat initialized with port(s): 8002 (http)
2020-08-15 08:42:52.253 [main] INFO  [org.apache.coyote.http11.Http11NioProtocol:173] [,] - Initializing ProtocolHandler ["http-nio-8002"]
2020-08-15 08:42:52.253 [main] INFO  [org.apache.catalina.core.StandardService:173] [,] - Starting service [Tomcat]
2020-08-15 08:42:52.254 [main] INFO  [org.apache.catalina.core.StandardEngine:173] [,] - Starting Servlet engine: [Apache Tomcat/9.0.37]
2020-08-15 08:42:52.584 [main] INFO  [org.apache.catalina.core.ContainerBase.[Tomcat].[localhost].[/homepage-user]:173] [,] - Initializing Spring embedded WebApplicationContext
2020-08-15 08:42:52.584 [main] INFO  [org.springframework.boot.web.servlet.context.ServletWebServerApplicationContext:285] [,] - Root WebApplicationContext: initialization completed in 3054 ms
2020-08-15 08:42:53.457 [main] WARN  [org.springframework.cloud.sleuth.zipkin2.ZipkinAutoConfiguration:114] [,] - Check result of the [AsyncReporter{org.springframework.cloud.sleuth.zipkin2.sender.RestTemplateSender@2ac519dc}] contains an error [CheckResult{ok=false, error=org.springframework.web.client.ResourceAccessException: I/O error on POST request for "http://localhost:9411/api/v2/spans": connect timed out; nested exception is java.net.SocketTimeoutException: connect timed out}]
2020-08-15 08:42:54.468 [main] WARN  [com.netflix.config.sources.URLConfigurationSource:121] [,] - No URLs will be polled as dynamic configuration sources.
2020-08-15 08:42:54.468 [main] INFO  [com.netflix.config.sources.URLConfigurationSource:122] [,] - To enable URLs as dynamic configuration sources, define System property archaius.configurationSource.additionalUrls or make config.properties available on classpath.
2020-08-15 08:42:54.473 [main] WARN  [com.netflix.config.sources.URLConfigurationSource:121] [,] - No URLs will be polled as dynamic configuration sources.
2020-08-15 08:42:54.473 [main] INFO  [com.netflix.config.sources.URLConfigurationSource:122] [,] - To enable URLs as dynamic configuration sources, define System property archaius.configurationSource.additionalUrls or make config.properties available on classpath.
2020-08-15 08:42:54.677 [main] INFO  [org.springframework.scheduling.concurrent.ThreadPoolTaskExecutor:181] [,] - Initializing ExecutorService 'applicationTaskExecutor'
2020-08-15 08:42:56.742 [main] WARN  [org.springframework.cloud.loadbalancer.config.BlockingLoadBalancerClientAutoConfiguration$BlockingLoadBalancerClientRibbonWarnLogger:106] [,] - You already have RibbonLoadBalancerClient on your classpath. It will be used by default. As Spring Cloud Ribbon is in maintenance mode. We recommend switching to BlockingLoadBalancerClient instead. In order to use it, set the value of `spring.cloud.loadbalancer.ribbon.enabled` to `false` or remove spring-cloud-starter-netflix-ribbon from your project.
2020-08-15 08:42:57.444 [main] WARN  [org.springframework.cloud.loadbalancer.config.LoadBalancerCacheAutoConfiguration$LoadBalancerCaffeineWarnLogger:81] [,] - Spring Cloud LoadBalancer is currently working with default default cache. You can switch to using Caffeine cache, by adding it to the classpath.
2020-08-15 08:42:57.664 [main] INFO  [org.springframework.cloud.netflix.eureka.InstanceInfoFactory:72] [,] - Setting initial instance status as: STARTING
2020-08-15 08:42:57.722 [main] INFO  [com.netflix.discovery.DiscoveryClient:365] [,] - Initializing Eureka in region us-east-1
2020-08-15 08:42:58.107 [main] INFO  [com.netflix.discovery.provider.DiscoveryJerseyProvider:70] [,] - Using JSON encoding codec LegacyJacksonJson
2020-08-15 08:42:58.107 [main] INFO  [com.netflix.discovery.provider.DiscoveryJerseyProvider:71] [,] - Using JSON decoding codec LegacyJacksonJson
2020-08-15 08:42:58.205 [main] INFO  [com.netflix.discovery.provider.DiscoveryJerseyProvider:80] [,] - Using XML encoding codec XStreamXml
2020-08-15 08:42:58.205 [main] INFO  [com.netflix.discovery.provider.DiscoveryJerseyProvider:81] [,] - Using XML decoding codec XStreamXml
2020-08-15 08:42:58.406 [main] INFO  [com.netflix.discovery.shared.resolver.aws.ConfigClusterResolver:43] [,] - Resolving eureka endpoints via configuration
2020-08-15 08:42:58.639 [main] INFO  [com.netflix.discovery.DiscoveryClient:976] [,] - Disable delta property : false
2020-08-15 08:42:58.639 [main] INFO  [com.netflix.discovery.DiscoveryClient:977] [,] - Single vip registry refresh property : null
2020-08-15 08:42:58.639 [main] INFO  [com.netflix.discovery.DiscoveryClient:978] [,] - Force full registry fetch : false
2020-08-15 08:42:58.639 [main] INFO  [com.netflix.discovery.DiscoveryClient:979] [,] - Application is null : false
2020-08-15 08:42:58.639 [main] INFO  [com.netflix.discovery.DiscoveryClient:980] [,] - Registered Applications size is zero : true
2020-08-15 08:42:58.639 [main] INFO  [com.netflix.discovery.DiscoveryClient:982] [,] - Application version is -1: true
2020-08-15 08:42:58.640 [main] INFO  [com.netflix.discovery.DiscoveryClient:1065] [,] - Getting all instance registry info from the eureka server
2020-08-15 08:42:58.716 [main] INFO  [com.netflix.discovery.DiscoveryClient:1074] [,] - The response status is 200
2020-08-15 08:42:58.717 [main] INFO  [com.netflix.discovery.DiscoveryClient:1288] [,] - Starting heartbeat executor: renew interval is: 30
2020-08-15 08:42:58.719 [main] INFO  [com.netflix.discovery.InstanceInfoReplicator:60] [,] - InstanceInfoReplicator onDemand update allowed rate per min is 4
2020-08-15 08:42:58.723 [main] INFO  [com.netflix.discovery.DiscoveryClient:465] [,] - Discovery Client initialized at timestamp 1597452178722 with initial instances count: 0
2020-08-15 08:42:58.729 [main] INFO  [org.springframework.cloud.netflix.eureka.serviceregistry.EurekaServiceRegistry:41] [,] - Registering application EUREKA-CLIENT-HOMEPAGE-USER with eureka with status UP
2020-08-15 08:42:58.730 [main] INFO  [com.netflix.discovery.DiscoveryClient:1323] [,] - Saw local status change event StatusChangeEvent [timestamp=1597452178730, current=UP, previous=STARTING]
2020-08-15 08:42:58.732 [main] INFO  [org.apache.coyote.http11.Http11NioProtocol:173] [,] - Starting ProtocolHandler ["http-nio-8002"]
2020-08-15 08:42:58.732 [DiscoveryClient-InstanceInfoReplicator-0] INFO  [com.netflix.discovery.DiscoveryClient:844] [,] - DiscoveryClient_EUREKA-CLIENT-HOMEPAGE-USER/172.20.95.2:eureka-client-homepage-user:8002: registering service...
2020-08-15 08:42:58.757 [main] INFO  [org.springframework.boot.web.embedded.tomcat.TomcatWebServer:220] [,] - Tomcat started on port(s): 8002 (http) with context path '/homepage-user'
2020-08-15 08:42:58.758 [main] INFO  [org.springframework.cloud.netflix.eureka.serviceregistry.EurekaAutoServiceRegistration:145] [,] - Updating port to 8002
2020-08-15 08:42:58.767 [DiscoveryClient-InstanceInfoReplicator-0] INFO  [com.netflix.discovery.DiscoveryClient:853] [,] - DiscoveryClient_EUREKA-CLIENT-HOMEPAGE-USER/172.20.95.2:eureka-client-homepage-user:8002 - registration status: 204
2020-08-15 08:42:59.198 [main] INFO  [com.swust.homepage.HomepageUserApplication:61] [,] - Started HomepageUserApplication in 14.298 seconds (JVM running for 18.082)
2020-08-15 08:42:59.199 [main] INFO  [com.swust.homepage.config.ApplicationRunnerImpl:19] [,] - --->eureka-client-homepage-user启动成功！
2020-08-15 08:43:28.719 [DiscoveryClient-CacheRefreshExecutor-0] INFO  [com.netflix.discovery.DiscoveryClient:976] [,] - Disable delta property : false
2020-08-15 08:43:28.719 [DiscoveryClient-CacheRefreshExecutor-0] INFO  [com.netflix.discovery.DiscoveryClient:977] [,] - Single vip registry refresh property : null
2020-08-15 08:43:28.720 [DiscoveryClient-CacheRefreshExecutor-0] INFO  [com.netflix.discovery.DiscoveryClient:978] [,] - Force full registry fetch : false
2020-08-15 08:43:28.720 [DiscoveryClient-CacheRefreshExecutor-0] INFO  [com.netflix.discovery.DiscoveryClient:979] [,] - Application is null : false
2020-08-15 08:43:28.720 [DiscoveryClient-CacheRefreshExecutor-0] INFO  [com.netflix.discovery.DiscoveryClient:980] [,] - Registered Applications size is zero : true
2020-08-15 08:43:28.720 [DiscoveryClient-CacheRefreshExecutor-0] INFO  [com.netflix.discovery.DiscoveryClient:982] [,] - Application version is -1: false
2020-08-15 08:43:28.720 [DiscoveryClient-CacheRefreshExecutor-0] INFO  [com.netflix.discovery.DiscoveryClient:1065] [,] - Getting all instance registry info from the eureka server
2020-08-15 08:43:28.745 [DiscoveryClient-CacheRefreshExecutor-0] INFO  [com.netflix.discovery.DiscoveryClient:1074] [,] - The response status is 200
2020-08-15 08:47:58.641 [AsyncResolver-bootstrap-executor-0] INFO  [com.netflix.discovery.shared.resolver.aws.ConfigClusterResolver:43] [,] - Resolving eureka endpoints via configuration
2020-08-15 08:52:58.643 [AsyncResolver-bootstrap-executor-0] INFO  [com.netflix.discovery.shared.resolver.aws.ConfigClusterResolver:43] [,] - Resolving eureka endpoints via configuration
2020-08-15 08:57:58.645 [AsyncResolver-bootstrap-executor-0] INFO  [com.netflix.discovery.shared.resolver.aws.ConfigClusterResolver:43] [,] - Resolving eureka endpoints via configuration
